Log file open, 02/10/22 22:57:20
LogWindows: Failed to load 'aqProf.dll' (GetLastError=126)
LogWindows: File 'aqProf.dll' does not exist
LogWindows: Failed to load 'VtuneApi.dll' (GetLastError=126)
LogWindows: File 'VtuneApi.dll' does not exist
LogWindows: Failed to load 'VtuneApi32e.dll' (GetLastError=126)
LogWindows: File 'VtuneApi32e.dll' does not exist
LogConsoleResponse: Display: Failed to find resolution value strings in scalability ini. Falling back to default.
LogConsoleResponse: Display: Failed to find resolution value strings in scalability ini. Falling back to default.
LogInit: Display: Running engine for game: Pinball
LogPlatformFile: Not using cached read wrapper
LogTaskGraph: Started task graph with 5 named threads and 26 total threads with 3 sets of task threads.
LogStats: Stats thread started at 0.220180
LogICUInternationalization: ICU TimeZone Detection - Raw Offset: +9:00, Platform Override: ''
LogInit: Display: Loading text-based GConfig....
LogPluginManager: Mounting plugin MeshPainting
LogPluginManager: Mounting plugin XGEController
LogPluginManager: Mounting plugin Paper2D
LogPluginManager: Mounting plugin LiveLink
LogPluginManager: Mounting plugin AISupport
LogPluginManager: Mounting plugin EnvironmentQueryEditor
LogPluginManager: Mounting plugin LightPropagationVolume
LogPluginManager: Mounting plugin AssetManagerEditor
LogPluginManager: Mounting plugin CryptoKeys
LogPluginManager: Mounting plugin CurveEditorTools
LogPluginManager: Mounting plugin DataValidation
LogPluginManager: Mounting plugin FacialAnimation
LogPluginManager: Mounting plugin GameplayTagsEditor
LogPluginManager: Mounting plugin GeometryMode
LogPluginManager: Mounting plugin MacGraphicsSwitching
LogPluginManager: Mounting plugin MaterialAnalyzer
LogPluginManager: Mounting plugin MobileLauncherProfileWizard
LogPluginManager: Mounting plugin PluginBrowser
LogPluginManager: Mounting plugin SpeedTreeImporter
LogPluginManager: Mounting plugin OodleData
LogPluginManager: Mounting plugin OodleNetwork
LogPluginManager: Mounting plugin DatasmithContent
LogPluginManager: Mounting plugin VariantManagerContent
LogPluginManager: Mounting plugin AlembicImporter
LogPluginManager: Mounting plugin AutomationUtils
LogPluginManager: Mounting plugin BackChannel
LogPluginManager: Mounting plugin ChaosClothEditor
LogPluginManager: Mounting plugin ChaosCloth
LogPluginManager: Mounting plugin ChaosEditor
LogPluginManager: Mounting plugin ChaosNiagara
LogPluginManager: Mounting plugin ChaosSolverPlugin
LogPluginManager: Mounting plugin CharacterAI
LogPluginManager: Mounting plugin AnimationSharing
LogPluginManager: Mounting plugin CLionSourceCodeAccess
LogPluginManager: Mounting plugin CodeLiteSourceCodeAccess
LogPluginManager: Mounting plugin GitSourceControl
LogPluginManager: Mounting plugin KDevelopSourceCodeAccess
LogPluginManager: Mounting plugin NullSourceCodeAccess
LogPluginManager: Mounting plugin GeometryCache
LogPluginManager: Mounting plugin PerforceSourceControl
LogPluginManager: Mounting plugin PixWinPlugin
LogPluginManager: Mounting plugin PlasticSourceControl
LogPluginManager: Mounting plugin GeometryCollectionPlugin
LogPluginManager: Mounting plugin PropertyAccessNode
LogPluginManager: Mounting plugin PluginUtils
LogPluginManager: Mounting plugin RiderSourceCodeAccess
LogPluginManager: Mounting plugin SubversionSourceControl
LogPluginManager: Mounting plugin TextureFormatOodle
LogPluginManager: Mounting plugin UObjectPlugin
LogPluginManager: Mounting plugin VisualStudioCodeSourceCodeAccess
LogPluginManager: Mounting plugin VisualStudioSourceCodeAccess
LogPluginManager: Mounting plugin XCodeSourceCodeAccess
LogPluginManager: Mounting plugin Niagara
LogPluginManager: Mounting plugin GeometryProcessing
LogPluginManager: Mounting plugin MotoSynth
LogPluginManager: Mounting plugin OpenImageDenoise
LogPluginManager: Mounting plugin PlanarCut
LogPluginManager: Mounting plugin PlatformCrypto
LogPluginManager: Mounting plugin ProxyLODPlugin
LogPluginManager: Mounting plugin PythonScriptPlugin
LogPluginManager: Mounting plugin SkeletalReduction
LogPluginManager: Mounting plugin CameraShakePreviewer
LogPluginManager: Mounting plugin GameplayCameras
LogPluginManager: Mounting plugin LuminPlatformFeatures
LogPluginManager: Mounting plugin MagicLeap
LogPluginManager: Mounting plugin MagicLeapLightEstimation
LogPluginManager: Mounting plugin MagicLeapMedia
LogPluginManager: Mounting plugin MagicLeapPassableWorld
LogPluginManager: Mounting plugin MLSDK
LogPluginManager: Mounting plugin AndroidMedia
LogPluginManager: Mounting plugin AvfMedia
LogPluginManager: Mounting plugin ImgMedia
LogPluginManager: Mounting plugin MediaCompositing
LogPluginManager: Mounting plugin MediaPlayerEditor
LogPluginManager: Mounting plugin WebMMedia
LogPluginManager: Mounting plugin WmfMedia
LogPluginManager: Mounting plugin UdpMessaging
LogPluginManager: Mounting plugin TcpMessaging
LogPluginManager: Mounting plugin ActorSequence
LogPluginManager: Mounting plugin LevelSequenceEditor
LogPluginManager: Mounting plugin MatineeToLevelSequence
LogPluginManager: Mounting plugin TemplateSequence
LogPluginManager: Mounting plugin OnlineSubsystem
LogPluginManager: Mounting plugin OnlineSubsystemNull
LogPluginManager: Mounting plugin OnlineSubsystemUtils
LogPluginManager: Mounting plugin LauncherChunkInstaller
LogPluginManager: Mounting plugin ActorLayerUtilities
LogPluginManager: Mounting plugin AndroidDeviceProfileSelector
LogPluginManager: Mounting plugin AndroidMoviePlayer
LogPluginManager: Mounting plugin AndroidPermission
LogPluginManager: Mounting plugin AppleImageUtils
LogPluginManager: Mounting plugin AssetTags
LogPluginManager: Mounting plugin ArchVisCharacter
LogPluginManager: Mounting plugin AudioCapture
LogPluginManager: Mounting plugin AppleMoviePlayer
LogPluginManager: Mounting plugin AudioSynesthesia
LogPluginManager: Mounting plugin CableComponent
LogPluginManager: Mounting plugin ChunkDownloader
LogPluginManager: Mounting plugin CustomMeshComponent
LogPluginManager: Mounting plugin EditableMesh
LogPluginManager: Mounting plugin ExampleDeviceProfileSelector
LogPluginManager: Mounting plugin GoogleCloudMessaging
LogPluginManager: Mounting plugin GooglePAD
LogPluginManager: Mounting plugin IOSDeviceProfileSelector
LogPluginManager: Mounting plugin LinuxDeviceProfileSelector
LogPluginManager: Mounting plugin LocationServicesBPLibrary
LogPluginManager: Mounting plugin MobilePatchingUtils
LogPluginManager: Mounting plugin OpenXR
LogPluginManager: Mounting plugin OpenXREyeTracker
LogPluginManager: Mounting plugin OpenXRHandTracking
LogPluginManager: Mounting plugin PhysXVehicles
LogPluginManager: Mounting plugin PostSplashScreen
LogPluginManager: Mounting plugin ProceduralMeshComponent
LogPluginManager: Mounting plugin PropertyAccessEditor
LogPluginManager: Mounting plugin RuntimePhysXCooking
LogPluginManager: Mounting plugin SignificanceManager
LogPluginManager: Mounting plugin SoundFields
LogPluginManager: Mounting plugin Synthesis
LogPluginManager: Mounting plugin WebMMoviePlayer
LogPluginManager: Mounting plugin WindowsMoviePlayer
LogPluginManager: Mounting plugin ScreenshotTools
LogPluginManager: Mounting plugin Takes
LogPluginManager: Mounting plugin ContentBrowserAssetDataSource
LogPluginManager: Mounting plugin ContentBrowserClassDataSource
LogPluginManager: Mounting plugin ContentBrowserFileDataSource
LogPluginManager: Mounting plugin OnlineSubsystemGooglePlay
LogPluginManager: Mounting plugin OnlineSubsystemIOS
LogPluginManager: Mounting plugin OculusVR
LogPluginManager: Mounting plugin SteamVR
PixWinPlugin: PIX capture plugin failed to initialize! Check that the process is launched from PIX.
LogInit: Using libcurl 7.55.1-DEV
LogInit:  - built for x86_64-pc-win32
LogInit:  - supports SSL with OpenSSL/1.1.1
LogInit:  - supports HTTP deflate (compression) using libz 1.2.8
LogInit:  - other features:
LogInit:      CURL_VERSION_SSL
LogInit:      CURL_VERSION_LIBZ
LogInit:      CURL_VERSION_IPV6
LogInit:      CURL_VERSION_ASYNCHDNS
LogInit:      CURL_VERSION_LARGEFILE
LogInit:      CURL_VERSION_IDN
LogInit:  CurlRequestOptions (configurable via config and command line):
LogInit:  - bVerifyPeer = true  - Libcurl will verify peer certificate
LogInit:  - bUseHttpProxy = false  - Libcurl will NOT use HTTP proxy
LogInit:  - bDontReuseConnections = false  - Libcurl will reuse connections
LogInit:  - MaxHostConnections = 16  - Libcurl will limit the number of connections to a host
LogInit:  - LocalHostAddr = Default
LogInit:  - BufferSize = 65536
LogOnline: OSS: Creating online subsystem instance for: NULL
LogInit: WinSock: version 1.1 (2.2), MaxSocks=32767, MaxUdp=65467
LogOnline: OSS: TryLoadSubsystemAndSetDefault: Loaded subsystem for module [NULL]
LogOculusPluginWrapper: OculusPlugin initialized successfully
LogHMD: Failed initializing OVRPlugin 1.59.0
LogInit: Build: ++UE4+Release-4.27-CL-17735300
LogInit: Engine Version: 4.27.1-17735300+++UE4+Release-4.27
LogInit: Compatible Engine Version: 4.27.0-17155196+++UE4+Release-4.27
LogInit: Net CL: 17155196
LogInit: OS: Windows 10 (Release 2009) (), CPU: Intel(R) Core(TM) i7-9700F CPU @ 3.00GHz, GPU: NVIDIA GeForce GTX 1660 SUPER
LogInit: Compiled (64-bit): Oct  6 2021 14:42:51
LogInit: Compiled with Visual C++: 19.24.28315.00
LogInit: Build Configuration: Development
LogInit: Branch Name: ++UE4+Release-4.27
LogInit: Command Line: 
LogInit: Base Directory: E:/Epic Games/UE_4.27/Engine/Binaries/Win64/
LogInit: Allocator: TBB
LogInit: Installed Engine Build: 1
LogDevObjectVersion: Number of dev versions registered: 29
LogDevObjectVersion:   Dev-Blueprints (B0D832E4-1F89-4F0D-ACCF-7EB736FD4AA2): 10
LogDevObjectVersion:   Dev-Build (E1C64328-A22C-4D53-A36C-8E866417BD8C): 0
LogDevObjectVersion:   Dev-Core (375EC13C-06E4-48FB-B500-84F0262A717E): 4
LogDevObjectVersion:   Dev-Editor (E4B068ED-F494-42E9-A231-DA0B2E46BB41): 40
LogDevObjectVersion:   Dev-Framework (CFFC743F-43B0-4480-9391-14DF171D2073): 37
LogDevObjectVersion:   Dev-Mobile (B02B49B5-BB20-44E9-A304-32B752E40360): 3
LogDevObjectVersion:   Dev-Networking (A4E4105C-59A1-49B5-A7C5-40C4547EDFEE): 0
LogDevObjectVersion:   Dev-Online (39C831C9-5AE6-47DC-9A44-9C173E1C8E7C): 0
LogDevObjectVersion:   Dev-Physics (78F01B33-EBEA-4F98-B9B4-84EACCB95AA2): 14
LogDevObjectVersion:   Dev-Platform (6631380F-2D4D-43E0-8009-CF276956A95A): 0
LogDevObjectVersion:   Dev-Rendering (12F88B9F-8875-4AFC-A67C-D90C383ABD29): 45
LogDevObjectVersion:   Dev-Sequencer (7B5AE74C-D270-4C10-A958-57980B212A5A): 13
LogDevObjectVersion:   Dev-VR (D7296918-1DD6-4BDD-9DE2-64A83CC13884): 3
LogDevObjectVersion:   Dev-LoadTimes (C2A15278-BFE7-4AFE-6C17-90FF531DF755): 1
LogDevObjectVersion:   Private-Geometry (6EACA3D4-40EC-4CC1-B786-8BED09428FC5): 3
LogDevObjectVersion:   Dev-AnimPhys (29E575DD-E0A3-4627-9D10-D276232CDCEA): 17
LogDevObjectVersion:   Dev-Anim (AF43A65D-7FD3-4947-9873-3E8ED9C1BB05): 15
LogDevObjectVersion:   Dev-ReflectionCapture (6B266CEC-1EC7-4B8F-A30B-E4D90942FC07): 1
LogDevObjectVersion:   Dev-Automation (0DF73D61-A23F-47EA-B727-89E90C41499A): 1
LogDevObjectVersion:   FortniteMain (601D1886-AC64-4F84-AA16-D3DE0DEAC7D6): 47
LogDevObjectVersion:   FortniteRelease (E7086368-6B23-4C58-8439-1B7016265E91): 1
LogDevObjectVersion:   Dev-Enterprise (9DFFBCD6-494F-0158-E221-12823C92A888): 10
LogDevObjectVersion:   Dev-Niagara (F2AED0AC-9AFE-416F-8664-AA7FFA26D6FC): 1
LogDevObjectVersion:   Dev-Destruction (174F1F0B-B4C6-45A5-B13F-2EE8D0FB917D): 10
LogDevObjectVersion:   Dev-Physics-Ext (35F94A83-E258-406C-A318-09F59610247C): 41
LogDevObjectVersion:   Dev-PhysicsMaterial-Chaos (B68FC16E-8B1B-42E2-B453-215C058844FE): 1
LogDevObjectVersion:   Dev-CineCamera (B2E18506-4273-CFC2-A54E-F4BB758BBA07): 1
LogDevObjectVersion:   Dev-VirtualProduction (64F58936-FD1B-42BA-BA96-7289D5D0FA4E): 1
LogDevObjectVersion:   Dev-MediaFramework (6F0ED827-A609-4895-9C91-998D90180EA4): 2
LogInit: Presizing for max 25165824 objects, including 0 objects not considered by GC, pre-allocating 0 bytes for permanent pool.
LogConfig: Applying CVar settings from Section [/Script/Engine.StreamingSettings] File [E:/Unreal Projects/Pinball/Saved/Config/Windows/Engine.ini]
LogConfig: Setting CVar [[s.MinBulkDataSizeForAsyncLoading:131072]]
LogConfig: Setting CVar [[s.AsyncLoadingThreadEnabled:0]]
LogConfig: Setting CVar [[s.EventDrivenLoaderEnabled:1]]
LogConfig: Setting CVar [[s.WarnIfTimeLimitExceeded:0]]
LogConfig: Setting CVar [[s.TimeLimitExceededMultiplier:1.5]]
LogConfig: Setting CVar [[s.TimeLimitExceededMinTime:0.005]]
LogConfig: Setting CVar [[s.UseBackgroundLevelStreaming:1]]
LogConfig: Setting CVar [[s.PriorityAsyncLoadingExtraTime:15.0]]
LogConfig: Setting CVar [[s.LevelStreamingActorsUpdateTimeLimit:5.0]]
LogConfig: Setting CVar [[s.PriorityLevelStreamingActorsUpdateExtraTime:5.0]]
LogConfig: Setting CVar [[s.LevelStreamingComponentsRegistrationGranularity:10]]
LogConfig: Setting CVar [[s.UnregisterComponentsTimeLimit:1.0]]
LogConfig: Setting CVar [[s.LevelStreamingComponentsUnregistrationGranularity:5]]
LogConfig: Setting CVar [[s.FlushStreamingOnExit:1]]
LogInit: Object subsystem initialized
LogConfig: Setting CVar [[con.DebugEarlyDefault:1]]
LogConfig: Setting CVar [[r.setres:1280x720]]
[2022.02.10-13.57.21:240][  0]LogConfig: Setting CVar [[r.VSync:0]]
[2022.02.10-13.57.21:240][  0]LogConfig: Setting CVar [[r.RHICmdBypass:0]]
[2022.02.10-13.57.21:240][  0]LogConfig: Applying CVar settings from Section [/Script/Engine.RendererSettings] File [E:/Unreal Projects/Pinball/Saved/Config/Windows/Engine.ini]
[2022.02.10-13.57.21:240][  0]LogConfig: Setting CVar [[r.GPUCrashDebugging:0]]
[2022.02.10-13.57.21:240][  0]LogConfig: Applying CVar settings from Section [/Script/Engine.RendererOverrideSettings] File [E:/Unreal Projects/Pinball/Saved/Config/Windows/Engine.ini]
[2022.02.10-13.57.21:240][  0]LogConfig: Applying CVar settings from Section [/Script/Engine.StreamingSettings] File [E:/Unreal Projects/Pinball/Saved/Config/Windows/Engine.ini]
[2022.02.10-13.57.21:240][  0]LogConfig: Setting CVar [[s.MinBulkDataSizeForAsyncLoading:131072]]
[2022.02.10-13.57.21:240][  0]LogConfig: Setting CVar [[s.AsyncLoadingThreadEnabled:0]]
[2022.02.10-13.57.21:240][  0]LogConfig: Setting CVar [[s.EventDrivenLoaderEnabled:1]]
[2022.02.10-13.57.21:240][  0]LogConfig: Setting CVar [[s.WarnIfTimeLimitExceeded:0]]
[2022.02.10-13.57.21:240][  0]LogConfig: Setting CVar [[s.TimeLimitExceededMultiplier:1.5]]
[2022.02.10-13.57.21:240][  0]LogConfig: Setting CVar [[s.TimeLimitExceededMinTime:0.005]]
[2022.02.10-13.57.21:240][  0]LogConfig: Setting CVar [[s.UseBackgroundLevelStreaming:1]]
[2022.02.10-13.57.21:240][  0]LogConfig: Setting CVar [[s.PriorityAsyncLoadingExtraTime:15.0]]
[2022.02.10-13.57.21:240][  0]LogConfig: Setting CVar [[s.LevelStreamingActorsUpdateTimeLimit:5.0]]
[2022.02.10-13.57.21:240][  0]LogConfig: Setting CVar [[s.PriorityLevelStreamingActorsUpdateExtraTime:5.0]]
[2022.02.10-13.57.21:240][  0]LogConfig: Setting CVar [[s.LevelStreamingComponentsRegistrationGranularity:10]]
[2022.02.10-13.57.21:240][  0]LogConfig: Setting CVar [[s.UnregisterComponentsTimeLimit:1.0]]
[2022.02.10-13.57.21:240][  0]LogConfig: Setting CVar [[s.LevelStreamingComponentsUnregistrationGranularity:5]]
[2022.02.10-13.57.21:240][  0]LogConfig: Setting CVar [[s.FlushStreamingOnExit:1]]
[2022.02.10-13.57.21:240][  0]LogConfig: Applying CVar settings from Section [/Script/Engine.GarbageCollectionSettings] File [E:/Unreal Projects/Pinball/Saved/Config/Windows/Engine.ini]
[2022.02.10-13.57.21:240][  0]LogConfig: Setting CVar [[gc.MaxObjectsNotConsideredByGC:1]]
[2022.02.10-13.57.21:240][  0]LogConfig: Setting CVar [[gc.SizeOfPermanentObjectPool:0]]
[2022.02.10-13.57.21:240][  0]LogConfig: Setting CVar [[gc.FlushStreamingOnGC:0]]
[2022.02.10-13.57.21:240][  0]LogConfig: Setting CVar [[gc.NumRetriesBeforeForcingGC:10]]
[2022.02.10-13.57.21:240][  0]LogConfig: Setting CVar [[gc.AllowParallelGC:1]]
[2022.02.10-13.57.21:240][  0]LogConfig: Setting CVar [[gc.TimeBetweenPurgingPendingKillObjects:61.1]]
[2022.02.10-13.57.21:240][  0]LogConfig: Setting CVar [[gc.MaxObjectsInEditor:25165824]]
[2022.02.10-13.57.21:240][  0]LogConfig: Setting CVar [[gc.IncrementalBeginDestroyEnabled:1]]
[2022.02.10-13.57.21:240][  0]LogConfig: Setting CVar [[gc.CreateGCClusters:1]]
[2022.02.10-13.57.21:240][  0]LogConfig: Setting CVar [[gc.MinGCClusterSize:5]]
[2022.02.10-13.57.21:240][  0]LogConfig: Setting CVar [[gc.ActorClusteringEnabled:0]]
[2022.02.10-13.57.21:240][  0]LogConfig: Setting CVar [[gc.BlueprintClusteringEnabled:0]]
[2022.02.10-13.57.21:240][  0]LogConfig: Setting CVar [[gc.UseDisregardForGCOnDedicatedServers:0]]
[2022.02.10-13.57.21:240][  0]LogConfig: Setting CVar [[gc.MultithreadedDestructionEnabled:1]]
[2022.02.10-13.57.21:240][  0]LogConfig: Applying CVar settings from Section [/Script/Engine.NetworkSettings] File [E:/Unreal Projects/Pinball/Saved/Config/Windows/Engine.ini]
[2022.02.10-13.57.21:240][  0]LogConfig: Applying CVar settings from Section [/Script/UnrealEd.CookerSettings] File [E:/Unreal Projects/Pinball/Saved/Config/Windows/Engine.ini]
[2022.02.10-13.57.21:293][  0]LogConfig: Applying CVar settings from Section [ViewDistanceQuality@3] File [E:/Unreal Projects/Pinball/Saved/Config/Windows/Scalability.ini]
[2022.02.10-13.57.21:293][  0]LogConfig: Setting CVar [[r.SkeletalMeshLODBias:0]]
[2022.02.10-13.57.21:293][  0]LogConfig: Setting CVar [[r.ViewDistanceScale:1.0]]
[2022.02.10-13.57.21:293][  0]LogConfig: Applying CVar settings from Section [AntiAliasingQuality@3] File [E:/Unreal Projects/Pinball/Saved/Config/Windows/Scalability.ini]
[2022.02.10-13.57.21:293][  0]LogConfig: Setting CVar [[r.PostProcessAAQuality:4]]
[2022.02.10-13.57.21:293][  0]LogConfig: Applying CVar settings from Section [ShadowQuality@3] File [E:/Unreal Projects/Pinball/Saved/Config/Windows/Scalability.ini]
[2022.02.10-13.57.21:293][  0]LogConfig: Setting CVar [[r.LightFunctionQuality:1]]
[2022.02.10-13.57.21:293][  0]LogConfig: Setting CVar [[r.ShadowQuality:5]]
[2022.02.10-13.57.21:293][  0]LogConfig: Setting CVar [[r.Shadow.CSM.MaxCascades:10]]
[2022.02.10-13.57.21:293][  0]LogConfig: Setting CVar [[r.Shadow.MaxResolution:2048]]
[2022.02.10-13.57.21:293][  0]LogConfig: Setting CVar [[r.Shadow.MaxCSMResolution:2048]]
[2022.02.10-13.57.21:293][  0]LogConfig: Setting CVar [[r.Shadow.RadiusThreshold:0.01]]
[2022.02.10-13.57.21:293][  0]LogConfig: Setting CVar [[r.Shadow.DistanceScale:1.0]]
[2022.02.10-13.57.21:293][  0]LogConfig: Setting CVar [[r.Shadow.CSM.TransitionScale:1.0]]
[2022.02.10-13.57.21:293][  0]LogConfig: Setting CVar [[r.Shadow.PreShadowResolutionFactor:1.0]]
[2022.02.10-13.57.21:293][  0]LogConfig: Setting CVar [[r.DistanceFieldShadowing:1]]
[2022.02.10-13.57.21:293][  0]LogConfig: Setting CVar [[r.DistanceFieldAO:1]]
[2022.02.10-13.57.21:293][  0]LogConfig: Setting CVar [[r.AOQuality:2]]
[2022.02.10-13.57.21:293][  0]LogConfig: Setting CVar [[r.VolumetricFog:1]]
[2022.02.10-13.57.21:293][  0]LogConfig: Setting CVar [[r.VolumetricFog.GridPixelSize:8]]
[2022.02.10-13.57.21:293][  0]LogConfig: Setting CVar [[r.VolumetricFog.GridSizeZ:128]]
[2022.02.10-13.57.21:293][  0]LogConfig: Setting CVar [[r.VolumetricFog.HistoryMissSupersampleCount:4]]
[2022.02.10-13.57.21:293][  0]LogConfig: Setting CVar [[r.LightMaxDrawDistanceScale:1]]
[2022.02.10-13.57.21:293][  0]LogConfig: Setting CVar [[r.CapsuleShadows:1]]
[2022.02.10-13.57.21:293][  0]LogConfig: Applying CVar settings from Section [PostProcessQuality@3] File [E:/Unreal Projects/Pinball/Saved/Config/Windows/Scalability.ini]
[2022.02.10-13.57.21:293][  0]LogConfig: Setting CVar [[r.MotionBlurQuality:4]]
[2022.02.10-13.57.21:293][  0]LogConfig: Setting CVar [[r.AmbientOcclusionMipLevelFactor:0.4]]
[2022.02.10-13.57.21:293][  0]LogConfig: Setting CVar [[r.AmbientOcclusionMaxQuality:100]]
[2022.02.10-13.57.21:293][  0]LogConfig: Setting CVar [[r.AmbientOcclusionLevels:-1]]
[2022.02.10-13.57.21:294][  0]LogConfig: Setting CVar [[r.AmbientOcclusionRadiusScale:1.0]]
[2022.02.10-13.57.21:294][  0]LogConfig: Setting CVar [[r.DepthOfFieldQuality:2]]
[2022.02.10-13.57.21:294][  0]LogConfig: Setting CVar [[r.RenderTargetPoolMin:400]]
[2022.02.10-13.57.21:294][  0]LogConfig: Setting CVar [[r.LensFlareQuality:2]]
[2022.02.10-13.57.21:294][  0]LogConfig: Setting CVar [[r.SceneColorFringeQuality:1]]
[2022.02.10-13.57.21:294][  0]LogConfig: Setting CVar [[r.EyeAdaptationQuality:2]]
[2022.02.10-13.57.21:294][  0]LogConfig: Setting CVar [[r.BloomQuality:5]]
[2022.02.10-13.57.21:294][  0]LogConfig: Setting CVar [[r.FastBlurThreshold:100]]
[2022.02.10-13.57.21:294][  0]LogConfig: Setting CVar [[r.Upscale.Quality:3]]
[2022.02.10-13.57.21:294][  0]LogConfig: Setting CVar [[r.Tonemapper.GrainQuantization:1]]
[2022.02.10-13.57.21:294][  0]LogConfig: Setting CVar [[r.LightShaftQuality:1]]
[2022.02.10-13.57.21:294][  0]LogConfig: Setting CVar [[r.Filter.SizeScale:1]]
[2022.02.10-13.57.21:294][  0]LogConfig: Setting CVar [[r.Tonemapper.Quality:5]]
[2022.02.10-13.57.21:294][  0]LogConfig: Setting CVar [[r.DOF.Gather.AccumulatorQuality:1        ; higher gathering accumulator quality]]
[2022.02.10-13.57.21:294][  0]LogConfig: Setting CVar [[r.DOF.Gather.PostfilterMethod:1          ; Median3x3 postfilering method]]
[2022.02.10-13.57.21:294][  0]LogConfig: Setting CVar [[r.DOF.Gather.EnableBokehSettings:0       ; no bokeh simulation when gathering]]
[2022.02.10-13.57.21:294][  0]LogConfig: Setting CVar [[r.DOF.Gather.RingCount:4                 ; medium number of samples when gathering]]
[2022.02.10-13.57.21:294][  0]LogConfig: Setting CVar [[r.DOF.Scatter.ForegroundCompositing:1    ; additive foreground scattering]]
[2022.02.10-13.57.21:294][  0]LogConfig: Setting CVar [[r.DOF.Scatter.BackgroundCompositing:2    ; additive background scattering]]
[2022.02.10-13.57.21:294][  0]LogConfig: Setting CVar [[r.DOF.Scatter.EnableBokehSettings:1      ; bokeh simulation when scattering]]
[2022.02.10-13.57.21:294][  0]LogConfig: Setting CVar [[r.DOF.Scatter.MaxSpriteRatio:0.1         ; only a maximum of 10% of scattered bokeh]]
[2022.02.10-13.57.21:294][  0]LogConfig: Setting CVar [[r.DOF.Recombine.Quality:1                ; cheap slight out of focus]]
[2022.02.10-13.57.21:294][  0]LogConfig: Setting CVar [[r.DOF.Recombine.EnableBokehSettings:0    ; no bokeh simulation on slight out of focus]]
[2022.02.10-13.57.21:294][  0]LogConfig: Setting CVar [[r.DOF.TemporalAAQuality:1                ; more stable temporal accumulation]]
[2022.02.10-13.57.21:294][  0]LogConfig: Setting CVar [[r.DOF.Kernel.MaxForegroundRadius:0.025]]
[2022.02.10-13.57.21:294][  0]LogConfig: Setting CVar [[r.DOF.Kernel.MaxBackgroundRadius:0.025]]
[2022.02.10-13.57.21:294][  0]LogConfig: Applying CVar settings from Section [TextureQuality@3] File [E:/Unreal Projects/Pinball/Saved/Config/Windows/Scalability.ini]
[2022.02.10-13.57.21:294][  0]LogConfig: Setting CVar [[r.Streaming.MipBias:0]]
[2022.02.10-13.57.21:294][  0]LogConfig: Setting CVar [[r.Streaming.AmortizeCPUToGPUCopy:0]]
[2022.02.10-13.57.21:294][  0]LogConfig: Setting CVar [[r.Streaming.MaxNumTexturesToStreamPerFrame:0]]
[2022.02.10-13.57.21:294][  0]LogConfig: Setting CVar [[r.Streaming.Boost:1]]
[2022.02.10-13.57.21:294][  0]LogConfig: Setting CVar [[r.MaxAnisotropy:8]]
[2022.02.10-13.57.21:294][  0]LogConfig: Setting CVar [[r.VT.MaxAnisotropy:8]]
[2022.02.10-13.57.21:294][  0]LogConfig: Setting CVar [[r.Streaming.LimitPoolSizeToVRAM:0]]
[2022.02.10-13.57.21:294][  0]LogConfig: Setting CVar [[r.Streaming.PoolSize:1000]]
[2022.02.10-13.57.21:294][  0]LogConfig: Setting CVar [[r.Streaming.MaxEffectiveScreenSize:0]]
[2022.02.10-13.57.21:294][  0]LogConfig: Applying CVar settings from Section [EffectsQuality@3] File [E:/Unreal Projects/Pinball/Saved/Config/Windows/Scalability.ini]
[2022.02.10-13.57.21:294][  0]LogConfig: Setting CVar [[r.TranslucencyLightingVolumeDim:64]]
[2022.02.10-13.57.21:294][  0]LogConfig: Setting CVar [[r.RefractionQuality:2]]
[2022.02.10-13.57.21:294][  0]LogConfig: Setting CVar [[r.SSR.Quality:3]]
[2022.02.10-13.57.21:294][  0]LogConfig: Setting CVar [[r.SSR.HalfResSceneColor:0]]
[2022.02.10-13.57.21:294][  0]LogConfig: Setting CVar [[r.SceneColorFormat:4]]
[2022.02.10-13.57.21:294][  0]LogConfig: Setting CVar [[r.DetailMode:2]]
[2022.02.10-13.57.21:294][  0]LogConfig: Setting CVar [[r.TranslucencyVolumeBlur:1]]
[2022.02.10-13.57.21:294][  0]LogConfig: Setting CVar [[r.MaterialQualityLevel:1 ; High quality]]
[2022.02.10-13.57.21:294][  0]LogConfig: Setting CVar [[r.AnisotropicMaterials:1]]
[2022.02.10-13.57.21:294][  0]LogConfig: Setting CVar [[r.SSS.Scale:1]]
[2022.02.10-13.57.21:294][  0]LogConfig: Setting CVar [[r.SSS.SampleSet:2]]
[2022.02.10-13.57.21:294][  0]LogConfig: Setting CVar [[r.SSS.Quality:1]]
[2022.02.10-13.57.21:294][  0]LogConfig: Setting CVar [[r.SSS.HalfRes:0]]
[2022.02.10-13.57.21:294][  0]LogConfig: Setting CVar [[r.SSGI.Quality:3]]
[2022.02.10-13.57.21:294][  0]LogConfig: Setting CVar [[r.EmitterSpawnRateScale:1.0]]
[2022.02.10-13.57.21:294][  0]LogConfig: Setting CVar [[r.ParticleLightQuality:2]]
[2022.02.10-13.57.21:294][  0]LogConfig: Setting CVar [[r.SkyAtmosphere.AerialPerspectiveLUT.FastApplyOnOpaque:1 ; Always have FastSkyLUT 1 in this case to avoid wrong sky]]
[2022.02.10-13.57.21:294][  0]LogConfig: Setting CVar [[r.SkyAtmosphere.AerialPerspectiveLUT.SampleCountMaxPerSlice:4]]
[2022.02.10-13.57.21:294][  0]LogConfig: Setting CVar [[r.SkyAtmosphere.AerialPerspectiveLUT.DepthResolution:16.0]]
[2022.02.10-13.57.21:294][  0]LogConfig: Setting CVar [[r.SkyAtmosphere.FastSkyLUT:1]]
[2022.02.10-13.57.21:294][  0]LogConfig: Setting CVar [[r.SkyAtmosphere.FastSkyLUT.SampleCountMin:4.0]]
[2022.02.10-13.57.21:294][  0]LogConfig: Setting CVar [[r.SkyAtmosphere.FastSkyLUT.SampleCountMax:128.0]]
[2022.02.10-13.57.21:294][  0]LogConfig: Setting CVar [[r.SkyAtmosphere.SampleCountMin:4.0]]
[2022.02.10-13.57.21:294][  0]LogConfig: Setting CVar [[r.SkyAtmosphere.SampleCountMax:128.0]]
[2022.02.10-13.57.21:294][  0]LogConfig: Setting CVar [[r.SkyAtmosphere.TransmittanceLUT.UseSmallFormat:0]]
[2022.02.10-13.57.21:294][  0]LogConfig: Setting CVar [[r.SkyAtmosphere.TransmittanceLUT.SampleCount:10.0]]
[2022.02.10-13.57.21:294][  0]LogConfig: Setting CVar [[r.SkyAtmosphere.MultiScatteringLUT.SampleCount:15.0]]
[2022.02.10-13.57.21:294][  0]LogConfig: Setting CVar [[r.SkyLight.RealTimeReflectionCapture:1]]
[2022.02.10-13.57.21:294][  0]LogConfig: Applying CVar settings from Section [FoliageQuality@3] File [E:/Unreal Projects/Pinball/Saved/Config/Windows/Scalability.ini]
[2022.02.10-13.57.21:294][  0]LogConfig: Setting CVar [[foliage.DensityScale:1.0]]
[2022.02.10-13.57.21:294][  0]LogConfig: Setting CVar [[grass.DensityScale:1.0]]
[2022.02.10-13.57.21:294][  0]LogConfig: Applying CVar settings from Section [ShadingQuality@3] File [E:/Unreal Projects/Pinball/Saved/Config/Windows/Scalability.ini]
[2022.02.10-13.57.21:294][  0]LogConfig: Setting CVar [[r.HairStrands.SkyLighting.IntegrationType:2]]
[2022.02.10-13.57.21:294][  0]LogConfig: Setting CVar [[r.HairStrands.SkyAO.SampleCount:4]]
[2022.02.10-13.57.21:294][  0]LogConfig: Setting CVar [[r.HairStrands.Visibility.MSAA.SamplePerPixel:4]]
[2022.02.10-13.57.21:294][  0]LogInit: Selected Device Profile: [Windows]
[2022.02.10-13.57.21:294][  0]LogInit: Applying CVar settings loaded from the selected device profile: [Windows]
[2022.02.10-13.57.21:294][  0]LogHAL: Display: Platform has ~ 16 GB [17106583552 / 17179869184 / 16], which maps to Larger [LargestMinGB=32, LargerMinGB=12, DefaultMinGB=8, SmallerMinGB=6, SmallestMinGB=0)
[2022.02.10-13.57.21:294][  0]LogInit: Going up to parent DeviceProfile []
[2022.02.10-13.57.21:294][  0]LogConfig: Applying CVar settings from Section [ViewDistanceQuality@3] File [E:/Unreal Projects/Pinball/Saved/Config/Windows/Scalability.ini]
[2022.02.10-13.57.21:295][  0]LogConfig: Setting CVar [[r.SkeletalMeshLODBias:0]]
[2022.02.10-13.57.21:295][  0]LogConfig: Setting CVar [[r.ViewDistanceScale:1.0]]
[2022.02.10-13.57.21:295][  0]LogConfig: Applying CVar settings from Section [AntiAliasingQuality@3] File [E:/Unreal Projects/Pinball/Saved/Config/Windows/Scalability.ini]
[2022.02.10-13.57.21:295][  0]LogConfig: Setting CVar [[r.PostProcessAAQuality:4]]
[2022.02.10-13.57.21:295][  0]LogConfig: Applying CVar settings from Section [ShadowQuality@3] File [E:/Unreal Projects/Pinball/Saved/Config/Windows/Scalability.ini]
[2022.02.10-13.57.21:295][  0]LogConfig: Setting CVar [[r.LightFunctionQuality:1]]
[2022.02.10-13.57.21:295][  0]LogConfig: Setting CVar [[r.ShadowQuality:5]]
[2022.02.10-13.57.21:295][  0]LogConfig: Setting CVar [[r.Shadow.CSM.MaxCascades:10]]
[2022.02.10-13.57.21:295][  0]LogConfig: Setting CVar [[r.Shadow.MaxResolution:2048]]
[2022.02.10-13.57.21:295][  0]LogConfig: Setting CVar [[r.Shadow.MaxCSMResolution:2048]]
[2022.02.10-13.57.21:295][  0]LogConfig: Setting CVar [[r.Shadow.RadiusThreshold:0.01]]
[2022.02.10-13.57.21:295][  0]LogConfig: Setting CVar [[r.Shadow.DistanceScale:1.0]]
[2022.02.10-13.57.21:295][  0]LogConfig: Setting CVar [[r.Shadow.CSM.TransitionScale:1.0]]
[2022.02.10-13.57.21:295][  0]LogConfig: Setting CVar [[r.Shadow.PreShadowResolutionFactor:1.0]]
[2022.02.10-13.57.21:295][  0]LogConfig: Setting CVar [[r.DistanceFieldShadowing:1]]
[2022.02.10-13.57.21:295][  0]LogConfig: Setting CVar [[r.DistanceFieldAO:1]]
[2022.02.10-13.57.21:295][  0]LogConfig: Setting CVar [[r.AOQuality:2]]
[2022.02.10-13.57.21:295][  0]LogConfig: Setting CVar [[r.VolumetricFog:1]]
[2022.02.10-13.57.21:295][  0]LogConfig: Setting CVar [[r.VolumetricFog.GridPixelSize:8]]
[2022.02.10-13.57.21:295][  0]LogConfig: Setting CVar [[r.VolumetricFog.GridSizeZ:128]]
[2022.02.10-13.57.21:295][  0]LogConfig: Setting CVar [[r.VolumetricFog.HistoryMissSupersampleCount:4]]
[2022.02.10-13.57.21:295][  0]LogConfig: Setting CVar [[r.LightMaxDrawDistanceScale:1]]
[2022.02.10-13.57.21:295][  0]LogConfig: Setting CVar [[r.CapsuleShadows:1]]
[2022.02.10-13.57.21:295][  0]LogConfig: Applying CVar settings from Section [PostProcessQuality@3] File [E:/Unreal Projects/Pinball/Saved/Config/Windows/Scalability.ini]
[2022.02.10-13.57.21:295][  0]LogConfig: Setting CVar [[r.MotionBlurQuality:4]]
[2022.02.10-13.57.21:295][  0]LogConfig: Setting CVar [[r.AmbientOcclusionMipLevelFactor:0.4]]
[2022.02.10-13.57.21:295][  0]LogConfig: Setting CVar [[r.AmbientOcclusionMaxQuality:100]]
[2022.02.10-13.57.21:295][  0]LogConfig: Setting CVar [[r.AmbientOcclusionLevels:-1]]
[2022.02.10-13.57.21:295][  0]LogConfig: Setting CVar [[r.AmbientOcclusionRadiusScale:1.0]]
[2022.02.10-13.57.21:295][  0]LogConfig: Setting CVar [[r.DepthOfFieldQuality:2]]
[2022.02.10-13.57.21:295][  0]LogConfig: Setting CVar [[r.RenderTargetPoolMin:400]]
[2022.02.10-13.57.21:295][  0]LogConfig: Setting CVar [[r.LensFlareQuality:2]]
[2022.02.10-13.57.21:295][  0]LogConfig: Setting CVar [[r.SceneColorFringeQuality:1]]
[2022.02.10-13.57.21:295][  0]LogConfig: Setting CVar [[r.EyeAdaptationQuality:2]]
[2022.02.10-13.57.21:295][  0]LogConfig: Setting CVar [[r.BloomQuality:5]]
[2022.02.10-13.57.21:295][  0]LogConfig: Setting CVar [[r.FastBlurThreshold:100]]
[2022.02.10-13.57.21:295][  0]LogConfig: Setting CVar [[r.Upscale.Quality:3]]
[2022.02.10-13.57.21:295][  0]LogConfig: Setting CVar [[r.Tonemapper.GrainQuantization:1]]
[2022.02.10-13.57.21:295][  0]LogConfig: Setting CVar [[r.LightShaftQuality:1]]
[2022.02.10-13.57.21:295][  0]LogConfig: Setting CVar [[r.Filter.SizeScale:1]]
[2022.02.10-13.57.21:295][  0]LogConfig: Setting CVar [[r.Tonemapper.Quality:5]]
[2022.02.10-13.57.21:295][  0]LogConfig: Setting CVar [[r.DOF.Gather.AccumulatorQuality:1        ; higher gathering accumulator quality]]
[2022.02.10-13.57.21:295][  0]LogConfig: Setting CVar [[r.DOF.Gather.PostfilterMethod:1          ; Median3x3 postfilering method]]
[2022.02.10-13.57.21:295][  0]LogConfig: Setting CVar [[r.DOF.Gather.EnableBokehSettings:0       ; no bokeh simulation when gathering]]
[2022.02.10-13.57.21:295][  0]LogConfig: Setting CVar [[r.DOF.Gather.RingCount:4                 ; medium number of samples when gathering]]
[2022.02.10-13.57.21:295][  0]LogConfig: Setting CVar [[r.DOF.Scatter.ForegroundCompositing:1    ; additive foreground scattering]]
[2022.02.10-13.57.21:295][  0]LogConfig: Setting CVar [[r.DOF.Scatter.BackgroundCompositing:2    ; additive background scattering]]
[2022.02.10-13.57.21:295][  0]LogConfig: Setting CVar [[r.DOF.Scatter.EnableBokehSettings:1      ; bokeh simulation when scattering]]
[2022.02.10-13.57.21:295][  0]LogConfig: Setting CVar [[r.DOF.Scatter.MaxSpriteRatio:0.1         ; only a maximum of 10% of scattered bokeh]]
[2022.02.10-13.57.21:295][  0]LogConfig: Setting CVar [[r.DOF.Recombine.Quality:1                ; cheap slight out of focus]]
[2022.02.10-13.57.21:295][  0]LogConfig: Setting CVar [[r.DOF.Recombine.EnableBokehSettings:0    ; no bokeh simulation on slight out of focus]]
[2022.02.10-13.57.21:295][  0]LogConfig: Setting CVar [[r.DOF.TemporalAAQuality:1                ; more stable temporal accumulation]]
[2022.02.10-13.57.21:295][  0]LogConfig: Setting CVar [[r.DOF.Kernel.MaxForegroundRadius:0.025]]
[2022.02.10-13.57.21:295][  0]LogConfig: Setting CVar [[r.DOF.Kernel.MaxBackgroundRadius:0.025]]
[2022.02.10-13.57.21:295][  0]LogConfig: Applying CVar settings from Section [TextureQuality@3] File [E:/Unreal Projects/Pinball/Saved/Config/Windows/Scalability.ini]
[2022.02.10-13.57.21:295][  0]LogConfig: Setting CVar [[r.Streaming.MipBias:0]]
[2022.02.10-13.57.21:295][  0]LogConfig: Setting CVar [[r.Streaming.AmortizeCPUToGPUCopy:0]]
[2022.02.10-13.57.21:295][  0]LogConfig: Setting CVar [[r.Streaming.MaxNumTexturesToStreamPerFrame:0]]
[2022.02.10-13.57.21:295][  0]LogConfig: Setting CVar [[r.Streaming.Boost:1]]
[2022.02.10-13.57.21:295][  0]LogConfig: Setting CVar [[r.MaxAnisotropy:8]]
[2022.02.10-13.57.21:295][  0]LogConfig: Setting CVar [[r.VT.MaxAnisotropy:8]]
[2022.02.10-13.57.21:295][  0]LogConfig: Setting CVar [[r.Streaming.LimitPoolSizeToVRAM:0]]
[2022.02.10-13.57.21:295][  0]LogConfig: Setting CVar [[r.Streaming.PoolSize:1000]]
[2022.02.10-13.57.21:295][  0]LogConfig: Setting CVar [[r.Streaming.MaxEffectiveScreenSize:0]]
[2022.02.10-13.57.21:295][  0]LogConfig: Applying CVar settings from Section [EffectsQuality@3] File [E:/Unreal Projects/Pinball/Saved/Config/Windows/Scalability.ini]
[2022.02.10-13.57.21:295][  0]LogConfig: Setting CVar [[r.TranslucencyLightingVolumeDim:64]]
[2022.02.10-13.57.21:295][  0]LogConfig: Setting CVar [[r.RefractionQuality:2]]
[2022.02.10-13.57.21:295][  0]LogConfig: Setting CVar [[r.SSR.Quality:3]]
[2022.02.10-13.57.21:295][  0]LogConfig: Setting CVar [[r.SSR.HalfResSceneColor:0]]
[2022.02.10-13.57.21:295][  0]LogConfig: Setting CVar [[r.SceneColorFormat:4]]
[2022.02.10-13.57.21:295][  0]LogConfig: Setting CVar [[r.DetailMode:2]]
[2022.02.10-13.57.21:295][  0]LogConfig: Setting CVar [[r.TranslucencyVolumeBlur:1]]
[2022.02.10-13.57.21:295][  0]LogConfig: Setting CVar [[r.MaterialQualityLevel:1 ; High quality]]
[2022.02.10-13.57.21:295][  0]LogConfig: Setting CVar [[r.AnisotropicMaterials:1]]
[2022.02.10-13.57.21:295][  0]LogConfig: Setting CVar [[r.SSS.Scale:1]]
[2022.02.10-13.57.21:295][  0]LogConfig: Setting CVar [[r.SSS.SampleSet:2]]
[2022.02.10-13.57.21:295][  0]LogConfig: Setting CVar [[r.SSS.Quality:1]]
[2022.02.10-13.57.21:295][  0]LogConfig: Setting CVar [[r.SSS.HalfRes:0]]
[2022.02.10-13.57.21:295][  0]LogConfig: Setting CVar [[r.SSGI.Quality:3]]
[2022.02.10-13.57.21:295][  0]LogConfig: Setting CVar [[r.EmitterSpawnRateScale:1.0]]
[2022.02.10-13.57.21:295][  0]LogConfig: Setting CVar [[r.ParticleLightQuality:2]]
[2022.02.10-13.57.21:295][  0]LogConfig: Setting CVar [[r.SkyAtmosphere.AerialPerspectiveLUT.FastApplyOnOpaque:1 ; Always have FastSkyLUT 1 in this case to avoid wrong sky]]
[2022.02.10-13.57.21:295][  0]LogConfig: Setting CVar [[r.SkyAtmosphere.AerialPerspectiveLUT.SampleCountMaxPerSlice:4]]
[2022.02.10-13.57.21:295][  0]LogConfig: Setting CVar [[r.SkyAtmosphere.AerialPerspectiveLUT.DepthResolution:16.0]]
[2022.02.10-13.57.21:295][  0]LogConfig: Setting CVar [[r.SkyAtmosphere.FastSkyLUT:1]]
[2022.02.10-13.57.21:295][  0]LogConfig: Setting CVar [[r.SkyAtmosphere.FastSkyLUT.SampleCountMin:4.0]]
[2022.02.10-13.57.21:295][  0]LogConfig: Setting CVar [[r.SkyAtmosphere.FastSkyLUT.SampleCountMax:128.0]]
[2022.02.10-13.57.21:295][  0]LogConfig: Setting CVar [[r.SkyAtmosphere.SampleCountMin:4.0]]
[2022.02.10-13.57.21:295][  0]LogConfig: Setting CVar [[r.SkyAtmosphere.SampleCountMax:128.0]]
[2022.02.10-13.57.21:295][  0]LogConfig: Setting CVar [[r.SkyAtmosphere.TransmittanceLUT.UseSmallFormat:0]]
[2022.02.10-13.57.21:295][  0]LogConfig: Setting CVar [[r.SkyAtmosphere.TransmittanceLUT.SampleCount:10.0]]
[2022.02.10-13.57.21:295][  0]LogConfig: Setting CVar [[r.SkyAtmosphere.MultiScatteringLUT.SampleCount:15.0]]
[2022.02.10-13.57.21:295][  0]LogConfig: Setting CVar [[r.SkyLight.RealTimeReflectionCapture:1]]
[2022.02.10-13.57.21:295][  0]LogConfig: Applying CVar settings from Section [FoliageQuality@3] File [E:/Unreal Projects/Pinball/Saved/Config/Windows/Scalability.ini]
[2022.02.10-13.57.21:295][  0]LogConfig: Setting CVar [[foliage.DensityScale:1.0]]
[2022.02.10-13.57.21:295][  0]LogConfig: Setting CVar [[grass.DensityScale:1.0]]
[2022.02.10-13.57.21:295][  0]LogConfig: Applying CVar settings from Section [ShadingQuality@3] File [E:/Unreal Projects/Pinball/Saved/Config/Windows/Scalability.ini]
[2022.02.10-13.57.21:296][  0]LogConfig: Setting CVar [[r.HairStrands.SkyLighting.IntegrationType:2]]
[2022.02.10-13.57.21:296][  0]LogConfig: Setting CVar [[r.HairStrands.SkyAO.SampleCount:4]]
[2022.02.10-13.57.21:296][  0]LogConfig: Setting CVar [[r.HairStrands.Visibility.MSAA.SamplePerPixel:4]]
[2022.02.10-13.57.21:296][  0]LogConfig: Applying CVar settings from Section [Startup] File [../../../Engine/Config/ConsoleVariables.ini]
[2022.02.10-13.57.21:296][  0]LogConfig: Setting CVar [[net.UseAdaptiveNetUpdateFrequency:0]]
[2022.02.10-13.57.21:296][  0]LogConfig: Setting CVar [[p.chaos.AllowCreatePhysxBodies:1]]
[2022.02.10-13.57.21:296][  0]LogConfig: Setting CVar [[fx.SkipVectorVMBackendOptimizations:1]]
[2022.02.10-13.57.21:296][  0]LogConfig: Applying CVar settings from Section [ConsoleVariables] File [E:/Unreal Projects/Pinball/Saved/Config/Windows/Engine.ini]
[2022.02.10-13.57.21:296][  0]LogConfig: Applying CVar settings from Section [ConsoleVariables] File [E:/Unreal Projects/Pinball/Saved/Config/Windows/Editor.ini]
[2022.02.10-13.57.21:296][  0]LogInit: Computer: DESKTOP-54E84FH
[2022.02.10-13.57.21:296][  0]LogInit: User: tlgns
[2022.02.10-13.57.21:296][  0]LogInit: CPU Page size=4096, Cores=8
[2022.02.10-13.57.21:296][  0]LogInit: High frequency timer resolution =10.000000 MHz
[2022.02.10-13.57.21:296][  0]LogMemory: Memory total: Physical=15.9GB (16GB approx)
[2022.02.10-13.57.21:296][  0]LogMemory: Platform Memory Stats for Windows
[2022.02.10-13.57.21:296][  0]LogMemory: Process Physical Memory: 146.73 MB used, 146.74 MB peak
[2022.02.10-13.57.21:296][  0]LogMemory: Process Virtual Memory: 128.65 MB used, 128.65 MB peak
[2022.02.10-13.57.21:296][  0]LogMemory: Physical Memory: 8403.18 MB used,  7910.93 MB free, 16314.11 MB total
[2022.02.10-13.57.21:296][  0]LogMemory: Virtual Memory: 134212288.00 MB used,  5441.42 MB free, 134217728.00 MB total
[2022.02.10-13.57.21:304][  0]LogWindows: WindowsPlatformFeatures enabled
[2022.02.10-13.57.21:399][  0]LogInit: Physics initialised using underlying interface: PhysX
[2022.02.10-13.57.21:400][  0]LogInit: Using OS detected language (en-US).
[2022.02.10-13.57.21:400][  0]LogInit: Using OS detected locale (en-US).
[2022.02.10-13.57.21:402][  0]LogTextLocalizationManager: No specific localization for 'en-US' exists, so the 'en' localization will be used.
[2022.02.10-13.57.21:575][  0]LogInit: Setting process to per monitor DPI aware
[2022.02.10-13.57.21:637][  0]LogWindowsTextInputMethodSystem: Display: IME system deactivated.
[2022.02.10-13.57.21:656][  0]LogSlate: New Slate User Created.  User Index 0, Is Virtual User: 0
[2022.02.10-13.57.21:656][  0]LogSlate: Slate User Registered.  User Index 0, Is Virtual User: 0
[2022.02.10-13.57.21:837][  0]LogD3D11RHI: Loaded GFSDK_Aftermath_Lib.x64.dll
[2022.02.10-13.57.21:841][  0]LogHMD: Failed to initialize OpenVR with code 110
[2022.02.10-13.57.21:841][  0]LogD3D11RHI: D3D11 min allowed feature level: 11_0
[2022.02.10-13.57.21:841][  0]LogD3D11RHI: D3D11 max allowed feature level: 11_0
[2022.02.10-13.57.21:841][  0]LogD3D11RHI: D3D11 adapters:
[2022.02.10-13.57.21:997][  0]LogD3D11RHI:    0. 'NVIDIA GeForce GTX 1660 SUPER' (Feature Level 11_0)
[2022.02.10-13.57.21:997][  0]LogD3D11RHI:       5991/0/8157 MB DedicatedVideo/DedicatedSystem/SharedSystem, Outputs:2, VendorId:0x10de
[2022.02.10-13.57.22:000][  0]LogD3D11RHI:    1. 'Microsoft Basic Render Driver' (Feature Level 11_0)
[2022.02.10-13.57.22:000][  0]LogD3D11RHI:       0/0/8157 MB DedicatedVideo/DedicatedSystem/SharedSystem, Outputs:0, VendorId:0x1414
[2022.02.10-13.57.22:000][  0]LogD3D11RHI: Chosen D3D11 Adapter:
[2022.02.10-13.57.22:000][  0]LogD3D11RHI:     Description : NVIDIA GeForce GTX 1660 SUPER
[2022.02.10-13.57.22:000][  0]LogD3D11RHI:     VendorId    : 10de
[2022.02.10-13.57.22:000][  0]LogD3D11RHI:     DeviceId    : 21c4
[2022.02.10-13.57.22:000][  0]LogD3D11RHI:     SubSysId    : 13d310de
[2022.02.10-13.57.22:000][  0]LogD3D11RHI:     Revision    : 00a1
[2022.02.10-13.57.22:000][  0]LogD3D11RHI:     DedicatedVideoMemory : 6282018816 bytes
[2022.02.10-13.57.22:000][  0]LogD3D11RHI:     DedicatedSystemMemory : 0 bytes
[2022.02.10-13.57.22:000][  0]LogD3D11RHI:     SharedSystemMemory : 8553291776 bytes
[2022.02.10-13.57.22:000][  0]LogD3D11RHI:     AdapterLuid : 0 43330
[2022.02.10-13.57.22:006][  0]LogD3D11RHI: Creating new Direct3DDevice
[2022.02.10-13.57.22:006][  0]LogD3D11RHI:     GPU DeviceId: 0x21c4 (for the marketing name, search the web for "GPU Device Id")
[2022.02.10-13.57.22:006][  0]LogWindows: EnumDisplayDevices:
[2022.02.10-13.57.22:006][  0]LogWindows:    0. 'NVIDIA GeForce GTX 1660 SUPER' (P:1 D:1)
[2022.02.10-13.57.22:006][  0]LogWindows:    1. 'NVIDIA GeForce GTX 1660 SUPER' (P:0 D:1)
[2022.02.10-13.57.22:007][  0]LogWindows:    2. 'NVIDIA GeForce GTX 1660 SUPER' (P:0 D:0)
[2022.02.10-13.57.22:009][  0]LogWindows:    3. 'NVIDIA GeForce GTX 1660 SUPER' (P:0 D:0)
[2022.02.10-13.57.22:009][  0]LogWindows: DebugString: FoundDriverCount:4 
[2022.02.10-13.57.22:009][  0]LogD3D11RHI:     Adapter Name: NVIDIA GeForce GTX 1660 SUPER
[2022.02.10-13.57.22:009][  0]LogD3D11RHI:   Driver Version: 497.09 (internal:30.0.14.9709, unified:497.09)
[2022.02.10-13.57.22:009][  0]LogD3D11RHI:      Driver Date: 11-26-2021
[2022.02.10-13.57.22:009][  0]LogRHI: Texture pool is 4193 MB (70% of 5991 MB)
[2022.02.10-13.57.22:009][  0]LogD3D11RHI: Creating D3DDevice using adapter:
[2022.02.10-13.57.22:009][  0]LogD3D11RHI:     Description : NVIDIA GeForce GTX 1660 SUPER
[2022.02.10-13.57.22:009][  0]LogD3D11RHI:     VendorId    : 10de
[2022.02.10-13.57.22:009][  0]LogD3D11RHI:     DeviceId    : 21c4
[2022.02.10-13.57.22:009][  0]LogD3D11RHI:     SubSysId    : 13d310de
[2022.02.10-13.57.22:009][  0]LogD3D11RHI:     Revision    : 00a1
[2022.02.10-13.57.22:009][  0]LogD3D11RHI:     DedicatedVideoMemory : 6282018816 bytes
[2022.02.10-13.57.22:009][  0]LogD3D11RHI:     DedicatedSystemMemory : 0 bytes
[2022.02.10-13.57.22:009][  0]LogD3D11RHI:     SharedSystemMemory : 8553291776 bytes
[2022.02.10-13.57.22:009][  0]LogD3D11RHI:     AdapterLuid : 0 43330
[2022.02.10-13.57.22:069][  0]LogD3D11RHI: RHI has support for 64 bit atomics
[2022.02.10-13.57.22:069][  0]LogD3D11RHI: Async texture creation enabled
[2022.02.10-13.57.22:069][  0]LogD3D11RHI: Array index from any shader is supported
[2022.02.10-13.57.22:072][  0]LogD3D11RHI: HDR output is supported on display 0 (NvId: 0x80061082).
[2022.02.10-13.57.22:096][  0]LogD3D11RHI: GPU Timing Frequency: 1000.000000 (Debug: 2 1)
[2022.02.10-13.57.22:168][  0]LogRHI: GeForceNow SDK initialized: 1
[2022.02.10-13.57.22:500][  0]LogTargetPlatformManager: Display: Loaded TargetPlatform 'AllDesktop'
[2022.02.10-13.57.22:518][  0]LogTargetPlatformManager: Display: Loaded TargetPlatform 'Android'
[2022.02.10-13.57.22:518][  0]LogTargetPlatformManager: Display: Loaded TargetPlatform 'Android_ASTC'
[2022.02.10-13.57.22:518][  0]LogTargetPlatformManager: Display: Loaded TargetPlatform 'Android_DXT'
[2022.02.10-13.57.22:518][  0]LogTargetPlatformManager: Display: Loaded TargetPlatform 'Android_ETC2'
[2022.02.10-13.57.22:518][  0]LogTargetPlatformManager: Display: Loaded TargetPlatform 'AndroidClient'
[2022.02.10-13.57.22:518][  0]LogTargetPlatformManager: Display: Loaded TargetPlatform 'Android_ASTCClient'
[2022.02.10-13.57.22:518][  0]LogTargetPlatformManager: Display: Loaded TargetPlatform 'Android_DXTClient'
[2022.02.10-13.57.22:518][  0]LogTargetPlatformManager: Display: Loaded TargetPlatform 'Android_ETC2Client'
[2022.02.10-13.57.22:519][  0]LogTargetPlatformManager: Display: Loaded TargetPlatform 'Android_Multi'
[2022.02.10-13.57.22:519][  0]LogTargetPlatformManager: Display: Loaded TargetPlatform 'Android_MultiClient'
[2022.02.10-13.57.22:537][  0]LogTargetPlatformManager: Display: Loaded TargetPlatform 'IOSClient'
[2022.02.10-13.57.22:537][  0]LogTargetPlatformManager: Display: Loaded TargetPlatform 'IOS'
[2022.02.10-13.57.22:546][  0]LogTargetPlatformManager: Display: Loaded TargetPlatform 'Linux'
[2022.02.10-13.57.22:551][  0]LogTargetPlatformManager: Display: Loaded TargetPlatform 'LinuxNoEditor'
[2022.02.10-13.57.22:556][  0]LogTargetPlatformManager: Display: Loaded TargetPlatform 'LinuxClient'
[2022.02.10-13.57.22:560][  0]LogTargetPlatformManager: Display: Loaded TargetPlatform 'LinuxServer'
[2022.02.10-13.57.22:569][  0]LogTargetPlatformManager: Display: Loaded TargetPlatform 'LinuxAArch64NoEditor'
[2022.02.10-13.57.22:574][  0]LogTargetPlatformManager: Display: Loaded TargetPlatform 'LinuxAArch64Client'
[2022.02.10-13.57.22:579][  0]LogTargetPlatformManager: Display: Loaded TargetPlatform 'LinuxAArch64Server'
[2022.02.10-13.57.22:601][  0]LogTargetPlatformManager: Display: Loaded TargetPlatform 'Lumin'
[2022.02.10-13.57.22:601][  0]LogTargetPlatformManager: Display: Loaded TargetPlatform 'LuminClient'
[2022.02.10-13.57.22:609][  0]LogTargetPlatformManager: Display: Loaded TargetPlatform 'MacNoEditor'
[2022.02.10-13.57.22:614][  0]LogTargetPlatformManager: Display: Loaded TargetPlatform 'Mac'
[2022.02.10-13.57.22:618][  0]LogTargetPlatformManager: Display: Loaded TargetPlatform 'MacClient'
[2022.02.10-13.57.22:623][  0]LogTargetPlatformManager: Display: Loaded TargetPlatform 'MacServer'
[2022.02.10-13.57.22:632][  0]LogTargetPlatformManager: Display: Loaded TargetPlatform 'TVOSClient'
[2022.02.10-13.57.22:632][  0]LogTargetPlatformManager: Display: Loaded TargetPlatform 'TVOS'
[2022.02.10-13.57.22:641][  0]LogTargetPlatformManager: Display: Loaded TargetPlatform 'WindowsNoEditor'
[2022.02.10-13.57.22:645][  0]LogTargetPlatformManager: Display: Loaded TargetPlatform 'Windows'
[2022.02.10-13.57.22:650][  0]LogTargetPlatformManager: Display: Loaded TargetPlatform 'WindowsClient'
[2022.02.10-13.57.22:655][  0]LogTargetPlatformManager: Display: Loaded TargetPlatform 'WindowsServer'
[2022.02.10-13.57.22:655][  0]LogTargetPlatformManager: Display: Building Assets For Windows
[2022.02.10-13.57.22:664][  0]LogAudioDebug: Display: Lib vorbis DLL was dynamically loaded.
[2022.02.10-13.57.22:700][  0]LogTextureFormatOodle: Display: Oodle Texture 2.9.0 init RDO Off
[2022.02.10-13.57.22:737][  0]LogRendererCore: Ray tracing is disabled. Reason: r.RayTracing=0.
[2022.02.10-13.57.22:737][  0]LogShaderCompilers: Guid format shader working directory is 7 characters bigger than the processId version (../../../../../Unreal Projects/Pinball/Intermediate/Shaders/WorkingDirectory/41448/).
[2022.02.10-13.57.22:737][  0]LogShaderCompilers: Cleaned the shader compiler working directory 'C:/Users/tlgns/AppData/Local/Temp/UnrealShaderWorkingDir/495405AC4BA80A9F738F7587A34ADC20/'.
[2022.02.10-13.57.22:737][  0]LogXGEController: Cannot use XGE Controller as Incredibuild is not installed on this machine.
[2022.02.10-13.57.22:737][  0]LogShaderCompilers: Cannot use XGE Shader Compiler as Incredibuild is not installed on this machine.
[2022.02.10-13.57.22:737][  0]LogShaderCompilers: Display: Using Local Shader Compiler.
[2022.02.10-13.57.23:422][  0]LogDerivedDataCache: Display: Max Cache Size: 512 MB
[2022.02.10-13.57.23:472][  0]LogDerivedDataCache: Loaded boot cache 0.05s 94MB C:/Users/tlgns/AppData/Local/UnrealEngine/4.27/DerivedDataCache/Boot.ddc.
[2022.02.10-13.57.23:472][  0]LogDerivedDataCache: Display: Loaded Boot cache: C:/Users/tlgns/AppData/Local/UnrealEngine/4.27/DerivedDataCache/Boot.ddc
[2022.02.10-13.57.23:472][  0]LogDerivedDataCache: FDerivedDataBackendGraph:  Pak pak cache file ../../../../../Unreal Projects/Pinball/DerivedDataCache/DDC.ddp not found, will not use a pak cache.
[2022.02.10-13.57.23:472][  0]LogDerivedDataCache: Unable to find inner node Pak for hierarchical cache Hierarchy.
[2022.02.10-13.57.23:472][  0]LogDerivedDataCache: FDerivedDataBackendGraph:  CompressedPak pak cache file ../../../../../Unreal Projects/Pinball/DerivedDataCache/Compressed.ddp not found, will not use a pak cache.
[2022.02.10-13.57.23:472][  0]LogDerivedDataCache: Unable to find inner node CompressedPak for hierarchical cache Hierarchy.
[2022.02.10-13.57.23:486][  0]LogDerivedDataCache: Display: Pak cache opened for reading ../../../Engine/DerivedDataCache/Compressed.ddp.
[2022.02.10-13.57.23:486][  0]LogDerivedDataCache: FDerivedDataBackendGraph:  EnterprisePak pak cache file ../../../Enterprise/DerivedDataCache/Compressed.ddp not found, will not use a pak cache.
[2022.02.10-13.57.23:486][  0]LogDerivedDataCache: Unable to find inner node EnterprisePak for hierarchical cache Hierarchy.
[2022.02.10-13.57.23:494][  0]LogDerivedDataCache: Speed tests for C:/Users/tlgns/AppData/Local/UnrealEngine/Common/DerivedDataCache took 0.01 seconds
[2022.02.10-13.57.23:494][  0]LogDerivedDataCache: Display: Performance to C:/Users/tlgns/AppData/Local/UnrealEngine/Common/DerivedDataCache: Latency=0.04ms. RandomReadSpeed=669.18MBs, RandomWriteSpeed=140.50MBs. Assigned SpeedClass 'Local'
[2022.02.10-13.57.23:495][  0]LogDerivedDataCache: Using Local data cache path C:/Users/tlgns/AppData/Local/UnrealEngine/Common/DerivedDataCache: Writable
[2022.02.10-13.57.23:495][  0]LogDerivedDataCache: Shared data cache path not found in *engine.ini, will not use an Shared cache.
[2022.02.10-13.57.23:495][  0]LogDerivedDataCache: Unable to find inner node Shared for hierarchical cache Hierarchy.
[2022.02.10-13.57.23:533][  0]LogSlate: Using FreeType 2.10.0
[2022.02.10-13.57.23:534][  0]LogSlate: SlateFontServices - WITH_FREETYPE: 1, WITH_HARFBUZZ: 1
[2022.02.10-13.57.23:558][  0]LogAssetRegistry: FAssetRegistry took 0.0023 seconds to start up
[2022.02.10-13.57.23:749][  0]LogInit: Selected Device Profile: [Windows]
[2022.02.10-13.57.23:749][  0]LogInit: Active device profile: [0000025957610E00][000002594B624640 49] Windows
[2022.02.10-13.57.23:749][  0]LogInit: Profiles: [0000025957610E00][000002594B624640 49] Windows, [00000259575E6500][000002594B620780 49] WindowsNoEditor, [0000025957611D00][0000025954DEC8C0 49] WindowsServer, [00000259575E7300][0000025954DF4A40 49] WindowsClient, [0000025957612A00][0000025954DF8BC0 49] IOS, [00000259575E7900][0000025954DFCD40 49] iPadAir, [0000025957611500][0000025954E00EC0 49] iPadAir2, [0000025957589300][000002594B629180 49] IPadPro, [0000025957589400][000002595831D1C0 49] iPadAir3, [00000259575E4C00][000002595828B340 49] iPadAir4, [000002595758A000][000002595828F4C0 49] iPadMini2, [00000259575E7100][0000025958293640 49] iPadMini3, [000002595758AA00][000002595829B7C0 49] iPadMini4, [00000259575E4F00][00000259582A3940 49] iPadMini5, [0000025957590B00][0000025958477C00 49] iPhone6, [0000025957590C00][00000259584300C0 49] iPodTouch6, [0000025957612900][000002594BA46380 49] iPhone7, [0000025957610F00][000002594BA363C0 49] iPodTouch7, [0000025957589200][000002594BA58540 49] iPhone5S, [0000025957612C00][000002594BA5C6C0 49] iPhone6Plus, [000002595758BD00][0000025954DF0800 49] iPhone6S, [0000025957588100][000002594BA82940 49] iPhone6SPlus, [0000025957593F00][000002594BA86A80 49] iPhone7Plus, [000002595758A200][000002594BA8ABC0 49] iPhoneSE, [0000025957592800][000002594BA92D40 49] iPhone8, [000002595758A500][000002594BA96EC0 49] iPhone8Plus, [0000025957593900][000002594BA9B040 49] iPhoneX, [000002595758A400][000002594BA9F1C0 49] iPhoneXS, [0000025957590E00][000002594BAB7340 49] iPhoneXSMax, [0000025957611800][0000025954DE74C0 49] iPhoneXR, [0000025957591600][000002594B597640 49] iPhone11, [0000025957611A00][000002594B59B7C0 49] iPhone11Pro, [0000025957591800][0000025958277940 49] iPhone11ProMax, [0000025957611100][000002595827BAC0 49] iPhoneSE2, [0000025957593A00][000002595827E0C0 49] iPhone12Mini, [0000025957610B00][0000025958286240 49] iPhone12, [0000025957591C00][000002594B5A23C0 49] iPhone12Pro, [0000025957611000][000002594B5A6540 49] iPhone12ProMax, [0000025957593600][000002594B5AA6C0 49] iPadPro105, [0000025957613800][000002594B5AE840 49] iPadPro129, [0000025957590300][000002594BA8E980 49] iPadPro97, [0000025957611400][0000025958316AC0 49] iPadPro2_129, [0000025957591300][000002594B5B2C00 49] iPad5, [0000025957613A00][000002595886AD40 49] iPad6, [0000025957593C00][000002594B3B6EC0 49] iPad7, [0000025957613200][000002594B3BB040 49] iPad8, [0000025957593200][00000259588CD1C0 49] iPadPro11, [0000025957612F00][000002595829F340 49] iPadPro2_11, [0000025957592200][000002594B61D4C0 49] iPadPro3_129, [0000025957610700][0000025958297640 49] iPadPro4_129, [0000025957591000][000002594B59F7C0 49] AppleTV, [0000025957613100][0000025958283940 49] AppleTV4K, [0000025957592100][000002594B3BFAC0 49] TVOS, [0000025957612100][000002594B3C20C0 49] Mac, [0000025957593500][000002594B3C6240 49] MacClient, [0000025957613B00][000002594E4A63C0 49] MacNoEditor, [0000025957590D00][000002594E4AA540 49] MacServer, [0000025957612E00][000002594E4AE6C0 49] Linux, [0000025957591F00][000002594E4B2840 49] LinuxAArch64, [0000025957610A00][000002594E4B69C0 49] LinuxNoEditor, [0000025957593000][000002594E4BAB40 49] LinuxAArch64NoEditor, [0000025957613300][000002595886EC80 49] LinuxClient, [0000025957592700][000002594E4BEDC0 49] LinuxAArch64Client, [0000025957611B00][000002594E4C2F00 49] LinuxServer, [0000025957590400][000002594E4CB080 49] LinuxAArch64Server, [0000025957611C00][0000025958DC7200 49] Android, [0000025957591400][0000025958DCB380 49] Android_Low, [0000025957611E00][0000025958DCF500 49] Android_Mid, [0000025957592900][0000025958DD3680 49] Android_High, [0000025957612000][0000025958DD7800 49] Android_Default, [0000025957593100][0000025958DDB980 49] Android_Adreno4xx, [0000025957612200][0000025958DDFB00 49] Android_Adreno5xx_Low, [0000025957593D00][0000025958DE2100 49] Android_Adreno5xx, [0000025957610200][0000025958DE6280 49] Android_Adreno6xx, [0000025957591700][0000025958DEA400 49] Android_Adreno6xx_Vulkan, [0000025957612700][000002595823A580 49] Android_Mali_T6xx, [0000025957589700][000002595823E700 49] Android_Mali_T7xx, [00000259575E7200][0000025958242880 49] Android_Mali_T8xx, [000002595758BE00][0000025958246A00 49] Android_Mali_G71, [00000259575E7D00][000002595824AB80 49] Android_Mali_G72, [000002595758BA00][000002595824ED00 49] Android_Mali_G72_Vulkan, [00000259575E7A00][000002594E4C6E40 49] Android_Mali_G76, [0000025957589B00][0000025958252F80 49] Android_Mali_G76_Vulkan, [00000259575E6400][00000259582570C0 49] Android_Mali_G77, [000002595758B600][000002595825F240 49] Android_Mali_G77_Vulkan, [00000259575E6100][00000259582633C0 49] Android_Mali_G78, [0000025957589000][0000025958267540 49] Android_Mali_G78_Vulkan, [00000259575E4500][000002595826B6C0 49] Android_Mali_G710, [0000025957589600][000002595826F840 49] Android_Mali_G710_Vulkan, [00000259575E6600][00000259582739C0 49] Android_Vulkan_SM5, [0000025957589A00][000002594B527B40 49] Android_PowerVR_G6xxx, [00000259575E7000][000002594B52A140 49] Android_PowerVR_GT7xxx, [000002595758B300][000002594B52E2C0 49] Android_PowerVR_GE8xxx, [00000259575E5100][000002594B532440 49] Android_PowerVR_GM9xxx, [0000025957589F00][000002594B5365C0 49] Android_PowerVR_GM9xxx_Vulkan, [00000259575E5700][000002594B53A740 49] Android_TegraK1, [000002595758BB00][000002594B53E8C0 49] Android_Unknown_Vulkan, [00000259575E4D00][000002594B542A40 49] Lumin, [0000025957588600][000002594B546BC0 49] Lumin_Desktop, [0000025957593300][000002594B54AD40 49] HoloLens, 
[2022.02.10-13.57.23:867][  0]LogMeshReduction: Using QuadricMeshReduction for automatic static mesh reduction
[2022.02.10-13.57.23:867][  0]LogMeshReduction: Using SimplygonMeshReduction for automatic skeletal mesh reduction
[2022.02.10-13.57.23:867][  0]LogMeshReduction: Using ProxyLODMeshReduction for automatic mesh merging
[2022.02.10-13.57.23:867][  0]LogMeshReduction: No distributed automatic mesh merging module available
[2022.02.10-13.57.23:867][  0]LogMeshMerging: No distributed automatic mesh merging module available
[2022.02.10-13.57.23:886][  0]LogNetVersion: Pinball 1.0.0, NetCL: 17155196, EngineNetVer: 17, GameNetVer: 0 (Checksum: 1954919075)
[2022.02.10-13.57.24:264][  0]LogTexture: Default maximum texture size for cubemaps generated from long-lat sources has been changed from 512 to unlimited. In order to preserve old behaiour for '/Engine/MapTemplates/Sky/DaylightAmbientCubemap.DaylightAmbientCubemap', its maximum texture size has been explicitly set to 512.
[2022.02.10-13.57.24:312][  0]LogHMD: PokeAHoleMaterial loaded successfully
[2022.02.10-13.57.24:316][  0]LogUObjectArray: 17178 objects as part of root set at end of initial load.
[2022.02.10-13.57.24:316][  0]LogUObjectAllocator: 4301856 out of 0 bytes used by permanent object pool.
[2022.02.10-13.57.24:316][  0]LogUObjectArray: CloseDisregardForGC: 0/0 objects in disregard for GC pool
[2022.02.10-13.57.24:570][  0]LogNiagaraDebuggerClient: Niagara Debugger Client Initialized | Session: BE4D076A4A63C072A78834AC41A101E4 | Instance: FC68232A444A7C9AC45FEA9E5385B880 (DESKTOP-54E84FH-41448).
[2022.02.10-13.57.24:587][  0]LogImageWrapper: Warning: PNG Warning: Duplicate iCCP chunk
[2022.02.10-13.57.24:587][  0]LogImageWrapper: Warning: PNG Warning: Duplicate iCCP chunk
[2022.02.10-13.57.24:602][  0]LogPython: Using Python 3.7.7
[2022.02.10-13.57.25:114][  0]LogUdpMessaging: Initializing bridge on interface 0.0.0.0:0 to multicast group 230.0.0.1:6666.
[2022.02.10-13.57.25:120][  0]LogTcpMessaging: Initializing TcpMessaging bridge
[2022.02.10-13.57.25:441][  0]SourceControl: Source control is disabled
[2022.02.10-13.57.25:442][  0]SourceControl: Source control is disabled
[2022.02.10-13.57.25:456][  0]SourceControl: Source control is disabled
[2022.02.10-13.57.25:459][  0]SourceControl: Source control is disabled
[2022.02.10-13.57.25:476][  0]SourceControl: Source control is disabled
[2022.02.10-13.57.25:483][  0]LogUProjectInfo: Found projects:
[2022.02.10-13.57.25:490][  0]LogVSAccessor: Display: Unable to create Visual Studio setup instance: 80040154
[2022.02.10-13.57.25:490][  0]LogVSAccessor: Display: Unable to create Visual Studio setup instance: 80040154
[2022.02.10-13.57.25:491][  0]LogVSAccessor: Display: Unable to create Visual Studio setup instance: 80040154
[2022.02.10-13.57.25:510][  0]LogOpenImageDenoise: OIDN starting up
[2022.02.10-13.57.25:554][  0]LogAndroidPermission: UAndroidPermissionCallbackProxy::GetInstance
[2022.02.10-13.57.25:578][  0]LogAudioCaptureCore: Display: No Audio Capture implementations found. Audio input will be silent.
[2022.02.10-13.57.25:578][  0]LogAudioCaptureCore: Display: No Audio Capture implementations found. Audio input will be silent.
[2022.02.10-13.57.25:701][  0]LogCollectionManager: Loaded 0 collections in 0.000575 seconds
[2022.02.10-13.57.25:722][  0]LogFileCache: Scanning file cache for directory 'E:/Unreal Projects/Pinball/Saved/Collections/' took 0.00s
[2022.02.10-13.57.25:723][  0]LogFileCache: Scanning file cache for directory 'E:/Unreal Projects/Pinball/Content/Developers/tlgns/Collections/' took 0.00s
[2022.02.10-13.57.25:723][  0]LogFileCache: Scanning file cache for directory 'E:/Unreal Projects/Pinball/Content/Collections/' took 0.00s
[2022.02.10-13.57.25:723][  0]LogOcInput: OculusInput pre-init called
[2022.02.10-13.57.25:989][  0]LogImageWrapper: Warning: PNG Warning: Duplicate iCCP chunk
[2022.02.10-13.57.25:989][  0]LogImageWrapper: Warning: PNG Warning: Duplicate iCCP chunk
[2022.02.10-13.57.25:989][  0]LogEngine: Initializing Engine...
[2022.02.10-13.57.25:991][  0]LogHMD: Failed to enumerate extensions. Please check that you have a valid OpenXR runtime installed.
[2022.02.10-13.57.25:991][  0]LogHMD: Failed to initialize OpenVR with code 110
[2022.02.10-13.57.25:991][  0]LogMagicLeap: Warning: VR disabled because ZI is not enabled.  To enable, in the editor, Edit -> Project Settings -> Plugins -> Magic Leap Plugin -> Enable Zero Iteration
[2022.02.10-13.57.25:992][  0]LogStats: UGameplayTagsManager::InitializeManager -  0.000 s
[2022.02.10-13.57.26:090][  0]LogInit: Initializing FReadOnlyCVARCache
[2022.02.10-13.57.26:097][  0]LogAIModule: Creating AISystem for world Untitled
[2022.02.10-13.57.26:102][  0]LogAudio: Display: Initializing Audio Device Manager...
[2022.02.10-13.57.26:106][  0]LogAudio: Display: Loading Default Audio Settings Objects...
[2022.02.10-13.57.26:106][  0]LogAudio: Display: No default SoundConcurrencyObject specified (or failed to load).
[2022.02.10-13.57.26:106][  0]LogAudio: Display: Audio Device Manager Initialized
[2022.02.10-13.57.26:106][  0]LogAudio: Display: Creating Audio Device:                 Id: 1, Scope: Shared, Realtime: True
[2022.02.10-13.57.26:107][  0]LogAudioMixer: Display: Audio Mixer Platform Settings:
[2022.02.10-13.57.26:107][  0]LogAudioMixer: Display: 	Sample Rate:						  48000
[2022.02.10-13.57.26:107][  0]LogAudioMixer: Display: 	Callback Buffer Frame Size Requested: 1024
[2022.02.10-13.57.26:107][  0]LogAudioMixer: Display: 	Callback Buffer Frame Size To Use:	  1024
[2022.02.10-13.57.26:107][  0]LogAudioMixer: Display: 	Number of buffers to queue:			  2
[2022.02.10-13.57.26:107][  0]LogAudioMixer: Display: 	Max Channels (voices):				  32
[2022.02.10-13.57.26:107][  0]LogAudioMixer: Display: 	Number of Async Source Workers:		  0
[2022.02.10-13.57.26:107][  0]LogAudio: Display: AudioDevice MaxSources: 32
[2022.02.10-13.57.26:107][  0]LogAudio: Display: Audio Spatialization Plugin: None (built-in).
[2022.02.10-13.57.26:107][  0]LogAudio: Display: Audio Reverb Plugin: None (built-in).
[2022.02.10-13.57.26:107][  0]LogAudio: Display: Audio Occlusion Plugin: None (built-in).
[2022.02.10-13.57.26:107][  0]LogAudioMixer: Display: Initializing audio mixer.
[2022.02.10-13.57.26:120][  0]LogAudioMixer: Display: 0: FrontLeft
[2022.02.10-13.57.26:120][  0]LogAudioMixer: Display: 1: FrontRight
[2022.02.10-13.57.26:145][  0]LogAudioMixer: Display: Using Audio Device HDMI (NVIDIA High Definition Audio)
[2022.02.10-13.57.26:148][  0]LogAudioMixer: Display: Initializing Sound Submixes...
[2022.02.10-13.57.26:150][  0]LogAudioMixer: Display: Creating Master Submix 'MasterSubmixDefault'
[2022.02.10-13.57.26:150][  0]LogAudioMixer: Display: Creating Master Submix 'MasterReverbSubmixDefault'
[2022.02.10-13.57.26:151][  0]LogAudioMixer: Display: Creating Master Submix 'MasterEQSubmixDefault'
[2022.02.10-13.57.26:151][  0]LogAudioMixer: FMixerPlatformXAudio2::StartAudioStream() called
[2022.02.10-13.57.26:151][  0]LogAudioMixer: Display: Output buffers initialized: Frames=1024, Channels=2, Samples=2048
[2022.02.10-13.57.26:152][  0]LogAudioMixer: Display: Starting AudioMixerPlatformInterface::RunInternal()
[2022.02.10-13.57.26:152][  0]LogAudioMixer: Display: FMixerPlatformXAudio2::SubmitBuffer() called for the first time
[2022.02.10-13.57.26:152][  0]LogInit: FAudioDevice initialized.
[2022.02.10-13.57.26:152][  0]LogAudio: Display: Audio Device (ID: 1) registered with world 'Untitled'.
[2022.02.10-13.57.26:152][  0]LogNetVersion: Set ProjectVersion to 1.0.0.0. Version Checksum will be recalculated on next use.
[2022.02.10-13.57.26:225][  0]LogDerivedDataCache: Saved boot cache 0.07s 94MB C:/Users/tlgns/AppData/Local/UnrealEngine/4.27/DerivedDataCache/Boot.ddc.
[2022.02.10-13.57.26:225][  0]LogInit: Texture streaming: Enabled
[2022.02.10-13.57.26:237][  0]LogAnalytics: Display: [UEEditor.Rocket.Release] APIServer = https://datarouter.ol.epicgames.com/. AppVersion = 4.27.1-17735300+++UE4+Release-4.27
[2022.02.10-13.57.26:243][  0]LogEngineSessionManager: EngineSessionManager initialized
[2022.02.10-13.57.26:243][  0]LogEditorSessionSummary: Verbose: Initializing EditorSessionSummaryWriter for editor session tracking
[2022.02.10-13.57.26:248][  0]LogEditorSessionSummary: EditorSessionSummaryWriter initialized
[2022.02.10-13.57.26:273][  0]LogInit: Transaction tracking system initialized
[2022.02.10-13.57.26:298][  0]BlueprintLog: New page: Editor Load
[2022.02.10-13.57.26:374][  0]LocalizationService: Localization service is disabled
[2022.02.10-13.57.26:408][  0]TimingProfiler: Initialize
[2022.02.10-13.57.26:408][  0]TimingProfiler: OnSessionChanged
[2022.02.10-13.57.26:408][  0]LoadingProfiler: Initialize
[2022.02.10-13.57.26:408][  0]LoadingProfiler: OnSessionChanged
[2022.02.10-13.57.26:408][  0]NetworkingProfiler: Initialize
[2022.02.10-13.57.26:408][  0]NetworkingProfiler: OnSessionChanged
[2022.02.10-13.57.26:408][  0]MemoryProfiler: Initialize
[2022.02.10-13.57.26:408][  0]MemoryProfiler: OnSessionChanged
[2022.02.10-13.57.26:466][  0]LogVSAccessor: Display: Unable to create Visual Studio setup instance: 80040154
[2022.02.10-13.57.26:468][  0]LogVSAccessor: Display: Unable to create Visual Studio setup instance: 80040154
[2022.02.10-13.57.26:469][  0]LogVSAccessor: Display: Unable to create Visual Studio setup instance: 80040154
[2022.02.10-13.57.26:551][  0]LogCook: Display: CookSettings for Memory: MemoryMaxUsedVirtual 0MiB, MemoryMaxUsedPhysical 16384MiB, MemoryMinFreeVirtual 0MiB, MemoryMinFreePhysical 1024MiB
[2022.02.10-13.57.26:551][  0]LogCook: Display: Mobile HDR setting 1
[2022.02.10-13.57.26:560][  0]LogFileCache: Scanning file cache for directory 'E:/Unreal Projects/Pinball/Content/' took 0.00s
[2022.02.10-13.57.26:923][  0]LogImageWrapper: Warning: PNG Warning: Duplicate iCCP chunk
[2022.02.10-13.57.26:923][  0]LogImageWrapper: Warning: PNG Warning: Duplicate iCCP chunk
[2022.02.10-13.57.26:923][  0]LogInit: Display: Engine is initialized. Leaving FEngineLoop::Init()
[2022.02.10-13.57.26:927][  0]SourceControl: Source control is disabled
[2022.02.10-13.57.26:927][  0]LogUnrealEdMisc: Loading editor; pre map load, took 6.741
[2022.02.10-13.57.26:927][  0]Cmd: MAP LOAD FILE="../../../../../Unreal Projects/Pinball/Content/Maps/PinballMap.umap" TEMPLATE=0 SHOWPROGRESS=1 FEATURELEVEL=3
[2022.02.10-13.57.26:927][  0]LightingResults: New page: Lighting Build
[2022.02.10-13.57.26:928][  0]LogWorld: UWorld::CleanupWorld for Untitled, bSessionEnded=true, bCleanupResources=true
[2022.02.10-13.57.26:928][  0]LogSlate: InvalidateAllWidgets triggered.  All widgets were invalidated
[2022.02.10-13.57.26:929][  0]MapCheck: New page: Map Check
[2022.02.10-13.57.26:929][  0]LightingResults: New page: Lighting Build
[2022.02.10-13.57.26:932][  0]LogAudio: Display: Audio Device unregistered from world 'None'.
[2022.02.10-13.57.26:934][  0]LogUObjectHash: Compacting FUObjectHashTables data took   0.63ms
[2022.02.10-13.57.27:128][  0]LogTexture: Default maximum texture size for cubemaps generated from long-lat sources has been changed from 512 to unlimited. In order to preserve old behaiour for '/Engine/EditorMaterials/AssetViewer/EpicQuadPanorama_CC+EV1.EpicQuadPanorama_CC+EV1', its maximum texture size has been explicitly set to 512.
[2022.02.10-13.57.27:233][  0]LogAudio: Display: Audio Device (ID: 1) registered with world 'PinballMap'.
[2022.02.10-13.57.27:233][  0]LogAIModule: Creating AISystem for world PinballMap
[2022.02.10-13.57.27:254][  0]LogEditorServer: Finished looking for orphan Actors (0.000 secs)
[2022.02.10-13.57.27:263][  0]LogUObjectHash: Compacting FUObjectHashTables data took   1.38ms
[2022.02.10-13.57.27:266][  0]Cmd: MAP CHECKDEP NOCLEARLOG
[2022.02.10-13.57.27:266][  0]MapCheck: Map check complete: 0 Error(s), 0 Warning(s), took 0.106ms to complete.
[2022.02.10-13.57.27:266][  0]LogFileHelpers: Loading map 'PinballMap' took 0.340
[2022.02.10-13.57.27:268][  0]LogUnrealEdMisc: Total Editor Startup Time, took 7.082
[2022.02.10-13.57.27:423][  0]LogSlate: Updating window title bar state: overlay mode, drag disabled, window buttons hidden, title bar hidden
[2022.02.10-13.57.27:428][  0]LogSlate: Updating window title bar state: overlay mode, drag disabled, window buttons hidden, title bar hidden
[2022.02.10-13.57.27:433][  0]LogSlate: Updating window title bar state: overlay mode, drag disabled, window buttons hidden, title bar hidden
[2022.02.10-13.57.27:438][  0]LogSlate: Updating window title bar state: overlay mode, drag disabled, window buttons hidden, title bar hidden
[2022.02.10-13.57.27:450][  0]LogNativeClassHierarchy: Verbose: Native class hierarchy populated in 0.0075 seconds. Added 3822 classes and 928 folders.
[2022.02.10-13.57.27:453][  0]LogNativeClassHierarchy: Verbose: Native class hierarchy updated for 'WidgetCarousel' in 0.0002 seconds. Added 0 classes and 0 folders.
[2022.02.10-13.57.27:454][  0]LogPakFile: PakFile PrimaryIndexSize=187
[2022.02.10-13.57.27:454][  0]LogPakFile: PakFile PathHashIndexSize=101
[2022.02.10-13.57.27:454][  0]LogPakFile: PakFile FullDirectoryIndexSize=148
[2022.02.10-13.57.27:454][  0]LogShaderLibrary: Display: ShaderCodeLibraryPakFileMountedCallback: PakFile 'E:/Epic Games/UE_4.27/FeaturePacks/FP_FirstPerson.upack' (chunk index -1, root 'root:/') mounted
[2022.02.10-13.57.27:454][  0]LogShaderLibrary: Display: ShaderCodeLibraryPakFileMountedCallback: pending pak file info (ChunkID:-1 Root:root:/ File:E:/Epic Games/UE_4.27/FeaturePacks/FP_FirstPerson.upack)
[2022.02.10-13.57.27:454][  0]LogPakFile: OnPakFileMounted2Time == 0.000041
[2022.02.10-13.57.27:455][  0]LogPakFile: PakFile PrimaryIndexSize=189
[2022.02.10-13.57.27:455][  0]LogPakFile: PakFile PathHashIndexSize=101
[2022.02.10-13.57.27:455][  0]LogPakFile: PakFile FullDirectoryIndexSize=152
[2022.02.10-13.57.27:455][  0]LogShaderLibrary: Display: ShaderCodeLibraryPakFileMountedCallback: PakFile 'E:/Epic Games/UE_4.27/FeaturePacks/FP_FirstPersonBP.upack' (chunk index -1, root 'root:/') mounted
[2022.02.10-13.57.27:455][  0]LogShaderLibrary: Display: ShaderCodeLibraryPakFileMountedCallback: pending pak file info (ChunkID:-1 Root:root:/ File:E:/Epic Games/UE_4.27/FeaturePacks/FP_FirstPersonBP.upack)
[2022.02.10-13.57.27:455][  0]LogPakFile: OnPakFileMounted2Time == 0.000029
[2022.02.10-13.57.27:455][  0]LogPakFile: PakFile PrimaryIndexSize=191
[2022.02.10-13.57.27:455][  0]LogPakFile: PakFile PathHashIndexSize=101
[2022.02.10-13.57.27:455][  0]LogPakFile: PakFile FullDirectoryIndexSize=160
[2022.02.10-13.57.27:456][  0]LogShaderLibrary: Display: ShaderCodeLibraryPakFileMountedCallback: PakFile 'E:/Epic Games/UE_4.27/FeaturePacks/MobileStarterContent.upack' (chunk index -1, root 'root:/') mounted
[2022.02.10-13.57.27:456][  0]LogShaderLibrary: Display: ShaderCodeLibraryPakFileMountedCallback: pending pak file info (ChunkID:-1 Root:root:/ File:E:/Epic Games/UE_4.27/FeaturePacks/MobileStarterContent.upack)
[2022.02.10-13.57.27:456][  0]LogPakFile: OnPakFileMounted2Time == 0.000026
[2022.02.10-13.57.27:456][  0]LogPakFile: PakFile PrimaryIndexSize=185
[2022.02.10-13.57.27:456][  0]LogPakFile: PakFile PathHashIndexSize=101
[2022.02.10-13.57.27:456][  0]LogPakFile: PakFile FullDirectoryIndexSize=148
[2022.02.10-13.57.27:456][  0]LogShaderLibrary: Display: ShaderCodeLibraryPakFileMountedCallback: PakFile 'E:/Epic Games/UE_4.27/FeaturePacks/StarterContent.upack' (chunk index -1, root 'root:/') mounted
[2022.02.10-13.57.27:456][  0]LogShaderLibrary: Display: ShaderCodeLibraryPakFileMountedCallback: pending pak file info (ChunkID:-1 Root:root:/ File:E:/Epic Games/UE_4.27/FeaturePacks/StarterContent.upack)
[2022.02.10-13.57.27:456][  0]LogPakFile: OnPakFileMounted2Time == 0.000027
[2022.02.10-13.57.27:457][  0]LogPakFile: PakFile PrimaryIndexSize=190
[2022.02.10-13.57.27:457][  0]LogPakFile: PakFile PathHashIndexSize=101
[2022.02.10-13.57.27:457][  0]LogPakFile: PakFile FullDirectoryIndexSize=154
[2022.02.10-13.57.27:457][  0]LogShaderLibrary: Display: ShaderCodeLibraryPakFileMountedCallback: PakFile 'E:/Epic Games/UE_4.27/FeaturePacks/TP_2DSideScroller.upack' (chunk index -1, root 'root:/') mounted
[2022.02.10-13.57.27:457][  0]LogShaderLibrary: Display: ShaderCodeLibraryPakFileMountedCallback: pending pak file info (ChunkID:-1 Root:root:/ File:E:/Epic Games/UE_4.27/FeaturePacks/TP_2DSideScroller.upack)
[2022.02.10-13.57.27:457][  0]LogPakFile: OnPakFileMounted2Time == 0.000027
[2022.02.10-13.57.27:457][  0]LogPakFile: PakFile PrimaryIndexSize=192
[2022.02.10-13.57.27:457][  0]LogPakFile: PakFile PathHashIndexSize=101
[2022.02.10-13.57.27:457][  0]LogPakFile: PakFile FullDirectoryIndexSize=158
[2022.02.10-13.57.27:457][  0]LogShaderLibrary: Display: ShaderCodeLibraryPakFileMountedCallback: PakFile 'E:/Epic Games/UE_4.27/FeaturePacks/TP_2DSideScrollerBP.upack' (chunk index -1, root 'root:/') mounted
[2022.02.10-13.57.27:457][  0]LogShaderLibrary: Display: ShaderCodeLibraryPakFileMountedCallback: pending pak file info (ChunkID:-1 Root:root:/ File:E:/Epic Games/UE_4.27/FeaturePacks/TP_2DSideScrollerBP.upack)
[2022.02.10-13.57.27:457][  0]LogPakFile: OnPakFileMounted2Time == 0.000029
[2022.02.10-13.57.27:458][  0]LogPakFile: PakFile PrimaryIndexSize=182
[2022.02.10-13.57.27:458][  0]LogPakFile: PakFile PathHashIndexSize=101
[2022.02.10-13.57.27:458][  0]LogPakFile: PakFile FullDirectoryIndexSize=138
[2022.02.10-13.57.27:458][  0]LogShaderLibrary: Display: ShaderCodeLibraryPakFileMountedCallback: PakFile 'E:/Epic Games/UE_4.27/FeaturePacks/TP_Flying.upack' (chunk index -1, root 'root:/') mounted
[2022.02.10-13.57.27:458][  0]LogShaderLibrary: Display: ShaderCodeLibraryPakFileMountedCallback: pending pak file info (ChunkID:-1 Root:root:/ File:E:/Epic Games/UE_4.27/FeaturePacks/TP_Flying.upack)
[2022.02.10-13.57.27:458][  0]LogPakFile: OnPakFileMounted2Time == 0.000026
[2022.02.10-13.57.27:458][  0]LogPakFile: PakFile PrimaryIndexSize=184
[2022.02.10-13.57.27:458][  0]LogPakFile: PakFile PathHashIndexSize=101
[2022.02.10-13.57.27:458][  0]LogPakFile: PakFile FullDirectoryIndexSize=142
[2022.02.10-13.57.27:458][  0]LogShaderLibrary: Display: ShaderCodeLibraryPakFileMountedCallback: PakFile 'E:/Epic Games/UE_4.27/FeaturePacks/TP_FlyingBP.upack' (chunk index -1, root 'root:/') mounted
[2022.02.10-13.57.27:458][  0]LogShaderLibrary: Display: ShaderCodeLibraryPakFileMountedCallback: pending pak file info (ChunkID:-1 Root:root:/ File:E:/Epic Games/UE_4.27/FeaturePacks/TP_FlyingBP.upack)
[2022.02.10-13.57.27:458][  0]LogPakFile: OnPakFileMounted2Time == 0.000029
[2022.02.10-13.57.27:459][  0]LogPakFile: PakFile PrimaryIndexSize=188
[2022.02.10-13.57.27:459][  0]LogPakFile: PakFile PathHashIndexSize=101
[2022.02.10-13.57.27:459][  0]LogPakFile: PakFile FullDirectoryIndexSize=150
[2022.02.10-13.57.27:459][  0]LogShaderLibrary: Display: ShaderCodeLibraryPakFileMountedCallback: PakFile 'E:/Epic Games/UE_4.27/FeaturePacks/TP_HandheldARBP.upack' (chunk index -1, root 'root:/') mounted
[2022.02.10-13.57.27:459][  0]LogShaderLibrary: Display: ShaderCodeLibraryPakFileMountedCallback: pending pak file info (ChunkID:-1 Root:root:/ File:E:/Epic Games/UE_4.27/FeaturePacks/TP_HandheldARBP.upack)
[2022.02.10-13.57.27:459][  0]LogPakFile: OnPakFileMounted2Time == 0.000026
[2022.02.10-13.57.27:460][  0]LogPakFile: PakFile PrimaryIndexSize=182
[2022.02.10-13.57.27:460][  0]LogPakFile: PakFile PathHashIndexSize=101
[2022.02.10-13.57.27:460][  0]LogPakFile: PakFile FullDirectoryIndexSize=138
[2022.02.10-13.57.27:460][  0]LogShaderLibrary: Display: ShaderCodeLibraryPakFileMountedCallback: PakFile 'E:/Epic Games/UE_4.27/FeaturePacks/TP_Puzzle.upack' (chunk index -1, root 'root:/') mounted
[2022.02.10-13.57.27:460][  0]LogShaderLibrary: Display: ShaderCodeLibraryPakFileMountedCallback: pending pak file info (ChunkID:-1 Root:root:/ File:E:/Epic Games/UE_4.27/FeaturePacks/TP_Puzzle.upack)
[2022.02.10-13.57.27:460][  0]LogPakFile: OnPakFileMounted2Time == 0.000026
[2022.02.10-13.57.27:460][  0]LogPakFile: PakFile PrimaryIndexSize=184
[2022.02.10-13.57.27:460][  0]LogPakFile: PakFile PathHashIndexSize=101
[2022.02.10-13.57.27:460][  0]LogPakFile: PakFile FullDirectoryIndexSize=142
[2022.02.10-13.57.27:460][  0]LogShaderLibrary: Display: ShaderCodeLibraryPakFileMountedCallback: PakFile 'E:/Epic Games/UE_4.27/FeaturePacks/TP_PuzzleBP.upack' (chunk index -1, root 'root:/') mounted
[2022.02.10-13.57.27:460][  0]LogShaderLibrary: Display: ShaderCodeLibraryPakFileMountedCallback: pending pak file info (ChunkID:-1 Root:root:/ File:E:/Epic Games/UE_4.27/FeaturePacks/TP_PuzzleBP.upack)
[2022.02.10-13.57.27:460][  0]LogPakFile: OnPakFileMounted2Time == 0.000045
[2022.02.10-13.57.27:461][  0]LogPakFile: PakFile PrimaryIndexSize=183
[2022.02.10-13.57.27:461][  0]LogPakFile: PakFile PathHashIndexSize=101
[2022.02.10-13.57.27:461][  0]LogPakFile: PakFile FullDirectoryIndexSize=140
[2022.02.10-13.57.27:461][  0]LogShaderLibrary: Display: ShaderCodeLibraryPakFileMountedCallback: PakFile 'E:/Epic Games/UE_4.27/FeaturePacks/TP_Rolling.upack' (chunk index -1, root 'root:/') mounted
[2022.02.10-13.57.27:461][  0]LogShaderLibrary: Display: ShaderCodeLibraryPakFileMountedCallback: pending pak file info (ChunkID:-1 Root:root:/ File:E:/Epic Games/UE_4.27/FeaturePacks/TP_Rolling.upack)
[2022.02.10-13.57.27:461][  0]LogPakFile: OnPakFileMounted2Time == 0.000026
[2022.02.10-13.57.27:461][  0]LogPakFile: PakFile PrimaryIndexSize=185
[2022.02.10-13.57.27:461][  0]LogPakFile: PakFile PathHashIndexSize=101
[2022.02.10-13.57.27:461][  0]LogPakFile: PakFile FullDirectoryIndexSize=144
[2022.02.10-13.57.27:461][  0]LogShaderLibrary: Display: ShaderCodeLibraryPakFileMountedCallback: PakFile 'E:/Epic Games/UE_4.27/FeaturePacks/TP_RollingBP.upack' (chunk index -1, root 'root:/') mounted
[2022.02.10-13.57.27:461][  0]LogShaderLibrary: Display: ShaderCodeLibraryPakFileMountedCallback: pending pak file info (ChunkID:-1 Root:root:/ File:E:/Epic Games/UE_4.27/FeaturePacks/TP_RollingBP.upack)
[2022.02.10-13.57.27:461][  0]LogPakFile: OnPakFileMounted2Time == 0.000025
[2022.02.10-13.57.27:462][  0]LogPakFile: PakFile PrimaryIndexSize=188
[2022.02.10-13.57.27:462][  0]LogPakFile: PakFile PathHashIndexSize=101
[2022.02.10-13.57.27:462][  0]LogPakFile: PakFile FullDirectoryIndexSize=150
[2022.02.10-13.57.27:462][  0]LogShaderLibrary: Display: ShaderCodeLibraryPakFileMountedCallback: PakFile 'E:/Epic Games/UE_4.27/FeaturePacks/TP_SideScroller.upack' (chunk index -1, root 'root:/') mounted
[2022.02.10-13.57.27:462][  0]LogShaderLibrary: Display: ShaderCodeLibraryPakFileMountedCallback: pending pak file info (ChunkID:-1 Root:root:/ File:E:/Epic Games/UE_4.27/FeaturePacks/TP_SideScroller.upack)
[2022.02.10-13.57.27:462][  0]LogPakFile: OnPakFileMounted2Time == 0.000026
[2022.02.10-13.57.27:462][  0]LogPakFile: PakFile PrimaryIndexSize=190
[2022.02.10-13.57.27:462][  0]LogPakFile: PakFile PathHashIndexSize=101
[2022.02.10-13.57.27:462][  0]LogPakFile: PakFile FullDirectoryIndexSize=154
[2022.02.10-13.57.27:462][  0]LogShaderLibrary: Display: ShaderCodeLibraryPakFileMountedCallback: PakFile 'E:/Epic Games/UE_4.27/FeaturePacks/TP_SideScrollerBP.upack' (chunk index -1, root 'root:/') mounted
[2022.02.10-13.57.27:462][  0]LogShaderLibrary: Display: ShaderCodeLibraryPakFileMountedCallback: pending pak file info (ChunkID:-1 Root:root:/ File:E:/Epic Games/UE_4.27/FeaturePacks/TP_SideScrollerBP.upack)
[2022.02.10-13.57.27:463][  0]LogPakFile: OnPakFileMounted2Time == 0.000037
[2022.02.10-13.57.27:463][  0]LogPakFile: PakFile PrimaryIndexSize=187
[2022.02.10-13.57.27:463][  0]LogPakFile: PakFile PathHashIndexSize=101
[2022.02.10-13.57.27:463][  0]LogPakFile: PakFile FullDirectoryIndexSize=148
[2022.02.10-13.57.27:463][  0]LogShaderLibrary: Display: ShaderCodeLibraryPakFileMountedCallback: PakFile 'E:/Epic Games/UE_4.27/FeaturePacks/TP_ThirdPerson.upack' (chunk index -1, root 'root:/') mounted
[2022.02.10-13.57.27:463][  0]LogShaderLibrary: Display: ShaderCodeLibraryPakFileMountedCallback: pending pak file info (ChunkID:-1 Root:root:/ File:E:/Epic Games/UE_4.27/FeaturePacks/TP_ThirdPerson.upack)
[2022.02.10-13.57.27:463][  0]LogPakFile: OnPakFileMounted2Time == 0.000026
[2022.02.10-13.57.27:464][  0]LogPakFile: PakFile PrimaryIndexSize=189
[2022.02.10-13.57.27:464][  0]LogPakFile: PakFile PathHashIndexSize=101
[2022.02.10-13.57.27:464][  0]LogPakFile: PakFile FullDirectoryIndexSize=152
[2022.02.10-13.57.27:464][  0]LogShaderLibrary: Display: ShaderCodeLibraryPakFileMountedCallback: PakFile 'E:/Epic Games/UE_4.27/FeaturePacks/TP_ThirdPersonBP.upack' (chunk index -1, root 'root:/') mounted
[2022.02.10-13.57.27:464][  0]LogShaderLibrary: Display: ShaderCodeLibraryPakFileMountedCallback: pending pak file info (ChunkID:-1 Root:root:/ File:E:/Epic Games/UE_4.27/FeaturePacks/TP_ThirdPersonBP.upack)
[2022.02.10-13.57.27:464][  0]LogPakFile: OnPakFileMounted2Time == 0.000026
[2022.02.10-13.57.27:464][  0]LogPakFile: PakFile PrimaryIndexSize=183
[2022.02.10-13.57.27:464][  0]LogPakFile: PakFile PathHashIndexSize=101
[2022.02.10-13.57.27:464][  0]LogPakFile: PakFile FullDirectoryIndexSize=140
[2022.02.10-13.57.27:464][  0]LogShaderLibrary: Display: ShaderCodeLibraryPakFileMountedCallback: PakFile 'E:/Epic Games/UE_4.27/FeaturePacks/TP_TopDown.upack' (chunk index -1, root 'root:/') mounted
[2022.02.10-13.57.27:464][  0]LogShaderLibrary: Display: ShaderCodeLibraryPakFileMountedCallback: pending pak file info (ChunkID:-1 Root:root:/ File:E:/Epic Games/UE_4.27/FeaturePacks/TP_TopDown.upack)
[2022.02.10-13.57.27:464][  0]LogPakFile: OnPakFileMounted2Time == 0.000031
[2022.02.10-13.57.27:465][  0]LogPakFile: PakFile PrimaryIndexSize=185
[2022.02.10-13.57.27:465][  0]LogPakFile: PakFile PathHashIndexSize=101
[2022.02.10-13.57.27:465][  0]LogPakFile: PakFile FullDirectoryIndexSize=144
[2022.02.10-13.57.27:465][  0]LogShaderLibrary: Display: ShaderCodeLibraryPakFileMountedCallback: PakFile 'E:/Epic Games/UE_4.27/FeaturePacks/TP_TopDownBP.upack' (chunk index -1, root 'root:/') mounted
[2022.02.10-13.57.27:465][  0]LogShaderLibrary: Display: ShaderCodeLibraryPakFileMountedCallback: pending pak file info (ChunkID:-1 Root:root:/ File:E:/Epic Games/UE_4.27/FeaturePacks/TP_TopDownBP.upack)
[2022.02.10-13.57.27:465][  0]LogPakFile: OnPakFileMounted2Time == 0.000026
[2022.02.10-13.57.27:465][  0]LogPakFile: PakFile PrimaryIndexSize=185
[2022.02.10-13.57.27:465][  0]LogPakFile: PakFile PathHashIndexSize=101
[2022.02.10-13.57.27:465][  0]LogPakFile: PakFile FullDirectoryIndexSize=144
[2022.02.10-13.57.27:465][  0]LogShaderLibrary: Display: ShaderCodeLibraryPakFileMountedCallback: PakFile 'E:/Epic Games/UE_4.27/FeaturePacks/TP_TwinStick.upack' (chunk index -1, root 'root:/') mounted
[2022.02.10-13.57.27:465][  0]LogShaderLibrary: Display: ShaderCodeLibraryPakFileMountedCallback: pending pak file info (ChunkID:-1 Root:root:/ File:E:/Epic Games/UE_4.27/FeaturePacks/TP_TwinStick.upack)
[2022.02.10-13.57.27:465][  0]LogPakFile: OnPakFileMounted2Time == 0.000025
[2022.02.10-13.57.27:466][  0]LogPakFile: PakFile PrimaryIndexSize=187
[2022.02.10-13.57.27:466][  0]LogPakFile: PakFile PathHashIndexSize=101
[2022.02.10-13.57.27:466][  0]LogPakFile: PakFile FullDirectoryIndexSize=148
[2022.02.10-13.57.27:466][  0]LogShaderLibrary: Display: ShaderCodeLibraryPakFileMountedCallback: PakFile 'E:/Epic Games/UE_4.27/FeaturePacks/TP_TwinStickBP.upack' (chunk index -1, root 'root:/') mounted
[2022.02.10-13.57.27:466][  0]LogShaderLibrary: Display: ShaderCodeLibraryPakFileMountedCallback: pending pak file info (ChunkID:-1 Root:root:/ File:E:/Epic Games/UE_4.27/FeaturePacks/TP_TwinStickBP.upack)
[2022.02.10-13.57.27:466][  0]LogPakFile: OnPakFileMounted2Time == 0.000026
[2022.02.10-13.57.27:466][  0]LogPakFile: PakFile PrimaryIndexSize=183
[2022.02.10-13.57.27:466][  0]LogPakFile: PakFile PathHashIndexSize=101
[2022.02.10-13.57.27:466][  0]LogPakFile: PakFile FullDirectoryIndexSize=140
[2022.02.10-13.57.27:466][  0]LogShaderLibrary: Display: ShaderCodeLibraryPakFileMountedCallback: PakFile 'E:/Epic Games/UE_4.27/FeaturePacks/TP_Vehicle.upack' (chunk index -1, root 'root:/') mounted
[2022.02.10-13.57.27:466][  0]LogShaderLibrary: Display: ShaderCodeLibraryPakFileMountedCallback: pending pak file info (ChunkID:-1 Root:root:/ File:E:/Epic Games/UE_4.27/FeaturePacks/TP_Vehicle.upack)
[2022.02.10-13.57.27:466][  0]LogPakFile: OnPakFileMounted2Time == 0.000026
[2022.02.10-13.57.27:467][  0]LogPakFile: PakFile PrimaryIndexSize=186
[2022.02.10-13.57.27:467][  0]LogPakFile: PakFile PathHashIndexSize=101
[2022.02.10-13.57.27:467][  0]LogPakFile: PakFile FullDirectoryIndexSize=146
[2022.02.10-13.57.27:467][  0]LogShaderLibrary: Display: ShaderCodeLibraryPakFileMountedCallback: PakFile 'E:/Epic Games/UE_4.27/FeaturePacks/TP_VehicleAdv.upack' (chunk index -1, root 'root:/') mounted
[2022.02.10-13.57.27:467][  0]LogShaderLibrary: Display: ShaderCodeLibraryPakFileMountedCallback: pending pak file info (ChunkID:-1 Root:root:/ File:E:/Epic Games/UE_4.27/FeaturePacks/TP_VehicleAdv.upack)
[2022.02.10-13.57.27:467][  0]LogPakFile: OnPakFileMounted2Time == 0.000027
[2022.02.10-13.57.27:467][  0]LogPakFile: PakFile PrimaryIndexSize=188
[2022.02.10-13.57.27:467][  0]LogPakFile: PakFile PathHashIndexSize=101
[2022.02.10-13.57.27:467][  0]LogPakFile: PakFile FullDirectoryIndexSize=150
[2022.02.10-13.57.27:467][  0]LogShaderLibrary: Display: ShaderCodeLibraryPakFileMountedCallback: PakFile 'E:/Epic Games/UE_4.27/FeaturePacks/TP_VehicleAdvBP.upack' (chunk index -1, root 'root:/') mounted
[2022.02.10-13.57.27:467][  0]LogShaderLibrary: Display: ShaderCodeLibraryPakFileMountedCallback: pending pak file info (ChunkID:-1 Root:root:/ File:E:/Epic Games/UE_4.27/FeaturePacks/TP_VehicleAdvBP.upack)
[2022.02.10-13.57.27:468][  0]LogPakFile: OnPakFileMounted2Time == 0.000027
[2022.02.10-13.57.27:468][  0]LogPakFile: PakFile PrimaryIndexSize=185
[2022.02.10-13.57.27:468][  0]LogPakFile: PakFile PathHashIndexSize=101
[2022.02.10-13.57.27:468][  0]LogPakFile: PakFile FullDirectoryIndexSize=144
[2022.02.10-13.57.27:468][  0]LogShaderLibrary: Display: ShaderCodeLibraryPakFileMountedCallback: PakFile 'E:/Epic Games/UE_4.27/FeaturePacks/TP_VehicleBP.upack' (chunk index -1, root 'root:/') mounted
[2022.02.10-13.57.27:468][  0]LogShaderLibrary: Display: ShaderCodeLibraryPakFileMountedCallback: pending pak file info (ChunkID:-1 Root:root:/ File:E:/Epic Games/UE_4.27/FeaturePacks/TP_VehicleBP.upack)
[2022.02.10-13.57.27:468][  0]LogPakFile: OnPakFileMounted2Time == 0.000026
[2022.02.10-13.57.27:469][  0]LogPakFile: PakFile PrimaryIndexSize=192
[2022.02.10-13.57.27:469][  0]LogPakFile: PakFile PathHashIndexSize=101
[2022.02.10-13.57.27:469][  0]LogPakFile: PakFile FullDirectoryIndexSize=158
[2022.02.10-13.57.27:469][  0]LogShaderLibrary: Display: ShaderCodeLibraryPakFileMountedCallback: PakFile 'E:/Epic Games/UE_4.27/FeaturePacks/TP_VirtualRealityBP.upack' (chunk index -1, root 'root:/') mounted
[2022.02.10-13.57.27:469][  0]LogShaderLibrary: Display: ShaderCodeLibraryPakFileMountedCallback: pending pak file info (ChunkID:-1 Root:root:/ File:E:/Epic Games/UE_4.27/FeaturePacks/TP_VirtualRealityBP.upack)
[2022.02.10-13.57.27:469][  0]LogPakFile: OnPakFileMounted2Time == 0.000026
[2022.02.10-13.57.27:512][  0]LogNativeClassHierarchy: Verbose: Native class hierarchy updated for 'AddContentDialog' in 0.0002 seconds. Added 0 classes and 0 folders.
[2022.02.10-13.57.27:513][  0]LogNativeClassHierarchy: Verbose: Native class hierarchy updated for 'SceneOutliner' in 0.0002 seconds. Added 2 classes and 0 folders.
[2022.02.10-13.57.27:593][  0]LogSlate: Took 0.000361 seconds to synchronously load lazily loaded font '../../../Engine/Content/Slate/Fonts/Roboto-Regular.ttf' (155K)
[2022.02.10-13.57.27:594][  0]LogSlate: Took 0.000461 seconds to synchronously load lazily loaded font '../../../Engine/Content/Editor/Slate/Fonts/FontAwesome.ttf' (139K)
[2022.02.10-13.57.27:596][  0]LogSlate: Took 0.000220 seconds to synchronously load lazily loaded font '../../../Engine/Content/Slate/Fonts/Roboto-Bold.ttf' (160K)
[2022.02.10-13.57.27:677][  0]LogRenderer: Reallocating scene render targets to support 1052x580 Format 10 NumSamples 1 (Frame:1).
[2022.02.10-13.57.28:083][  0]LogSlate: Took 0.000210 seconds to synchronously load lazily loaded font '../../../Engine/Content/Slate/Fonts/Roboto-Light.ttf' (167K)
[2022.02.10-13.57.28:134][  0]LogNativeClassHierarchy: Verbose: Native class hierarchy updated for 'HierarchicalLODOutliner' in 0.0002 seconds. Added 0 classes and 0 folders.
[2022.02.10-13.57.28:134][  0]LogLoad: (Engine Initialization) Total time: 7.95 seconds
[2022.02.10-13.57.28:134][  0]LogLoad: (Engine Initialization) Total Blueprint compile time: 0.00 seconds
[2022.02.10-13.57.28:178][  0]LogAssetRegistry: Asset discovery search completed in 4.6211 seconds
[2022.02.10-13.57.28:183][  0]LogCollectionManager: Fixed up redirectors for 0 collections in 0.000002 seconds (updated 0 objects)
[2022.02.10-13.57.28:185][  0]LogContentStreaming: Texture pool size now 1000 MB
[2022.02.10-13.57.28:374][  6]PIE: Warning: Constraint in '/Engine/Transient.World_2:PersistentLevel.BP_Spinner_C_0.PhysicsConstraint' attempting to create a joint between objects that are both static.  No joint created.
[2022.02.10-13.59.39:143][674]LogEditorViewport: Clicking on Actor (LMB): BP_Slingshot_C (BP_Slingshot2)
[2022.02.10-15.07.39:001][788]LogEditorViewport: Clicking on Actor (LMB): BP_Rail_C (BP_Rail)
[2022.02.10-15.07.53:224][156]LogSlate: Took 0.000471 seconds to synchronously load lazily loaded font '../../../Engine/Content/Slate/Fonts/Roboto-Light.ttf' (167K)
[2022.02.10-15.07.53:244][156]LogAssetEditorSubsystem: Opening Asset editor for Blueprint /Game/Blueprints/BP_Rail.BP_Rail
[2022.02.10-15.07.53:485][156]LogNativeClassHierarchy: Verbose: Native class hierarchy updated for 'BlueprintGraph' in 0.0021 seconds. Added 126 classes and 0 folders.
[2022.02.10-15.07.54:372][156]LogSlate: Took 0.000418 seconds to synchronously load lazily loaded font '../../../Engine/Content/Slate/Fonts/Roboto-BoldCondensed.ttf' (158K)
[2022.02.10-15.07.54:435][157]LogSlate: Took 0.000303 seconds to synchronously load lazily loaded font '../../../Engine/Content/Slate/Fonts/Roboto-Italic.ttf' (157K)
[2022.02.10-15.08.03:558][235]LogWorld: UWorld::CleanupWorld for World_10, bSessionEnded=true, bCleanupResources=true
[2022.02.10-15.08.03:558][235]LogSlate: InvalidateAllWidgets triggered.  All widgets were invalidated
[2022.02.10-15.13.27:925][209]Cmd: OBJ SAVEPACKAGE PACKAGE="/Game/Maps/PinballMap" FILE="../../../../../Unreal Projects/Pinball/Content/Maps/PinballMap.umap" SILENT=true AUTOSAVING=false KEEPDIRTY=false
[2022.02.10-15.13.27:953][209]LogUObjectHash: Compacting FUObjectHashTables data took   3.07ms
[2022.02.10-15.13.27:999][209]LogSavePackage: Moving '../../../../../Unreal Projects/Pinball/Saved/PinballMap11C3CB6C444B99E54CA5478192A7AD32.tmp' to '../../../../../Unreal Projects/Pinball/Content/Maps/PinballMap.umap'
[2022.02.10-15.13.28:007][209]Cmd: OBJ SAVEPACKAGE PACKAGE="/Game/Maps/PinballMap_BuiltData" FILE="../../../../../Unreal Projects/Pinball/Content/Maps/PinballMap_BuiltData.uasset" SILENT=true
[2022.02.10-15.13.28:044][209]LogSavePackage: Moving '../../../../../Unreal Projects/Pinball/Saved/PinballMap_BuiltData64ABC4174B7C5C4F856C949F97214C65.tmp' to '../../../../../Unreal Projects/Pinball/Content/Maps/PinballMap_BuiltData.uasset'
[2022.02.10-15.13.28:062][209]AssetCheck: New page: Asset Save: multiple assets
[2022.02.10-15.13.28:062][209]LogContentValidation: Display: Validating MapBuildDataRegistry /Game/Maps/PinballMap_BuiltData.PinballMap_BuiltData
[2022.02.10-15.13.28:062][209]LogContentValidation: Display: Validating World /Game/Maps/PinballMap.PinballMap
[2022.02.10-15.32.50:534][323]LogEditorViewport: Clicking on Actor (LMB): Brush (Box Brush5)
[2022.02.10-15.32.53:364][657]LogEditorViewport: Clicking on Actor (LMB): StaticMeshActor (SM_TableFrame)
[2022.02.10-15.33.08:805][390]LogAssetEditorSubsystem: Opening Asset editor for Blueprint /Game/Blueprints/PinballGameMode.PinballGameMode
[2022.02.10-15.34.35:542][527]LogTemp: Repeating last play command: Selected Viewport
[2022.02.10-15.34.35:549][527]LogPlayLevel: PlayLevel: No blueprints needed recompiling
[2022.02.10-15.34.35:564][527]PIE: New page: PIE session: PinballMap (Feb 11, 2022, 9:34:35 AM)
[2022.02.10-15.34.35:567][527]LogOnline: OSS: Creating online subsystem instance for: NULL
[2022.02.10-15.34.35:568][527]LogOnline: OSS: TryLoadSubsystemAndSetDefault: Loaded subsystem for module [NULL]
[2022.02.10-15.34.35:568][527]LogPlayLevel: Creating play world package: /Game/Maps/UEDPIE_0_PinballMap
[2022.02.10-15.34.35:577][527]LogPlayLevel: PIE: StaticDuplicateObject took: (0.008509s)
[2022.02.10-15.34.35:577][527]LogAIModule: Creating AISystem for world PinballMap
[2022.02.10-15.34.35:578][527]LogPlayLevel: PIE: World Init took: (0.000944s)
[2022.02.10-15.34.35:578][527]LogPlayLevel: PIE: Created PIE world by copying editor world from /Game/Maps/PinballMap.PinballMap to /Game/Maps/UEDPIE_0_PinballMap.PinballMap (0.009598s)
[2022.02.10-15.34.35:595][527]LogUObjectHash: Compacting FUObjectHashTables data took   1.57ms
[2022.02.10-15.34.35:596][527]LogAudio: Display: Creating Audio Device:                 Id: 2, Scope: Unique, Realtime: True
[2022.02.10-15.34.35:596][527]LogAudioMixer: Display: Audio Mixer Platform Settings:
[2022.02.10-15.34.35:596][527]LogAudioMixer: Display: 	Sample Rate:						  48000
[2022.02.10-15.34.35:596][527]LogAudioMixer: Display: 	Callback Buffer Frame Size Requested: 1024
[2022.02.10-15.34.35:596][527]LogAudioMixer: Display: 	Callback Buffer Frame Size To Use:	  1024
[2022.02.10-15.34.35:596][527]LogAudioMixer: Display: 	Number of buffers to queue:			  2
[2022.02.10-15.34.35:596][527]LogAudioMixer: Display: 	Max Channels (voices):				  32
[2022.02.10-15.34.35:596][527]LogAudioMixer: Display: 	Number of Async Source Workers:		  0
[2022.02.10-15.34.35:596][527]LogAudio: Display: AudioDevice MaxSources: 32
[2022.02.10-15.34.35:597][527]LogAudio: Display: Audio Spatialization Plugin: None (built-in).
[2022.02.10-15.34.35:597][527]LogAudio: Display: Audio Reverb Plugin: None (built-in).
[2022.02.10-15.34.35:597][527]LogAudio: Display: Audio Occlusion Plugin: None (built-in).
[2022.02.10-15.34.35:597][527]LogAudioMixer: Display: Initializing audio mixer.
[2022.02.10-15.34.35:604][527]LogAudioMixer: Display: 0: FrontLeft
[2022.02.10-15.34.35:604][527]LogAudioMixer: Display: 1: FrontRight
[2022.02.10-15.34.35:619][527]LogAudioMixer: Display: Using Audio Device HDMI (NVIDIA High Definition Audio)
[2022.02.10-15.34.35:619][527]LogAudioMixer: Display: Initializing Sound Submixes...
[2022.02.10-15.34.35:619][527]LogAudioMixer: Display: Creating Master Submix 'MasterSubmixDefault'
[2022.02.10-15.34.35:619][527]LogAudioMixer: Display: Creating Master Submix 'MasterReverbSubmixDefault'
[2022.02.10-15.34.35:620][527]LogAudioMixer: Display: Creating Master Submix 'MasterEQSubmixDefault'
[2022.02.10-15.34.35:620][527]LogAudioMixer: FMixerPlatformXAudio2::StartAudioStream() called
[2022.02.10-15.34.35:620][527]LogAudioMixer: Display: Output buffers initialized: Frames=1024, Channels=2, Samples=2048
[2022.02.10-15.34.35:620][527]LogAudioMixer: Display: Starting AudioMixerPlatformInterface::RunInternal()
[2022.02.10-15.34.35:620][527]LogAudioMixer: Display: FMixerPlatformXAudio2::SubmitBuffer() called for the first time
[2022.02.10-15.34.35:620][527]LogInit: FAudioDevice initialized.
[2022.02.10-15.34.35:620][527]LogAudio: Display: Audio Device (ID: 2) registered with world 'PinballMap'.
[2022.02.10-15.34.35:636][527]LogLoad: Game class is 'PinballGameMode_C'
[2022.02.10-15.34.35:639][527]LogWorld: Bringing World /Game/Maps/UEDPIE_0_PinballMap.PinballMap up for play (max tick rate 0) at 2022.02.11-00.34.35
[2022.02.10-15.34.35:640][527]LogWorld: Bringing up level for play took: 0.001702
[2022.02.10-15.34.35:640][527]LogOnline: OSS: Creating online subsystem instance for: :Context_14
[2022.02.10-15.34.35:643][527]LogNativeClassHierarchy: Verbose: Native class hierarchy updated for 'MovieSceneCapture' in 0.0003 seconds. Added 20 classes and 0 folders.
[2022.02.10-15.34.35:645][527]LogSlate: Updating window title bar state: overlay mode, drag disabled, window buttons hidden, title bar hidden
[2022.02.10-15.34.35:646][527]PIE: Server logged in
[2022.02.10-15.34.35:646][527]PIE: Play in editor total start time 0.099 seconds.
[2022.02.10-15.34.35:664][527]LogAudio: Warning: Detected orphaned looping sound 'victoryMusic_loop_01_01'.
[2022.02.10-15.34.36:433][582]LogSlate: Updating window title bar state: overlay mode, drag disabled, window buttons hidden, title bar hidden
[2022.02.10-15.34.38:114][780]LogSlate: Updating window title bar state: overlay mode, drag disabled, window buttons hidden, title bar hidden
[2022.02.10-15.34.38:114][780]LogWorld: BeginTearingDown for /Game/Maps/UEDPIE_0_PinballMap
[2022.02.10-15.34.38:115][780]LogWorld: UWorld::CleanupWorld for PinballMap, bSessionEnded=true, bCleanupResources=true
[2022.02.10-15.34.38:115][780]LogSlate: InvalidateAllWidgets triggered.  All widgets were invalidated
[2022.02.10-15.34.38:125][780]LogPlayLevel: Display: Shutting down PIE online subsystems
[2022.02.10-15.34.38:133][780]LogSlate: InvalidateAllWidgets triggered.  All widgets were invalidated
[2022.02.10-15.34.38:151][780]LogAudio: Display: Audio Device unregistered from world 'None'.
[2022.02.10-15.34.38:153][780]LogAudioMixer: FMixerPlatformXAudio2::StopAudioStream() called
[2022.02.10-15.34.38:154][780]LogAudioMixer: FMixerPlatformXAudio2::StopAudioStream() called
[2022.02.10-15.34.38:155][780]LogSlate: Updating window title bar state: overlay mode, drag disabled, window buttons hidden, title bar hidden
[2022.02.10-15.34.38:175][780]LogUObjectHash: Compacting FUObjectHashTables data took   2.65ms
[2022.02.10-15.34.38:199][781]LogPlayLevel: Display: Destroying online subsystem :Context_14
[2022.02.10-15.35.12:214][801]LogEditorViewport: Clicking on Actor (LMB): BP_Plunger_C (BP_Plunger)
[2022.02.10-15.35.13:739][977]LogAssetEditorSubsystem: Opening Asset editor for Blueprint /Game/Blueprints/BP_Plunger.BP_Plunger
[2022.02.10-15.35.30:592][883]LogWorld: UWorld::CleanupWorld for World_13, bSessionEnded=true, bCleanupResources=true
[2022.02.10-15.35.30:592][883]LogSlate: InvalidateAllWidgets triggered.  All widgets were invalidated
[2022.02.10-15.35.52:014][673]LogEditorViewport: Clicking on Actor (LMB): BP_Plunger_C (BP_Plunger)
[2022.02.10-15.35.55:203][ 48]LogEditorViewport: Clicking on Actor (LMB): BP_Plunger_C (BP_Plunger)
[2022.02.10-15.36.03:834][218]LogAssetEditorSubsystem: Opening Asset editor for Blueprint /Game/Blueprints/BP_Plunger.BP_Plunger
[2022.02.10-15.36.05:253][341]LogRenderer: Reallocating scene render targets to support 1144x708 Format 10 NumSamples 1 (Frame:1).
