Log file open, 02/28/22 17:40:47
LogWindows: Failed to load 'aqProf.dll' (GetLastError=126)
LogWindows: File 'aqProf.dll' does not exist
LogWindows: Failed to load 'VtuneApi.dll' (GetLastError=126)
LogWindows: File 'VtuneApi.dll' does not exist
LogWindows: Failed to load 'VtuneApi32e.dll' (GetLastError=126)
LogWindows: File 'VtuneApi32e.dll' does not exist
LogConsoleResponse: Display: Failed to find resolution value strings in scalability ini. Falling back to default.
LogConsoleResponse: Display: Failed to find resolution value strings in scalability ini. Falling back to default.
LogPakFile: Display: Found Pak file ../../../Survival/Content/Paks/Survival-WindowsNoEditor.pak attempting to mount.
LogPakFile: Display: Mounting pak file ../../../Survival/Content/Paks/Survival-WindowsNoEditor.pak.
LogPakFile: PakFile PrimaryIndexSize=33050
LogPakFile: PakFile PathHashIndexSize=48794
LogPakFile: PakFile FullDirectoryIndexSize=69185
LogShaderLibrary: Display: ShaderCodeLibraryPakFileMountedCallback: PakFile '../../../Survival/Content/Paks/Survival-WindowsNoEditor.pak' (chunk index -1, root '../../../') mounted
LogShaderLibrary: Display: ShaderCodeLibraryPakFileMountedCallback: pending pak file info (ChunkID:-1 Root:../../../ File:../../../Survival/Content/Paks/Survival-WindowsNoEditor.pak)
LogPakFile: OnPakFileMounted2Time == 0.000033
LogPlatformFile: Not using cached read wrapper
LogTaskGraph: Started task graph with 5 named threads and 26 total threads with 3 sets of task threads.
LogStats: Stats thread started at 0.082700
LogICUInternationalization: ICU TimeZone Detection - Raw Offset: +9:00, Platform Override: ''
LogInit: Display: Loading text-based GConfig....
LogPluginManager: Mounting plugin NativizedAssets
LogPluginManager: Mounting plugin MagicLeapPassableWorld
LogPluginManager: Mounting plugin Paper2D
LogPluginManager: Mounting plugin AISupport
LogPluginManager: Mounting plugin EnvironmentQueryEditor
LogPluginManager: Mounting plugin LightPropagationVolume
LogPluginManager: Mounting plugin CameraShakePreviewer
LogPluginManager: Mounting plugin GameplayCameras
LogPluginManager: Mounting plugin TemplateSequence
LogPluginManager: Mounting plugin LevelSequenceEditor
LogPluginManager: Mounting plugin OodleData
LogPluginManager: Mounting plugin OodleNetwork
LogPluginManager: Mounting plugin AnimationSharing
LogPluginManager: Mounting plugin SignificanceManager
LogPluginManager: Mounting plugin PixWinPlugin
LogPluginManager: Mounting plugin PluginUtils
LogPluginManager: Mounting plugin PropertyAccessEditor
LogPluginManager: Mounting plugin UObjectPlugin
LogPluginManager: Mounting plugin AssetManagerEditor
LogPluginManager: Mounting plugin FacialAnimation
LogPluginManager: Mounting plugin GeometryMode
LogPluginManager: Mounting plugin SpeedTreeImporter
LogPluginManager: Mounting plugin DatasmithContent
LogPluginManager: Mounting plugin VariantManagerContent
LogPluginManager: Mounting plugin AlembicImporter
LogPluginManager: Mounting plugin GeometryCache
LogPluginManager: Mounting plugin AutomationUtils
LogPluginManager: Mounting plugin ScreenshotTools
LogPluginManager: Mounting plugin BackChannel
LogPluginManager: Mounting plugin ChaosClothEditor
LogPluginManager: Mounting plugin ChaosCloth
LogPluginManager: Mounting plugin ChaosEditor
LogPluginManager: Mounting plugin PlanarCut
LogPluginManager: Mounting plugin GeometryProcessing
LogPluginManager: Mounting plugin EditableMesh
LogPluginManager: Mounting plugin GeometryCollectionPlugin
LogPluginManager: Mounting plugin ProceduralMeshComponent
LogPluginManager: Mounting plugin ChaosSolverPlugin
LogPluginManager: Mounting plugin ChaosNiagara
LogPluginManager: Mounting plugin Niagara
LogPluginManager: Mounting plugin PythonScriptPlugin
LogPluginManager: Mounting plugin CharacterAI
LogPluginManager: Mounting plugin MotoSynth
LogPluginManager: Mounting plugin OpenImageDenoise
LogPluginManager: Mounting plugin PlatformCrypto
LogPluginManager: Mounting plugin MagicLeap
LogPluginManager: Mounting plugin MLSDK
LogPluginManager: Mounting plugin MagicLeapLightEstimation
LogPluginManager: Mounting plugin AvfMedia
LogPluginManager: Mounting plugin ImgMedia
LogPluginManager: Mounting plugin MediaCompositing
LogPluginManager: Mounting plugin WmfMedia
LogPluginManager: Mounting plugin MeshPainting
LogPluginManager: Mounting plugin TcpMessaging
LogPluginManager: Mounting plugin UdpMessaging
LogPluginManager: Mounting plugin ActorSequence
LogPluginManager: Mounting plugin MatineeToLevelSequence
LogPluginManager: Mounting plugin OnlineSubsystemNull
LogPluginManager: Mounting plugin OnlineSubsystem
LogPluginManager: Mounting plugin OnlineSubsystemUtils
LogPluginManager: Mounting plugin LauncherChunkInstaller
LogPluginManager: Mounting plugin ActorLayerUtilities
LogPluginManager: Mounting plugin AndroidPermission
LogPluginManager: Mounting plugin AppleImageUtils
LogPluginManager: Mounting plugin ArchVisCharacter
LogPluginManager: Mounting plugin AssetTags
LogPluginManager: Mounting plugin AudioCapture
LogPluginManager: Mounting plugin CableComponent
LogPluginManager: Mounting plugin ChunkDownloader
LogPluginManager: Mounting plugin CustomMeshComponent
LogPluginManager: Mounting plugin ExampleDeviceProfileSelector
LogPluginManager: Mounting plugin GooglePAD
LogPluginManager: Mounting plugin LocationServicesBPLibrary
LogPluginManager: Mounting plugin MobilePatchingUtils
LogPluginManager: Mounting plugin OculusVR
LogPluginManager: Mounting plugin OpenXREyeTracker
LogPluginManager: Mounting plugin OpenXR
LogPluginManager: Mounting plugin OpenXRHandTracking
LogPluginManager: Mounting plugin LiveLink
LogPluginManager: Mounting plugin Takes
LogPluginManager: Mounting plugin PhysXVehicles
LogPluginManager: Mounting plugin RuntimePhysXCooking
LogPluginManager: Mounting plugin SoundFields
LogPluginManager: Mounting plugin SteamVR
LogPluginManager: Mounting plugin Synthesis
LogPluginManager: Mounting plugin AudioSynesthesia
LogPluginManager: Mounting plugin WebMMoviePlayer
LogPluginManager: Mounting plugin WebMMedia
LogPluginManager: Mounting plugin WindowsMoviePlayer
PixWinPlugin: PIX capture plugin failed to initialize! Check that the process is launched from PIX.
LogLuminAPIImpl: Warning: MLSDK not found.  This likely means the MLSDK environment variable is not set.
LogInit: Using libcurl 7.55.1-DEV
LogInit:  - built for x86_64-pc-win32
LogInit:  - supports SSL with OpenSSL/1.1.1
LogInit:  - supports HTTP deflate (compression) using libz 1.2.8
LogInit:  - other features:
LogInit:      CURL_VERSION_SSL
LogInit:      CURL_VERSION_LIBZ
LogInit:      CURL_VERSION_IPV6
LogInit:      CURL_VERSION_ASYNCHDNS
LogInit:      CURL_VERSION_LARGEFILE
LogInit:      CURL_VERSION_IDN
LogInit:  CurlRequestOptions (configurable via config and command line):
LogInit:  - bVerifyPeer = true  - Libcurl will verify peer certificate
LogInit:  - bUseHttpProxy = false  - Libcurl will NOT use HTTP proxy
LogInit:  - bDontReuseConnections = false  - Libcurl will reuse connections
LogInit:  - MaxHostConnections = 16  - Libcurl will limit the number of connections to a host
LogInit:  - LocalHostAddr = Default
LogInit:  - BufferSize = 65536
LogOnline: OSS: Creating online subsystem instance for: NULL
LogInit: WinSock: version 1.1 (2.2), MaxSocks=32767, MaxUdp=65467
LogOnline: OSS: TryLoadSubsystemAndSetDefault: Loaded subsystem for module [NULL]
LogOculusPluginWrapper: OculusPlugin initialized successfully
LogHMD: Failed initializing OVRPlugin 1.59.0
LogInit: Build: ++UE4+Release-4.27-CL-17735300
LogInit: Engine Version: 4.27.1-17735300+++UE4+Release-4.27
LogInit: Compatible Engine Version: 4.27.0-17155196+++UE4+Release-4.27
LogInit: Net CL: 17155196
LogInit: OS: Windows 10 (Release 2009) (), CPU: Intel(R) Core(TM) i7-9700F CPU @ 3.00GHz, GPU: NVIDIA GeForce GTX 1660 SUPER
LogInit: Compiled (64-bit): Oct  6 2021 14:55:41
LogInit: Compiled with Visual C++: 19.16.27032.01
LogInit: Build Configuration: Development
LogInit: Branch Name: ++UE4+Release-4.27
LogInit: Command Line: 
LogInit: Base Directory: E:/Unreal Projects/Packaged/WindowsNoEditor/Survival/Binaries/Win64/
LogInit: Allocator: binned2
LogInit: Installed Engine Build: 0
LogDevObjectVersion: Number of dev versions registered: 29
LogDevObjectVersion:   Dev-Blueprints (B0D832E4-1F89-4F0D-ACCF-7EB736FD4AA2): 10
LogDevObjectVersion:   Dev-Build (E1C64328-A22C-4D53-A36C-8E866417BD8C): 0
LogDevObjectVersion:   Dev-Core (375EC13C-06E4-48FB-B500-84F0262A717E): 4
LogDevObjectVersion:   Dev-Editor (E4B068ED-F494-42E9-A231-DA0B2E46BB41): 40
LogDevObjectVersion:   Dev-Framework (CFFC743F-43B0-4480-9391-14DF171D2073): 37
LogDevObjectVersion:   Dev-Mobile (B02B49B5-BB20-44E9-A304-32B752E40360): 3
LogDevObjectVersion:   Dev-Networking (A4E4105C-59A1-49B5-A7C5-40C4547EDFEE): 0
LogDevObjectVersion:   Dev-Online (39C831C9-5AE6-47DC-9A44-9C173E1C8E7C): 0
LogDevObjectVersion:   Dev-Physics (78F01B33-EBEA-4F98-B9B4-84EACCB95AA2): 14
LogDevObjectVersion:   Dev-Platform (6631380F-2D4D-43E0-8009-CF276956A95A): 0
LogDevObjectVersion:   Dev-Rendering (12F88B9F-8875-4AFC-A67C-D90C383ABD29): 45
LogDevObjectVersion:   Dev-Sequencer (7B5AE74C-D270-4C10-A958-57980B212A5A): 13
LogDevObjectVersion:   Dev-VR (D7296918-1DD6-4BDD-9DE2-64A83CC13884): 3
LogDevObjectVersion:   Dev-LoadTimes (C2A15278-BFE7-4AFE-6C17-90FF531DF755): 1
LogDevObjectVersion:   Private-Geometry (6EACA3D4-40EC-4CC1-B786-8BED09428FC5): 3
LogDevObjectVersion:   Dev-AnimPhys (29E575DD-E0A3-4627-9D10-D276232CDCEA): 17
LogDevObjectVersion:   Dev-Anim (AF43A65D-7FD3-4947-9873-3E8ED9C1BB05): 15
LogDevObjectVersion:   Dev-ReflectionCapture (6B266CEC-1EC7-4B8F-A30B-E4D90942FC07): 1
LogDevObjectVersion:   Dev-Automation (0DF73D61-A23F-47EA-B727-89E90C41499A): 1
LogDevObjectVersion:   FortniteMain (601D1886-AC64-4F84-AA16-D3DE0DEAC7D6): 47
LogDevObjectVersion:   FortniteRelease (E7086368-6B23-4C58-8439-1B7016265E91): 1
LogDevObjectVersion:   Dev-Enterprise (9DFFBCD6-494F-0158-E221-12823C92A888): 10
LogDevObjectVersion:   Dev-Niagara (F2AED0AC-9AFE-416F-8664-AA7FFA26D6FC): 1
LogDevObjectVersion:   Dev-Destruction (174F1F0B-B4C6-45A5-B13F-2EE8D0FB917D): 10
LogDevObjectVersion:   Dev-Physics-Ext (35F94A83-E258-406C-A318-09F59610247C): 41
LogDevObjectVersion:   Dev-PhysicsMaterial-Chaos (B68FC16E-8B1B-42E2-B453-215C058844FE): 1
LogDevObjectVersion:   Dev-CineCamera (B2E18506-4273-CFC2-A54E-F4BB758BBA07): 1
LogDevObjectVersion:   Dev-VirtualProduction (64F58936-FD1B-42BA-BA96-7289D5D0FA4E): 1
LogDevObjectVersion:   Dev-MediaFramework (6F0ED827-A609-4895-9C91-998D90180EA4): 2
LogInit: Presizing for max 2097152 objects, including 1 objects not considered by GC, pre-allocating 0 bytes for permanent pool.
LogConfig: Applying CVar settings from Section [/Script/Engine.StreamingSettings] File [../../../Survival/Saved/Config/WindowsNoEditor/Engine.ini]
LogConfig: Setting CVar [[s.MinBulkDataSizeForAsyncLoading:131072]]
LogConfig: Setting CVar [[s.AsyncLoadingThreadEnabled:0]]
LogConfig: Setting CVar [[s.EventDrivenLoaderEnabled:1]]
LogConfig: Setting CVar [[s.WarnIfTimeLimitExceeded:0]]
LogConfig: Setting CVar [[s.TimeLimitExceededMultiplier:1.5]]
LogConfig: Setting CVar [[s.TimeLimitExceededMinTime:0.005]]
LogConfig: Setting CVar [[s.UseBackgroundLevelStreaming:1]]
LogConfig: Setting CVar [[s.PriorityAsyncLoadingExtraTime:15.0]]
LogConfig: Setting CVar [[s.LevelStreamingActorsUpdateTimeLimit:5.0]]
LogConfig: Setting CVar [[s.PriorityLevelStreamingActorsUpdateExtraTime:5.0]]
LogConfig: Setting CVar [[s.LevelStreamingComponentsRegistrationGranularity:10]]
LogConfig: Setting CVar [[s.UnregisterComponentsTimeLimit:1.0]]
LogConfig: Setting CVar [[s.LevelStreamingComponentsUnregistrationGranularity:5]]
LogConfig: Setting CVar [[s.FlushStreamingOnExit:1]]
LogStreaming: Display: Async Loading initialized: Event Driven Loader: true, Async Loading Thread: false, Async Post Load: true
LogInit: Object subsystem initialized
LogConfig: Setting CVar [[con.DebugEarlyDefault:1]]
LogConfig: Setting CVar [[r.setres:1280x720]]
LogConfig: Setting CVar [[fx.NiagaraAllowRuntimeScalabilityChanges:1]]
[2022.02.28-08.40.47:717][  0]LogConfig: Setting CVar [[con.DebugEarlyDefault:1]]
[2022.02.28-08.40.47:717][  0]LogConfig: Setting CVar [[r.setres:1280x720]]
[2022.02.28-08.40.47:717][  0]LogConfig: Setting CVar [[fx.NiagaraAllowRuntimeScalabilityChanges:1]]
[2022.02.28-08.40.47:717][  0]LogConfig: Applying CVar settings from Section [/Script/Engine.RendererSettings] File [../../../Survival/Saved/Config/WindowsNoEditor/Engine.ini]
[2022.02.28-08.40.47:717][  0]LogConfig: Setting CVar [[r.GPUCrashDebugging:0]]
[2022.02.28-08.40.47:717][  0]LogConfig: Applying CVar settings from Section [/Script/Engine.RendererOverrideSettings] File [../../../Survival/Saved/Config/WindowsNoEditor/Engine.ini]
[2022.02.28-08.40.47:717][  0]LogConfig: Applying CVar settings from Section [/Script/Engine.StreamingSettings] File [../../../Survival/Saved/Config/WindowsNoEditor/Engine.ini]
[2022.02.28-08.40.47:717][  0]LogConfig: Setting CVar [[s.MinBulkDataSizeForAsyncLoading:131072]]
[2022.02.28-08.40.47:717][  0]LogConfig: Setting CVar [[s.AsyncLoadingThreadEnabled:0]]
[2022.02.28-08.40.47:717][  0]LogConfig: Setting CVar [[s.EventDrivenLoaderEnabled:1]]
[2022.02.28-08.40.47:717][  0]LogConfig: Setting CVar [[s.WarnIfTimeLimitExceeded:0]]
[2022.02.28-08.40.47:717][  0]LogConfig: Setting CVar [[s.TimeLimitExceededMultiplier:1.5]]
[2022.02.28-08.40.47:717][  0]LogConfig: Setting CVar [[s.TimeLimitExceededMinTime:0.005]]
[2022.02.28-08.40.47:717][  0]LogConfig: Setting CVar [[s.UseBackgroundLevelStreaming:1]]
[2022.02.28-08.40.47:717][  0]LogConfig: Setting CVar [[s.PriorityAsyncLoadingExtraTime:15.0]]
[2022.02.28-08.40.47:717][  0]LogConfig: Setting CVar [[s.LevelStreamingActorsUpdateTimeLimit:5.0]]
[2022.02.28-08.40.47:717][  0]LogConfig: Setting CVar [[s.PriorityLevelStreamingActorsUpdateExtraTime:5.0]]
[2022.02.28-08.40.47:717][  0]LogConfig: Setting CVar [[s.LevelStreamingComponentsRegistrationGranularity:10]]
[2022.02.28-08.40.47:717][  0]LogConfig: Setting CVar [[s.UnregisterComponentsTimeLimit:1.0]]
[2022.02.28-08.40.47:717][  0]LogConfig: Setting CVar [[s.LevelStreamingComponentsUnregistrationGranularity:5]]
[2022.02.28-08.40.47:717][  0]LogConfig: Setting CVar [[s.FlushStreamingOnExit:1]]
[2022.02.28-08.40.47:717][  0]LogConfig: Applying CVar settings from Section [/Script/Engine.GarbageCollectionSettings] File [../../../Survival/Saved/Config/WindowsNoEditor/Engine.ini]
[2022.02.28-08.40.47:717][  0]LogConfig: Setting CVar [[gc.MaxObjectsNotConsideredByGC:1]]
[2022.02.28-08.40.47:717][  0]LogConfig: Setting CVar [[gc.SizeOfPermanentObjectPool:0]]
[2022.02.28-08.40.47:717][  0]LogConfig: Setting CVar [[gc.FlushStreamingOnGC:0]]
[2022.02.28-08.40.47:717][  0]LogConfig: Setting CVar [[gc.NumRetriesBeforeForcingGC:10]]
[2022.02.28-08.40.47:717][  0]LogConfig: Setting CVar [[gc.AllowParallelGC:1]]
[2022.02.28-08.40.47:717][  0]LogConfig: Setting CVar [[gc.TimeBetweenPurgingPendingKillObjects:61.1]]
[2022.02.28-08.40.47:717][  0]LogConfig: Setting CVar [[gc.MaxObjectsInEditor:25165824]]
[2022.02.28-08.40.47:717][  0]LogConfig: Setting CVar [[gc.IncrementalBeginDestroyEnabled:1]]
[2022.02.28-08.40.47:717][  0]LogConfig: Setting CVar [[gc.CreateGCClusters:1]]
[2022.02.28-08.40.47:717][  0]LogConfig: Setting CVar [[gc.MinGCClusterSize:5]]
[2022.02.28-08.40.47:717][  0]LogConfig: Setting CVar [[gc.ActorClusteringEnabled:0]]
[2022.02.28-08.40.47:717][  0]LogConfig: Setting CVar [[gc.BlueprintClusteringEnabled:0]]
[2022.02.28-08.40.47:717][  0]LogConfig: Setting CVar [[gc.UseDisregardForGCOnDedicatedServers:0]]
[2022.02.28-08.40.47:717][  0]LogConfig: Setting CVar [[gc.MultithreadedDestructionEnabled:1]]
[2022.02.28-08.40.47:717][  0]LogConfig: Applying CVar settings from Section [/Script/Engine.NetworkSettings] File [../../../Survival/Saved/Config/WindowsNoEditor/Engine.ini]
[2022.02.28-08.40.47:827][  0]LogConfig: Applying CVar settings from Section [ViewDistanceQuality@3] File [../../../Survival/Saved/Config/WindowsNoEditor/Scalability.ini]
[2022.02.28-08.40.47:827][  0]LogConfig: Setting CVar [[r.SkeletalMeshLODBias:0]]
[2022.02.28-08.40.47:827][  0]LogConfig: Setting CVar [[r.ViewDistanceScale:1.0]]
[2022.02.28-08.40.47:827][  0]LogConfig: Applying CVar settings from Section [AntiAliasingQuality@3] File [../../../Survival/Saved/Config/WindowsNoEditor/Scalability.ini]
[2022.02.28-08.40.47:827][  0]LogConfig: Setting CVar [[r.PostProcessAAQuality:4]]
[2022.02.28-08.40.47:827][  0]LogConfig: Applying CVar settings from Section [ShadowQuality@3] File [../../../Survival/Saved/Config/WindowsNoEditor/Scalability.ini]
[2022.02.28-08.40.47:827][  0]LogConfig: Setting CVar [[r.LightFunctionQuality:1]]
[2022.02.28-08.40.47:827][  0]LogConfig: Setting CVar [[r.ShadowQuality:5]]
[2022.02.28-08.40.47:827][  0]LogConfig: Setting CVar [[r.Shadow.CSM.MaxCascades:10]]
[2022.02.28-08.40.47:827][  0]LogConfig: Setting CVar [[r.Shadow.MaxResolution:2048]]
[2022.02.28-08.40.47:827][  0]LogConfig: Setting CVar [[r.Shadow.MaxCSMResolution:2048]]
[2022.02.28-08.40.47:827][  0]LogConfig: Setting CVar [[r.Shadow.RadiusThreshold:0.01]]
[2022.02.28-08.40.47:827][  0]LogConfig: Setting CVar [[r.Shadow.DistanceScale:1.0]]
[2022.02.28-08.40.47:827][  0]LogConfig: Setting CVar [[r.Shadow.CSM.TransitionScale:1.0]]
[2022.02.28-08.40.47:828][  0]LogConfig: Setting CVar [[r.Shadow.PreShadowResolutionFactor:1.0]]
[2022.02.28-08.40.47:828][  0]LogConfig: Setting CVar [[r.DistanceFieldShadowing:1]]
[2022.02.28-08.40.47:828][  0]LogConfig: Setting CVar [[r.DistanceFieldAO:1]]
[2022.02.28-08.40.47:828][  0]LogConfig: Setting CVar [[r.AOQuality:2]]
[2022.02.28-08.40.47:828][  0]LogConfig: Setting CVar [[r.VolumetricFog:1]]
[2022.02.28-08.40.47:828][  0]LogConfig: Setting CVar [[r.VolumetricFog.GridPixelSize:8]]
[2022.02.28-08.40.47:828][  0]LogConfig: Setting CVar [[r.VolumetricFog.GridSizeZ:128]]
[2022.02.28-08.40.47:828][  0]LogConfig: Setting CVar [[r.VolumetricFog.HistoryMissSupersampleCount:4]]
[2022.02.28-08.40.47:828][  0]LogConfig: Setting CVar [[r.LightMaxDrawDistanceScale:1]]
[2022.02.28-08.40.47:828][  0]LogConfig: Setting CVar [[r.CapsuleShadows:1]]
[2022.02.28-08.40.47:828][  0]LogConfig: Applying CVar settings from Section [PostProcessQuality@3] File [../../../Survival/Saved/Config/WindowsNoEditor/Scalability.ini]
[2022.02.28-08.40.47:828][  0]LogConfig: Setting CVar [[r.MotionBlurQuality:4]]
[2022.02.28-08.40.47:828][  0]LogConfig: Setting CVar [[r.AmbientOcclusionMipLevelFactor:0.4]]
[2022.02.28-08.40.47:828][  0]LogConfig: Setting CVar [[r.AmbientOcclusionMaxQuality:100]]
[2022.02.28-08.40.47:828][  0]LogConfig: Setting CVar [[r.AmbientOcclusionLevels:-1]]
[2022.02.28-08.40.47:828][  0]LogConfig: Setting CVar [[r.AmbientOcclusionRadiusScale:1.0]]
[2022.02.28-08.40.47:828][  0]LogConfig: Setting CVar [[r.DepthOfFieldQuality:2]]
[2022.02.28-08.40.47:828][  0]LogConfig: Setting CVar [[r.RenderTargetPoolMin:400]]
[2022.02.28-08.40.47:828][  0]LogConfig: Setting CVar [[r.LensFlareQuality:2]]
[2022.02.28-08.40.47:828][  0]LogConfig: Setting CVar [[r.SceneColorFringeQuality:1]]
[2022.02.28-08.40.47:828][  0]LogConfig: Setting CVar [[r.EyeAdaptationQuality:2]]
[2022.02.28-08.40.47:828][  0]LogConfig: Setting CVar [[r.BloomQuality:5]]
[2022.02.28-08.40.47:828][  0]LogConfig: Setting CVar [[r.FastBlurThreshold:100]]
[2022.02.28-08.40.47:828][  0]LogConfig: Setting CVar [[r.Upscale.Quality:3]]
[2022.02.28-08.40.47:828][  0]LogConfig: Setting CVar [[r.Tonemapper.GrainQuantization:1]]
[2022.02.28-08.40.47:828][  0]LogConfig: Setting CVar [[r.LightShaftQuality:1]]
[2022.02.28-08.40.47:828][  0]LogConfig: Setting CVar [[r.Filter.SizeScale:1]]
[2022.02.28-08.40.47:828][  0]LogConfig: Setting CVar [[r.Tonemapper.Quality:5]]
[2022.02.28-08.40.47:828][  0]LogConfig: Setting CVar [[r.DOF.Gather.AccumulatorQuality:1        ; higher gathering accumulator quality]]
[2022.02.28-08.40.47:828][  0]LogConfig: Setting CVar [[r.DOF.Gather.PostfilterMethod:1          ; Median3x3 postfilering method]]
[2022.02.28-08.40.47:828][  0]LogConfig: Setting CVar [[r.DOF.Gather.EnableBokehSettings:0       ; no bokeh simulation when gathering]]
[2022.02.28-08.40.47:828][  0]LogConfig: Setting CVar [[r.DOF.Gather.RingCount:4                 ; medium number of samples when gathering]]
[2022.02.28-08.40.47:828][  0]LogConfig: Setting CVar [[r.DOF.Scatter.ForegroundCompositing:1    ; additive foreground scattering]]
[2022.02.28-08.40.47:828][  0]LogConfig: Setting CVar [[r.DOF.Scatter.BackgroundCompositing:2    ; additive background scattering]]
[2022.02.28-08.40.47:828][  0]LogConfig: Setting CVar [[r.DOF.Scatter.EnableBokehSettings:1      ; bokeh simulation when scattering]]
[2022.02.28-08.40.47:828][  0]LogConfig: Setting CVar [[r.DOF.Scatter.MaxSpriteRatio:0.1         ; only a maximum of 10% of scattered bokeh]]
[2022.02.28-08.40.47:828][  0]LogConfig: Setting CVar [[r.DOF.Recombine.Quality:1                ; cheap slight out of focus]]
[2022.02.28-08.40.47:828][  0]LogConfig: Setting CVar [[r.DOF.Recombine.EnableBokehSettings:0    ; no bokeh simulation on slight out of focus]]
[2022.02.28-08.40.47:828][  0]LogConfig: Setting CVar [[r.DOF.TemporalAAQuality:1                ; more stable temporal accumulation]]
[2022.02.28-08.40.47:828][  0]LogConfig: Setting CVar [[r.DOF.Kernel.MaxForegroundRadius:0.025]]
[2022.02.28-08.40.47:828][  0]LogConfig: Setting CVar [[r.DOF.Kernel.MaxBackgroundRadius:0.025]]
[2022.02.28-08.40.47:828][  0]LogConfig: Applying CVar settings from Section [TextureQuality@3] File [../../../Survival/Saved/Config/WindowsNoEditor/Scalability.ini]
[2022.02.28-08.40.47:828][  0]LogConfig: Setting CVar [[r.Streaming.MipBias:0]]
[2022.02.28-08.40.47:828][  0]LogConfig: Setting CVar [[r.Streaming.AmortizeCPUToGPUCopy:0]]
[2022.02.28-08.40.47:828][  0]LogConfig: Setting CVar [[r.Streaming.MaxNumTexturesToStreamPerFrame:0]]
[2022.02.28-08.40.47:828][  0]LogConfig: Setting CVar [[r.Streaming.Boost:1]]
[2022.02.28-08.40.47:828][  0]LogConfig: Setting CVar [[r.MaxAnisotropy:8]]
[2022.02.28-08.40.47:828][  0]LogConfig: Setting CVar [[r.VT.MaxAnisotropy:8]]
[2022.02.28-08.40.47:828][  0]LogConfig: Setting CVar [[r.Streaming.LimitPoolSizeToVRAM:0]]
[2022.02.28-08.40.47:828][  0]LogConfig: Setting CVar [[r.Streaming.PoolSize:1000]]
[2022.02.28-08.40.47:828][  0]LogConfig: Setting CVar [[r.Streaming.MaxEffectiveScreenSize:0]]
[2022.02.28-08.40.47:828][  0]LogConfig: Applying CVar settings from Section [EffectsQuality@3] File [../../../Survival/Saved/Config/WindowsNoEditor/Scalability.ini]
[2022.02.28-08.40.47:828][  0]LogConfig: Setting CVar [[r.TranslucencyLightingVolumeDim:64]]
[2022.02.28-08.40.47:828][  0]LogConfig: Setting CVar [[r.RefractionQuality:2]]
[2022.02.28-08.40.47:828][  0]LogConfig: Setting CVar [[r.SSR.Quality:3]]
[2022.02.28-08.40.47:828][  0]LogConfig: Setting CVar [[r.SSR.HalfResSceneColor:0]]
[2022.02.28-08.40.47:828][  0]LogConfig: Setting CVar [[r.SceneColorFormat:4]]
[2022.02.28-08.40.47:828][  0]LogConfig: Setting CVar [[r.DetailMode:2]]
[2022.02.28-08.40.47:828][  0]LogConfig: Setting CVar [[r.TranslucencyVolumeBlur:1]]
[2022.02.28-08.40.47:828][  0]LogConfig: Setting CVar [[r.MaterialQualityLevel:1 ; High quality]]
[2022.02.28-08.40.47:828][  0]LogConfig: Setting CVar [[r.AnisotropicMaterials:1]]
[2022.02.28-08.40.47:828][  0]LogConfig: Setting CVar [[r.SSS.Scale:1]]
[2022.02.28-08.40.47:828][  0]LogConfig: Setting CVar [[r.SSS.SampleSet:2]]
[2022.02.28-08.40.47:828][  0]LogConfig: Setting CVar [[r.SSS.Quality:1]]
[2022.02.28-08.40.47:828][  0]LogConfig: Setting CVar [[r.SSS.HalfRes:0]]
[2022.02.28-08.40.47:828][  0]LogConfig: Setting CVar [[r.SSGI.Quality:3]]
[2022.02.28-08.40.47:828][  0]LogConfig: Setting CVar [[r.EmitterSpawnRateScale:1.0]]
[2022.02.28-08.40.47:828][  0]LogConfig: Setting CVar [[r.ParticleLightQuality:2]]
[2022.02.28-08.40.47:828][  0]LogConfig: Setting CVar [[r.SkyAtmosphere.AerialPerspectiveLUT.FastApplyOnOpaque:1 ; Always have FastSkyLUT 1 in this case to avoid wrong sky]]
[2022.02.28-08.40.47:828][  0]LogConfig: Setting CVar [[r.SkyAtmosphere.AerialPerspectiveLUT.SampleCountMaxPerSlice:4]]
[2022.02.28-08.40.47:828][  0]LogConfig: Setting CVar [[r.SkyAtmosphere.AerialPerspectiveLUT.DepthResolution:16.0]]
[2022.02.28-08.40.47:828][  0]LogConfig: Setting CVar [[r.SkyAtmosphere.FastSkyLUT:1]]
[2022.02.28-08.40.47:828][  0]LogConfig: Setting CVar [[r.SkyAtmosphere.FastSkyLUT.SampleCountMin:4.0]]
[2022.02.28-08.40.47:828][  0]LogConfig: Setting CVar [[r.SkyAtmosphere.FastSkyLUT.SampleCountMax:128.0]]
[2022.02.28-08.40.47:828][  0]LogConfig: Setting CVar [[r.SkyAtmosphere.SampleCountMin:4.0]]
[2022.02.28-08.40.47:828][  0]LogConfig: Setting CVar [[r.SkyAtmosphere.SampleCountMax:128.0]]
[2022.02.28-08.40.47:828][  0]LogConfig: Setting CVar [[r.SkyAtmosphere.TransmittanceLUT.UseSmallFormat:0]]
[2022.02.28-08.40.47:828][  0]LogConfig: Setting CVar [[r.SkyAtmosphere.TransmittanceLUT.SampleCount:10.0]]
[2022.02.28-08.40.47:828][  0]LogConfig: Setting CVar [[r.SkyAtmosphere.MultiScatteringLUT.SampleCount:15.0]]
[2022.02.28-08.40.47:828][  0]LogConfig: Setting CVar [[r.SkyLight.RealTimeReflectionCapture:1]]
[2022.02.28-08.40.47:828][  0]LogConfig: Setting CVar [[fx.Niagara.QualityLevel:3]]
[2022.02.28-08.40.47:828][  0]LogConfig: Applying CVar settings from Section [FoliageQuality@3] File [../../../Survival/Saved/Config/WindowsNoEditor/Scalability.ini]
[2022.02.28-08.40.47:828][  0]LogConfig: Setting CVar [[foliage.DensityScale:1.0]]
[2022.02.28-08.40.47:828][  0]LogConfig: Setting CVar [[grass.DensityScale:1.0]]
[2022.02.28-08.40.47:828][  0]LogConfig: Applying CVar settings from Section [ShadingQuality@3] File [../../../Survival/Saved/Config/WindowsNoEditor/Scalability.ini]
[2022.02.28-08.40.47:828][  0]LogConfig: Setting CVar [[r.HairStrands.SkyLighting.IntegrationType:2]]
[2022.02.28-08.40.47:828][  0]LogConfig: Setting CVar [[r.HairStrands.SkyAO.SampleCount:4]]
[2022.02.28-08.40.47:828][  0]LogConfig: Setting CVar [[r.HairStrands.Visibility.MSAA.SamplePerPixel:4]]
[2022.02.28-08.40.47:828][  0]LogInit: Selected Device Profile: [WindowsNoEditor]
[2022.02.28-08.40.47:828][  0]LogInit: Applying CVar settings loaded from the selected device profile: [WindowsNoEditor]
[2022.02.28-08.40.47:828][  0]LogHAL: Display: Platform has ~ 16 GB [17106583552 / 17179869184 / 16], which maps to Larger [LargestMinGB=32, LargerMinGB=12, DefaultMinGB=8, SmallerMinGB=6, SmallestMinGB=0)
[2022.02.28-08.40.47:828][  0]LogInit: Going up to parent DeviceProfile [Windows]
[2022.02.28-08.40.47:828][  0]LogInit: Going up to parent DeviceProfile []
[2022.02.28-08.40.47:828][  0]LogConfig: Applying CVar settings from Section [ViewDistanceQuality@3] File [../../../Survival/Saved/Config/WindowsNoEditor/Scalability.ini]
[2022.02.28-08.40.47:828][  0]LogConfig: Setting CVar [[r.SkeletalMeshLODBias:0]]
[2022.02.28-08.40.47:828][  0]LogConfig: Setting CVar [[r.ViewDistanceScale:1.0]]
[2022.02.28-08.40.47:828][  0]LogConfig: Applying CVar settings from Section [AntiAliasingQuality@3] File [../../../Survival/Saved/Config/WindowsNoEditor/Scalability.ini]
[2022.02.28-08.40.47:828][  0]LogConfig: Setting CVar [[r.PostProcessAAQuality:4]]
[2022.02.28-08.40.47:828][  0]LogConfig: Applying CVar settings from Section [ShadowQuality@3] File [../../../Survival/Saved/Config/WindowsNoEditor/Scalability.ini]
[2022.02.28-08.40.47:828][  0]LogConfig: Setting CVar [[r.LightFunctionQuality:1]]
[2022.02.28-08.40.47:828][  0]LogConfig: Setting CVar [[r.ShadowQuality:5]]
[2022.02.28-08.40.47:828][  0]LogConfig: Setting CVar [[r.Shadow.CSM.MaxCascades:10]]
[2022.02.28-08.40.47:828][  0]LogConfig: Setting CVar [[r.Shadow.MaxResolution:2048]]
[2022.02.28-08.40.47:828][  0]LogConfig: Setting CVar [[r.Shadow.MaxCSMResolution:2048]]
[2022.02.28-08.40.47:828][  0]LogConfig: Setting CVar [[r.Shadow.RadiusThreshold:0.01]]
[2022.02.28-08.40.47:828][  0]LogConfig: Setting CVar [[r.Shadow.DistanceScale:1.0]]
[2022.02.28-08.40.47:828][  0]LogConfig: Setting CVar [[r.Shadow.CSM.TransitionScale:1.0]]
[2022.02.28-08.40.47:829][  0]LogConfig: Setting CVar [[r.Shadow.PreShadowResolutionFactor:1.0]]
[2022.02.28-08.40.47:829][  0]LogConfig: Setting CVar [[r.DistanceFieldShadowing:1]]
[2022.02.28-08.40.47:829][  0]LogConfig: Setting CVar [[r.DistanceFieldAO:1]]
[2022.02.28-08.40.47:829][  0]LogConfig: Setting CVar [[r.AOQuality:2]]
[2022.02.28-08.40.47:829][  0]LogConfig: Setting CVar [[r.VolumetricFog:1]]
[2022.02.28-08.40.47:829][  0]LogConfig: Setting CVar [[r.VolumetricFog.GridPixelSize:8]]
[2022.02.28-08.40.47:829][  0]LogConfig: Setting CVar [[r.VolumetricFog.GridSizeZ:128]]
[2022.02.28-08.40.47:829][  0]LogConfig: Setting CVar [[r.VolumetricFog.HistoryMissSupersampleCount:4]]
[2022.02.28-08.40.47:829][  0]LogConfig: Setting CVar [[r.LightMaxDrawDistanceScale:1]]
[2022.02.28-08.40.47:829][  0]LogConfig: Setting CVar [[r.CapsuleShadows:1]]
[2022.02.28-08.40.47:829][  0]LogConfig: Applying CVar settings from Section [PostProcessQuality@3] File [../../../Survival/Saved/Config/WindowsNoEditor/Scalability.ini]
[2022.02.28-08.40.47:829][  0]LogConfig: Setting CVar [[r.MotionBlurQuality:4]]
[2022.02.28-08.40.47:829][  0]LogConfig: Setting CVar [[r.AmbientOcclusionMipLevelFactor:0.4]]
[2022.02.28-08.40.47:829][  0]LogConfig: Setting CVar [[r.AmbientOcclusionMaxQuality:100]]
[2022.02.28-08.40.47:829][  0]LogConfig: Setting CVar [[r.AmbientOcclusionLevels:-1]]
[2022.02.28-08.40.47:829][  0]LogConfig: Setting CVar [[r.AmbientOcclusionRadiusScale:1.0]]
[2022.02.28-08.40.47:829][  0]LogConfig: Setting CVar [[r.DepthOfFieldQuality:2]]
[2022.02.28-08.40.47:829][  0]LogConfig: Setting CVar [[r.RenderTargetPoolMin:400]]
[2022.02.28-08.40.47:829][  0]LogConfig: Setting CVar [[r.LensFlareQuality:2]]
[2022.02.28-08.40.47:829][  0]LogConfig: Setting CVar [[r.SceneColorFringeQuality:1]]
[2022.02.28-08.40.47:829][  0]LogConfig: Setting CVar [[r.EyeAdaptationQuality:2]]
[2022.02.28-08.40.47:829][  0]LogConfig: Setting CVar [[r.BloomQuality:5]]
[2022.02.28-08.40.47:829][  0]LogConfig: Setting CVar [[r.FastBlurThreshold:100]]
[2022.02.28-08.40.47:829][  0]LogConfig: Setting CVar [[r.Upscale.Quality:3]]
[2022.02.28-08.40.47:829][  0]LogConfig: Setting CVar [[r.Tonemapper.GrainQuantization:1]]
[2022.02.28-08.40.47:829][  0]LogConfig: Setting CVar [[r.LightShaftQuality:1]]
[2022.02.28-08.40.47:829][  0]LogConfig: Setting CVar [[r.Filter.SizeScale:1]]
[2022.02.28-08.40.47:829][  0]LogConfig: Setting CVar [[r.Tonemapper.Quality:5]]
[2022.02.28-08.40.47:829][  0]LogConfig: Setting CVar [[r.DOF.Gather.AccumulatorQuality:1        ; higher gathering accumulator quality]]
[2022.02.28-08.40.47:829][  0]LogConfig: Setting CVar [[r.DOF.Gather.PostfilterMethod:1          ; Median3x3 postfilering method]]
[2022.02.28-08.40.47:829][  0]LogConfig: Setting CVar [[r.DOF.Gather.EnableBokehSettings:0       ; no bokeh simulation when gathering]]
[2022.02.28-08.40.47:829][  0]LogConfig: Setting CVar [[r.DOF.Gather.RingCount:4                 ; medium number of samples when gathering]]
[2022.02.28-08.40.47:829][  0]LogConfig: Setting CVar [[r.DOF.Scatter.ForegroundCompositing:1    ; additive foreground scattering]]
[2022.02.28-08.40.47:829][  0]LogConfig: Setting CVar [[r.DOF.Scatter.BackgroundCompositing:2    ; additive background scattering]]
[2022.02.28-08.40.47:829][  0]LogConfig: Setting CVar [[r.DOF.Scatter.EnableBokehSettings:1      ; bokeh simulation when scattering]]
[2022.02.28-08.40.47:829][  0]LogConfig: Setting CVar [[r.DOF.Scatter.MaxSpriteRatio:0.1         ; only a maximum of 10% of scattered bokeh]]
[2022.02.28-08.40.47:829][  0]LogConfig: Setting CVar [[r.DOF.Recombine.Quality:1                ; cheap slight out of focus]]
[2022.02.28-08.40.47:829][  0]LogConfig: Setting CVar [[r.DOF.Recombine.EnableBokehSettings:0    ; no bokeh simulation on slight out of focus]]
[2022.02.28-08.40.47:829][  0]LogConfig: Setting CVar [[r.DOF.TemporalAAQuality:1                ; more stable temporal accumulation]]
[2022.02.28-08.40.47:829][  0]LogConfig: Setting CVar [[r.DOF.Kernel.MaxForegroundRadius:0.025]]
[2022.02.28-08.40.47:829][  0]LogConfig: Setting CVar [[r.DOF.Kernel.MaxBackgroundRadius:0.025]]
[2022.02.28-08.40.47:829][  0]LogConfig: Applying CVar settings from Section [TextureQuality@3] File [../../../Survival/Saved/Config/WindowsNoEditor/Scalability.ini]
[2022.02.28-08.40.47:829][  0]LogConfig: Setting CVar [[r.Streaming.MipBias:0]]
[2022.02.28-08.40.47:829][  0]LogConfig: Setting CVar [[r.Streaming.AmortizeCPUToGPUCopy:0]]
[2022.02.28-08.40.47:829][  0]LogConfig: Setting CVar [[r.Streaming.MaxNumTexturesToStreamPerFrame:0]]
[2022.02.28-08.40.47:829][  0]LogConfig: Setting CVar [[r.Streaming.Boost:1]]
[2022.02.28-08.40.47:829][  0]LogConfig: Setting CVar [[r.MaxAnisotropy:8]]
[2022.02.28-08.40.47:829][  0]LogConfig: Setting CVar [[r.VT.MaxAnisotropy:8]]
[2022.02.28-08.40.47:829][  0]LogConfig: Setting CVar [[r.Streaming.LimitPoolSizeToVRAM:0]]
[2022.02.28-08.40.47:829][  0]LogConfig: Setting CVar [[r.Streaming.PoolSize:1000]]
[2022.02.28-08.40.47:829][  0]LogConfig: Setting CVar [[r.Streaming.MaxEffectiveScreenSize:0]]
[2022.02.28-08.40.47:829][  0]LogConfig: Applying CVar settings from Section [EffectsQuality@3] File [../../../Survival/Saved/Config/WindowsNoEditor/Scalability.ini]
[2022.02.28-08.40.47:829][  0]LogConfig: Setting CVar [[r.TranslucencyLightingVolumeDim:64]]
[2022.02.28-08.40.47:829][  0]LogConfig: Setting CVar [[r.RefractionQuality:2]]
[2022.02.28-08.40.47:829][  0]LogConfig: Setting CVar [[r.SSR.Quality:3]]
[2022.02.28-08.40.47:829][  0]LogConfig: Setting CVar [[r.SSR.HalfResSceneColor:0]]
[2022.02.28-08.40.47:829][  0]LogConfig: Setting CVar [[r.SceneColorFormat:4]]
[2022.02.28-08.40.47:829][  0]LogConfig: Setting CVar [[r.DetailMode:2]]
[2022.02.28-08.40.47:829][  0]LogConfig: Setting CVar [[r.TranslucencyVolumeBlur:1]]
[2022.02.28-08.40.47:829][  0]LogConfig: Setting CVar [[r.MaterialQualityLevel:1 ; High quality]]
[2022.02.28-08.40.47:829][  0]LogConfig: Setting CVar [[r.AnisotropicMaterials:1]]
[2022.02.28-08.40.47:829][  0]LogConfig: Setting CVar [[r.SSS.Scale:1]]
[2022.02.28-08.40.47:829][  0]LogConfig: Setting CVar [[r.SSS.SampleSet:2]]
[2022.02.28-08.40.47:829][  0]LogConfig: Setting CVar [[r.SSS.Quality:1]]
[2022.02.28-08.40.47:829][  0]LogConfig: Setting CVar [[r.SSS.HalfRes:0]]
[2022.02.28-08.40.47:829][  0]LogConfig: Setting CVar [[r.SSGI.Quality:3]]
[2022.02.28-08.40.47:829][  0]LogConfig: Setting CVar [[r.EmitterSpawnRateScale:1.0]]
[2022.02.28-08.40.47:829][  0]LogConfig: Setting CVar [[r.ParticleLightQuality:2]]
[2022.02.28-08.40.47:829][  0]LogConfig: Setting CVar [[r.SkyAtmosphere.AerialPerspectiveLUT.FastApplyOnOpaque:1 ; Always have FastSkyLUT 1 in this case to avoid wrong sky]]
[2022.02.28-08.40.47:829][  0]LogConfig: Setting CVar [[r.SkyAtmosphere.AerialPerspectiveLUT.SampleCountMaxPerSlice:4]]
[2022.02.28-08.40.47:829][  0]LogConfig: Setting CVar [[r.SkyAtmosphere.AerialPerspectiveLUT.DepthResolution:16.0]]
[2022.02.28-08.40.47:829][  0]LogConfig: Setting CVar [[r.SkyAtmosphere.FastSkyLUT:1]]
[2022.02.28-08.40.47:829][  0]LogConfig: Setting CVar [[r.SkyAtmosphere.FastSkyLUT.SampleCountMin:4.0]]
[2022.02.28-08.40.47:829][  0]LogConfig: Setting CVar [[r.SkyAtmosphere.FastSkyLUT.SampleCountMax:128.0]]
[2022.02.28-08.40.47:829][  0]LogConfig: Setting CVar [[r.SkyAtmosphere.SampleCountMin:4.0]]
[2022.02.28-08.40.47:829][  0]LogConfig: Setting CVar [[r.SkyAtmosphere.SampleCountMax:128.0]]
[2022.02.28-08.40.47:829][  0]LogConfig: Setting CVar [[r.SkyAtmosphere.TransmittanceLUT.UseSmallFormat:0]]
[2022.02.28-08.40.47:829][  0]LogConfig: Setting CVar [[r.SkyAtmosphere.TransmittanceLUT.SampleCount:10.0]]
[2022.02.28-08.40.47:829][  0]LogConfig: Setting CVar [[r.SkyAtmosphere.MultiScatteringLUT.SampleCount:15.0]]
[2022.02.28-08.40.47:829][  0]LogConfig: Setting CVar [[r.SkyLight.RealTimeReflectionCapture:1]]
[2022.02.28-08.40.47:829][  0]LogConfig: Setting CVar [[fx.Niagara.QualityLevel:3]]
[2022.02.28-08.40.47:829][  0]LogConfig: Applying CVar settings from Section [FoliageQuality@3] File [../../../Survival/Saved/Config/WindowsNoEditor/Scalability.ini]
[2022.02.28-08.40.47:829][  0]LogConfig: Setting CVar [[foliage.DensityScale:1.0]]
[2022.02.28-08.40.47:829][  0]LogConfig: Setting CVar [[grass.DensityScale:1.0]]
[2022.02.28-08.40.47:829][  0]LogConfig: Applying CVar settings from Section [ShadingQuality@3] File [../../../Survival/Saved/Config/WindowsNoEditor/Scalability.ini]
[2022.02.28-08.40.47:829][  0]LogConfig: Setting CVar [[r.HairStrands.SkyLighting.IntegrationType:2]]
[2022.02.28-08.40.47:829][  0]LogConfig: Setting CVar [[r.HairStrands.SkyAO.SampleCount:4]]
[2022.02.28-08.40.47:829][  0]LogConfig: Setting CVar [[r.HairStrands.Visibility.MSAA.SamplePerPixel:4]]
[2022.02.28-08.40.47:829][  0]LogConfig: Applying CVar settings from Section [Startup] File [../../../Engine/Config/ConsoleVariables.ini]
[2022.02.28-08.40.47:829][  0]LogConfig: Setting CVar [[net.UseAdaptiveNetUpdateFrequency:0]]
[2022.02.28-08.40.47:829][  0]LogConfig: Setting CVar [[p.chaos.AllowCreatePhysxBodies:1]]
[2022.02.28-08.40.47:829][  0]LogConfig: Setting CVar [[fx.SkipVectorVMBackendOptimizations:1]]
[2022.02.28-08.40.47:829][  0]LogConfig: Applying CVar settings from Section [ConsoleVariables] File [../../../Survival/Saved/Config/WindowsNoEditor/Engine.ini]
[2022.02.28-08.40.47:830][  0]LogInit: Computer: DESKTOP-54E84FH
[2022.02.28-08.40.47:830][  0]LogInit: User: tlgns
[2022.02.28-08.40.47:830][  0]LogInit: CPU Page size=4096, Cores=8
[2022.02.28-08.40.47:830][  0]LogInit: High frequency timer resolution =10.000000 MHz
[2022.02.28-08.40.47:830][  0]LogMemory: Memory total: Physical=15.9GB (16GB approx)
[2022.02.28-08.40.47:830][  0]LogMemory: Platform Memory Stats for WindowsNoEditor
[2022.02.28-08.40.47:830][  0]LogMemory: Process Physical Memory: 81.38 MB used, 81.38 MB peak
[2022.02.28-08.40.47:830][  0]LogMemory: Process Virtual Memory: 80.57 MB used, 80.57 MB peak
[2022.02.28-08.40.47:830][  0]LogMemory: Physical Memory: 6404.46 MB used,  9909.65 MB free, 16314.11 MB total
[2022.02.28-08.40.47:830][  0]LogMemory: Virtual Memory: 134209008.00 MB used,  8722.00 MB free, 134217728.00 MB total
[2022.02.28-08.40.47:834][  0]LogWindows: WindowsPlatformFeatures enabled
[2022.02.28-08.40.47:915][  0]LogInit: Physics initialised using underlying interface: PhysX
[2022.02.28-08.40.47:915][  0]LogInit: Using OS detected language (en-US).
[2022.02.28-08.40.47:915][  0]LogInit: Using OS detected locale (en-US).
[2022.02.28-08.40.47:916][  0]LogTextLocalizationManager: No specific localization for 'en-US' exists, so the 'en' localization will be used.
[2022.02.28-08.40.47:941][  0]LogWindowsTextInputMethodSystem: Display: IME system deactivated.
[2022.02.28-08.40.47:994][  0]LogSlate: New Slate User Created.  User Index 0, Is Virtual User: 0
[2022.02.28-08.40.47:994][  0]LogSlate: Slate User Registered.  User Index 0, Is Virtual User: 0
[2022.02.28-08.40.48:052][  0]LogD3D11RHI: Loaded GFSDK_Aftermath_Lib.x64.dll
[2022.02.28-08.40.48:059][  0]LogHMD: Failed to initialize OpenVR with code 110
[2022.02.28-08.40.48:059][  0]LogD3D11RHI: D3D11 min allowed feature level: 11_0
[2022.02.28-08.40.48:059][  0]LogD3D11RHI: D3D11 max allowed feature level: 11_0
[2022.02.28-08.40.48:059][  0]LogD3D11RHI: D3D11 adapters:
[2022.02.28-08.40.48:222][  0]LogD3D11RHI:    0. 'NVIDIA GeForce GTX 1660 SUPER' (Feature Level 11_0)
[2022.02.28-08.40.48:222][  0]LogD3D11RHI:       5991/0/8157 MB DedicatedVideo/DedicatedSystem/SharedSystem, Outputs:2, VendorId:0x10de
[2022.02.28-08.40.48:224][  0]LogD3D11RHI:    1. 'Microsoft Basic Render Driver' (Feature Level 11_0)
[2022.02.28-08.40.48:224][  0]LogD3D11RHI:       0/0/8157 MB DedicatedVideo/DedicatedSystem/SharedSystem, Outputs:0, VendorId:0x1414
[2022.02.28-08.40.48:224][  0]LogD3D11RHI: Chosen D3D11 Adapter:
[2022.02.28-08.40.48:224][  0]LogD3D11RHI:     Description : NVIDIA GeForce GTX 1660 SUPER
[2022.02.28-08.40.48:224][  0]LogD3D11RHI:     VendorId    : 10de
[2022.02.28-08.40.48:224][  0]LogD3D11RHI:     DeviceId    : 21c4
[2022.02.28-08.40.48:224][  0]LogD3D11RHI:     SubSysId    : 13d310de
[2022.02.28-08.40.48:224][  0]LogD3D11RHI:     Revision    : 00a1
[2022.02.28-08.40.48:224][  0]LogD3D11RHI:     DedicatedVideoMemory : 6282018816 bytes
[2022.02.28-08.40.48:224][  0]LogD3D11RHI:     DedicatedSystemMemory : 0 bytes
[2022.02.28-08.40.48:224][  0]LogD3D11RHI:     SharedSystemMemory : 8553291776 bytes
[2022.02.28-08.40.48:224][  0]LogD3D11RHI:     AdapterLuid : 0 47069
[2022.02.28-08.40.48:229][  0]LogD3D11RHI: Creating new Direct3DDevice
[2022.02.28-08.40.48:229][  0]LogD3D11RHI:     GPU DeviceId: 0x21c4 (for the marketing name, search the web for "GPU Device Id")
[2022.02.28-08.40.48:229][  0]LogWindows: EnumDisplayDevices:
[2022.02.28-08.40.48:229][  0]LogWindows:    0. 'NVIDIA GeForce GTX 1660 SUPER' (P:1 D:1)
[2022.02.28-08.40.48:230][  0]LogWindows:    1. 'NVIDIA GeForce GTX 1660 SUPER' (P:0 D:1)
[2022.02.28-08.40.48:231][  0]LogWindows:    2. 'NVIDIA GeForce GTX 1660 SUPER' (P:0 D:0)
[2022.02.28-08.40.48:232][  0]LogWindows:    3. 'NVIDIA GeForce GTX 1660 SUPER' (P:0 D:0)
[2022.02.28-08.40.48:232][  0]LogWindows: DebugString: FoundDriverCount:4 
[2022.02.28-08.40.48:232][  0]LogD3D11RHI:     Adapter Name: NVIDIA GeForce GTX 1660 SUPER
[2022.02.28-08.40.48:232][  0]LogD3D11RHI:   Driver Version: 497.09 (internal:30.0.14.9709, unified:497.09)
[2022.02.28-08.40.48:232][  0]LogD3D11RHI:      Driver Date: 11-26-2021
[2022.02.28-08.40.48:232][  0]LogRHI: Texture pool is 4193 MB (70% of 5991 MB)
[2022.02.28-08.40.48:232][  0]LogD3D11RHI: Creating D3DDevice using adapter:
[2022.02.28-08.40.48:232][  0]LogD3D11RHI:     Description : NVIDIA GeForce GTX 1660 SUPER
[2022.02.28-08.40.48:232][  0]LogD3D11RHI:     VendorId    : 10de
[2022.02.28-08.40.48:232][  0]LogD3D11RHI:     DeviceId    : 21c4
[2022.02.28-08.40.48:232][  0]LogD3D11RHI:     SubSysId    : 13d310de
[2022.02.28-08.40.48:232][  0]LogD3D11RHI:     Revision    : 00a1
[2022.02.28-08.40.48:232][  0]LogD3D11RHI:     DedicatedVideoMemory : 6282018816 bytes
[2022.02.28-08.40.48:232][  0]LogD3D11RHI:     DedicatedSystemMemory : 0 bytes
[2022.02.28-08.40.48:233][  0]LogD3D11RHI:     SharedSystemMemory : 8553291776 bytes
[2022.02.28-08.40.48:233][  0]LogD3D11RHI:     AdapterLuid : 0 47069
[2022.02.28-08.40.48:289][  0]LogD3D11RHI: RHI has support for 64 bit atomics
[2022.02.28-08.40.48:289][  0]LogD3D11RHI: Async texture creation enabled
[2022.02.28-08.40.48:289][  0]LogD3D11RHI: Array index from any shader is supported
[2022.02.28-08.40.48:293][  0]LogD3D11RHI: HDR output is supported on display 0 (NvId: 0x80061082).
[2022.02.28-08.40.48:315][  0]LogD3D11RHI: GPU Timing Frequency: 1000.000000 (Debug: 2 1)
[2022.02.28-08.40.48:391][  0]LogRHI: GeForceNow SDK initialized: 1
[2022.02.28-08.40.48:391][  0]LogRendererCore: Ray tracing is disabled. Reason: r.RayTracing=0.
[2022.02.28-08.40.48:393][  0]LogShaderLibrary: Display: Using ../../../Survival/Content/ShaderArchive-Global-PCD3D_SM5.ushaderbytecode for material shader code. Total 1951 unique shaders.
[2022.02.28-08.40.48:393][  0]LogShaderLibrary: Display: Cooked Context: Using Shared Shader Library Global
[2022.02.28-08.40.48:393][  0]LogShaderLibrary: Display: Logical shader library 'Global' has been created, components 1
[2022.02.28-08.40.48:393][  0]LogTemp: Warning: Clearing the OS Cache
[2022.02.28-08.40.48:393][  0]LogODSC: ODSC Thread active.
[2022.02.28-08.40.48:396][  0]LogPakFile: New pak file ../../../Survival/Content/Paks/Survival-WindowsNoEditor.pak added to pak precacher.
[2022.02.28-08.40.48:416][  0]LogSlate: Using FreeType 2.10.0
[2022.02.28-08.40.48:417][  0]LogSlate: SlateFontServices - WITH_FREETYPE: 1, WITH_HARFBUZZ: 1
[2022.02.28-08.40.48:466][  0]LogShaderLibrary: Display: Using ../../../Survival/Content/ShaderArchive-Survival-PCD3D_SM5.ushaderbytecode for material shader code. Total 1897 unique shaders.
[2022.02.28-08.40.48:466][  0]LogShaderLibrary: Display: Cooked Context: Using Shared Shader Library Survival
[2022.02.28-08.40.48:466][  0]LogShaderLibrary: Display: Logical shader library 'Survival' has been created, components 1
[2022.02.28-08.40.48:466][  0]LogRHI: Display: Opened pipeline cache after state change and enqueued 0 of 0 tasks for precompile.
[2022.02.28-08.40.48:467][  0]LogShaderLibrary: Display: Using ../../../Survival/Content/ShaderArchive-Survival-PCD3D_SM5.ushaderbytecode for material shader code. Total 1897 unique shaders.
[2022.02.28-08.40.48:467][  0]LogShaderLibrary: Display: Cooked Context: Using Shared Shader Library Survival
[2022.02.28-08.40.48:467][  0]LogRHI: Display: Opened pipeline cache after state change and enqueued 0 of 0 tasks for precompile.
[2022.02.28-08.40.48:467][  0]LogRHI: Display: Failed to open default shader pipeline cache for Survival using shader platform 0.
[2022.02.28-08.40.48:467][  0]LogRHI: Display: Failed to open default shader pipeline cache for Survival using shader platform 0.
[2022.02.28-08.40.48:467][  0]LogInit: Using OS detected language (en-US).
[2022.02.28-08.40.48:467][  0]LogInit: Using OS detected locale (en-US).
[2022.02.28-08.40.48:467][  0]LogTextLocalizationManager: No localization for 'en-US' exists, so 'en' will be used for the language.
[2022.02.28-08.40.48:467][  0]LogTextLocalizationManager: No localization for 'en-US' exists, so 'en' will be used for the locale.
[2022.02.28-08.40.48:467][  0]LogSlate: FontCache flush requested. Reason: Culture for localization was changed
[2022.02.28-08.40.48:467][  0]LogSlate: FontCache flush requested. Reason: Culture for localization was changed
[2022.02.28-08.40.48:469][  0]LogTextLocalizationManager: Compacting localization data took   0.93ms
[2022.02.28-08.40.48:469][  0]LogAssetRegistry: FAssetRegistry took 0.0011 seconds to start up
[2022.02.28-08.40.48:543][  0]LogStreaming: Display: FlushAsyncLoading: 1 QueuedPackages, 0 AsyncPackages
[2022.02.28-08.40.48:543][  0]LogPackageLocalizationCache: Processed 26 localized package path(s) for 1 prioritized culture(s) in 0.000082 seconds
[2022.02.28-08.40.48:549][  0]LogSerialization: Display: AllowBulkDataInIoStore: 'true'
[2022.02.28-08.40.48:549][  0]LogInit: Selected Device Profile: [WindowsNoEditor]
[2022.02.28-08.40.48:550][  0]LogInit: Active device profile: [000001DF3FA24480][000001DF312F0010 49] WindowsNoEditor
[2022.02.28-08.40.48:550][  0]LogInit: Profiles: [000001DF3FA24780][000001DF3EF09250 49] Windows, [000001DF3FA24480][000001DF312F0010 49] WindowsNoEditor, 
[2022.02.28-08.40.48:604][  0]LogNetVersion: Survival 1.0.0, NetCL: 17155196, EngineNetVer: 17, GameNetVer: 0 (Checksum: 116888884)
[2022.02.28-08.40.48:634][  0]LogAudioCaptureCore: Display: No Audio Capture implementations found. Audio input will be silent.
[2022.02.28-08.40.48:634][  0]LogAudioCaptureCore: Display: No Audio Capture implementations found. Audio input will be silent.
[2022.02.28-08.40.48:635][  0]LogHMD: PokeAHoleMaterial loaded successfully
[2022.02.28-08.40.48:654][  0]LogMoviePlayer: Initializing movie player
[2022.02.28-08.40.48:654][  0]LogNiagaraDebuggerClient: Niagara Debugger Client Initialized | Session: FF76979944420DB848A52991D6B8A3BD | Instance: 67A81C3F45A0F2FE6F5C9E84DAF58C71 (DESKTOP-54E84FH-4000).
[2022.02.28-08.40.48:655][  0]LogAndroidPermission: UAndroidPermissionCallbackProxy::GetInstance
[2022.02.28-08.40.48:655][  0]LogOcInput: OculusInput pre-init called
[2022.02.28-08.40.48:660][  0]LogUObjectArray: 15752 objects as part of root set at end of initial load.
[2022.02.28-08.40.48:660][  0]LogUObjectArray: 2 objects are not in the root set, but can never be destroyed because they are in the DisregardForGC set.
[2022.02.28-08.40.48:660][  0]LogUObjectAllocator: 3194424 out of 0 bytes used by permanent object pool.
[2022.02.28-08.40.48:660][  0]LogUObjectArray: CloseDisregardForGC: 15752/15752 objects in disregard for GC pool
[2022.02.28-08.40.48:669][  0]LogEngine: Initializing Engine...
[2022.02.28-08.40.48:671][  0]LogHMD: Failed to enumerate extensions. Please check that you have a valid OpenXR runtime installed.
[2022.02.28-08.40.48:672][  0]LogHMD: Failed to initialize OpenVR with code 110
[2022.02.28-08.40.48:673][  0]LogStats: UGameplayTagsManager::InitializeManager -  0.000 s
[2022.02.28-08.40.48:721][  0]LogInit: Initializing FReadOnlyCVARCache
[2022.02.28-08.40.48:721][  0]LogAudio: Display: Initializing Audio Device Manager...
[2022.02.28-08.40.48:721][  0]LogAudio: Display: Loading Default Audio Settings Objects...
[2022.02.28-08.40.48:721][  0]LogAudio: Display: No default SoundConcurrencyObject specified (or failed to load).
[2022.02.28-08.40.48:721][  0]LogAudio: Display: Audio Device Manager Initialized
[2022.02.28-08.40.48:722][  0]LogAudio: Display: Creating Audio Device:                 Id: 1, Scope: Shared, Realtime: True
[2022.02.28-08.40.48:722][  0]LogAudioMixer: Display: Audio Mixer Platform Settings:
[2022.02.28-08.40.48:722][  0]LogAudioMixer: Display: 	Sample Rate:						  48000
[2022.02.28-08.40.48:722][  0]LogAudioMixer: Display: 	Callback Buffer Frame Size Requested: 1024
[2022.02.28-08.40.48:722][  0]LogAudioMixer: Display: 	Callback Buffer Frame Size To Use:	  1024
[2022.02.28-08.40.48:722][  0]LogAudioMixer: Display: 	Number of buffers to queue:			  2
[2022.02.28-08.40.48:722][  0]LogAudioMixer: Display: 	Max Channels (voices):				  32
[2022.02.28-08.40.48:722][  0]LogAudioMixer: Display: 	Number of Async Source Workers:		  0
[2022.02.28-08.40.48:722][  0]LogAudio: Display: AudioDevice MaxSources: 32
[2022.02.28-08.40.48:722][  0]LogAudio: Display: Audio Spatialization Plugin: None (built-in).
[2022.02.28-08.40.48:722][  0]LogAudio: Display: Audio Reverb Plugin: None (built-in).
[2022.02.28-08.40.48:722][  0]LogAudio: Display: Audio Occlusion Plugin: None (built-in).
[2022.02.28-08.40.48:722][  0]LogAudioMixer: Display: Initializing audio mixer.
[2022.02.28-08.40.48:728][  0]LogAudioDebug: Display: Lib vorbis DLL was dynamically loaded.
[2022.02.28-08.40.48:741][  0]LogAudioMixer: Display: 0: FrontLeft
[2022.02.28-08.40.48:741][  0]LogAudioMixer: Display: 1: FrontRight
[2022.02.28-08.40.48:775][  0]LogAudioMixer: Display: Using Audio Device HDMI (NVIDIA High Definition Audio)
[2022.02.28-08.40.48:775][  0]LogAudioMixer: Display: Initializing Sound Submixes...
[2022.02.28-08.40.48:776][  0]LogAudioMixer: Display: Creating Master Submix 'MasterSubmixDefault'
[2022.02.28-08.40.48:776][  0]LogAudioMixer: Display: Creating Master Submix 'MasterReverbSubmixDefault'
[2022.02.28-08.40.48:777][  0]LogAudioMixer: Display: Creating Master Submix 'MasterEQSubmixDefault'
[2022.02.28-08.40.48:777][  0]LogAudioMixer: FMixerPlatformXAudio2::StartAudioStream() called
[2022.02.28-08.40.48:777][  0]LogAudioMixer: Display: Output buffers initialized: Frames=1024, Channels=2, Samples=2048
[2022.02.28-08.40.48:778][  0]LogAudioMixer: Display: Starting AudioMixerPlatformInterface::RunInternal()
[2022.02.28-08.40.48:778][  0]LogAudioMixer: Display: FMixerPlatformXAudio2::SubmitBuffer() called for the first time
[2022.02.28-08.40.48:778][  0]LogInit: FAudioDevice initialized.
[2022.02.28-08.40.48:779][  0]LogNetVersion: Set ProjectVersion to 1.0.0.0. Version Checksum will be recalculated on next use.
[2022.02.28-08.40.48:779][  0]LogInit: Texture streaming: Enabled
[2022.02.28-08.40.48:781][  0]LogAudio: Display: Audio Device (ID: 1) registered with world 'Untitled'.
[2022.02.28-08.40.48:781][  0]LogSlate: Updating window title bar state: overlay mode, drag disabled, window buttons hidden, title bar hidden
[2022.02.28-08.40.48:781][  0]LogInit: Display: Game Engine Initialized.
[2022.02.28-08.40.48:782][  0]LogInit: Display: Starting Game.
[2022.02.28-08.40.48:782][  0]LogNet: Browse: /Game/Maps/SihoonCastleLevel?Name=Player
[2022.02.28-08.40.48:782][  0]LogLoad: LoadMap: /Game/Maps/SihoonCastleLevel?Name=Player
[2022.02.28-08.40.48:782][  0]LogWorld: BeginTearingDown for /Temp/Untitled_0
[2022.02.28-08.40.48:784][  0]LogWorld: UWorld::CleanupWorld for Untitled, bSessionEnded=true, bCleanupResources=true
[2022.02.28-08.40.48:784][  0]LogSlate: InvalidateAllWidgets triggered.  All widgets were invalidated
[2022.02.28-08.40.48:787][  0]LogAudio: Display: Audio Device unregistered from world 'None'.
[2022.02.28-08.40.48:791][  0]LogUObjectHash: Compacting FUObjectHashTables data took   0.64ms
[2022.02.28-08.40.48:879][  0]LogAudio: Display: Audio Device (ID: 1) registered with world 'SihoonCastleLevel'.
[2022.02.28-08.40.48:880][  0]LogAIModule: Creating AISystem for world SihoonCastleLevel
[2022.02.28-08.40.48:881][  0]LogLoad: Game class is 'KGGameMode_C'
[2022.02.28-08.40.48:884][  0]LogWorld: Bringing World /Game/Maps/SihoonCastleLevel.SihoonCastleLevel up for play (max tick rate 0) at 2022.02.28-17.40.48
[2022.02.28-08.40.48:884][  0]LogWorld: Bringing up level for play took: 0.002935
[2022.02.28-08.40.48:889][  0]LogLoad: Took 0.107014 seconds to LoadMap(/Game/Maps/SihoonCastleLevel)
[2022.02.28-08.40.48:890][  0]LogSlate: Took 0.000333 seconds to synchronously load lazily loaded font '../../../Engine/Content/EngineFonts/Faces/RobotoBold.ufont' (160K)
[2022.02.28-08.40.49:093][  0]LogSlate: Took 0.000245 seconds to synchronously load lazily loaded font '../../../Engine/Content/Slate/Fonts/Roboto-Regular.ttf' (155K)
[2022.02.28-08.40.49:206][  0]LogRenderer: Reallocating scene render targets to support 1920x1200 Format 10 NumSamples 1 (Frame:1).
[2022.02.28-08.40.49:206][  0]LogRHI: Display: ShaderPipelineCache: Paused Batching. 1
[2022.02.28-08.40.49:206][  0]LogPakFile: AllPaks IndexSizes: DirectoryHashSize=234672, PathHashSize=16, EntriesSize=36864, TotalSize=271552
[2022.02.28-08.40.49:206][  0]LogRHI: Display: ShaderPipelineCache: Resumed Batching. 0
[2022.02.28-08.40.49:206][  0]LogRHI: Display: ShaderPipelineCache: Batching Resumed.
[2022.02.28-08.40.49:206][  0]LogInit: Display: Engine is initialized. Leaving FEngineLoop::Init()
[2022.02.28-08.40.49:206][  0]LogLoad: (Engine Initialization) Total time: 1.73 seconds
[2022.02.28-08.40.49:210][  0]LogContentStreaming: Texture pool size now 1000 MB
[2022.02.28-08.40.49:212][  0]LogSlate: InvalidateAllWidgets triggered.  All widgets were invalidated
[2022.02.28-08.40.49:236][  0]LogRenderer: Reallocating scene render targets to support 128x128 Format 10 NumSamples 1 (Frame:1).
[2022.02.28-08.40.49:280][  0]LogRenderer: Reallocating scene render targets to support 1920x1200 Format 10 NumSamples 1 (Frame:2).
[2022.02.28-08.40.49:302][  0]LogSlate: Slate font cache was flushed
[2022.02.28-08.40.49:305][  1]LogSlate: Took 0.000811 seconds to synchronously load lazily loaded font '../../../Engine/Content/Slate/Fonts/Roboto-Regular.ttf' (155K)
[2022.02.28-08.40.49:420][  7]LogPakFile: Precache HighWater 16MB

[2022.02.28-08.40.49:430][  8]LogPakFile: Precache HighWater 32MB

[2022.02.28-08.40.51:219][131]LogScript: Error: Script Msg: Attempted to access index 0 from array of length 0!
[2022.02.28-08.40.51:219][131]LogScript: Error: Script call stack:
	KGGameMode_C.SpawnEnemy

[2022.02.28-08.40.51:219][131]LogScript: Warning: Script Msg: Attempted to remove an item from an invalid index from array [0/0]!
[2022.02.28-08.40.52:208][194]LogScript: Error: Script Msg: Attempted to access index 0 from array of length 0!
[2022.02.28-08.40.52:208][194]LogScript: Error: Script call stack:
	KGGameMode_C.SpawnEnemy

[2022.02.28-08.40.52:208][194]LogScript: Warning: Script Msg: Attempted to remove an item from an invalid index from array [0/0]!
[2022.02.28-08.40.53:217][260]LogScript: Error: Script Msg: Attempted to access index 0 from array of length 0!
[2022.02.28-08.40.53:217][260]LogScript: Error: Script call stack:
	KGGameMode_C.SpawnEnemy

[2022.02.28-08.40.53:217][260]LogScript: Warning: Script Msg: Attempted to remove an item from an invalid index from array [0/0]!
[2022.02.28-08.40.54:214][325]LogScript: Error: Script Msg: Attempted to access index 0 from array of length 0!
[2022.02.28-08.40.54:214][325]LogScript: Error: Script call stack:
	KGGameMode_C.SpawnEnemy

[2022.02.28-08.40.54:214][325]LogScript: Warning: Script Msg: Attempted to remove an item from an invalid index from array [0/0]!
[2022.02.28-08.40.55:222][390]LogScript: Error: Script Msg: Attempted to access index 0 from array of length 0!
[2022.02.28-08.40.55:222][390]LogScript: Error: Script call stack:
	KGGameMode_C.SpawnEnemy

[2022.02.28-08.40.55:222][390]LogScript: Warning: Script Msg: Attempted to remove an item from an invalid index from array [0/0]!
[2022.02.28-08.40.55:737][422]LogScript: Error: Script Msg: Attempted to access index 0 from array of length 0!
[2022.02.28-08.40.55:737][422]LogScript: Error: Script call stack:
	KGGameMode_C.CheckWaveComplete
	KGCharacterBase_C.ExecuteUbergraph_KGCharacterBase_0

[2022.02.28-08.40.55:739][422]LogSlate: Took 0.000276 seconds to synchronously load lazily loaded font '../../../Engine/Content/EngineFonts/Faces/RobotoBold.ufont' (160K)
[2022.02.28-08.40.56:213][451]LogScript: Error: Script Msg: Attempted to access index 0 from array of length 0!
[2022.02.28-08.40.56:213][451]LogScript: Error: Script call stack:
	KGGameMode_C.SpawnEnemy

[2022.02.28-08.40.56:213][451]LogScript: Warning: Script Msg: Attempted to remove an item from an invalid index from array [0/0]!
[2022.02.28-08.40.57:217][505]LogScript: Error: Script Msg: Attempted to access index 0 from array of length 0!
[2022.02.28-08.40.57:217][505]LogScript: Error: Script call stack:
	KGGameMode_C.SpawnEnemy

[2022.02.28-08.40.57:217][505]LogScript: Warning: Script Msg: Attempted to remove an item from an invalid index from array [0/0]!
[2022.02.28-08.40.58:232][543]LogScript: Error: Script Msg: Attempted to access index 0 from array of length 0!
[2022.02.28-08.40.58:232][543]LogScript: Error: Script call stack:
	KGGameMode_C.SpawnEnemy

[2022.02.28-08.40.58:232][543]LogScript: Warning: Script Msg: Attempted to remove an item from an invalid index from array [0/0]!
[2022.02.28-08.40.59:228][575]LogScript: Error: Script Msg: Attempted to access index 0 from array of length 0!
[2022.02.28-08.40.59:228][575]LogScript: Error: Script call stack:
	KGGameMode_C.SpawnEnemy

[2022.02.28-08.40.59:228][575]LogScript: Warning: Script Msg: Attempted to remove an item from an invalid index from array [0/0]!
[2022.02.28-08.41.00:223][610]LogScript: Error: Script Msg: Attempted to access index 0 from array of length 0!
[2022.02.28-08.41.00:223][610]LogScript: Error: Script call stack:
	KGGameMode_C.SpawnEnemy

[2022.02.28-08.41.00:223][610]LogScript: Warning: Script Msg: Attempted to remove an item from an invalid index from array [0/0]!
[2022.02.28-08.41.01:233][647]LogScript: Error: Script Msg: Attempted to access index 0 from array of length 0!
[2022.02.28-08.41.01:233][647]LogScript: Error: Script call stack:
	KGGameMode_C.SpawnEnemy

[2022.02.28-08.41.01:233][647]LogScript: Warning: Script Msg: Attempted to remove an item from an invalid index from array [0/0]!
[2022.02.28-08.41.01:753][666]LogNet: Browse: /Game/Maps/SihoonCastleLevel?Name=Player?restart
[2022.02.28-08.41.01:753][666]LogLoad: LoadMap: /Game/Maps/SihoonCastleLevel?Name=Player
[2022.02.28-08.41.01:753][666]LogWorld: BeginTearingDown for /Game/Maps/SihoonCastleLevel
[2022.02.28-08.41.01:754][666]LogWorld: UWorld::CleanupWorld for SihoonCastleLevel, bSessionEnded=true, bCleanupResources=true
[2022.02.28-08.41.01:754][666]LogSlate: InvalidateAllWidgets triggered.  All widgets were invalidated
[2022.02.28-08.41.01:791][666]LogAudio: Display: Audio Device unregistered from world 'None'.
[2022.02.28-08.41.01:809][666]LogUObjectHash: Compacting FUObjectHashTables data took   0.63ms
[2022.02.28-08.41.01:829][666]LogStreaming: Display: FlushAsyncLoading: 1 QueuedPackages, 0 AsyncPackages
[2022.02.28-08.41.01:887][666]LogAudio: Display: Audio Device (ID: 1) registered with world 'SihoonCastleLevel'.
[2022.02.28-08.41.01:888][666]LogAIModule: Creating AISystem for world SihoonCastleLevel
[2022.02.28-08.41.01:888][666]LogLoad: Game class is 'KGGameMode_C'
[2022.02.28-08.41.01:891][666]LogWorld: Bringing World /Game/Maps/SihoonCastleLevel.SihoonCastleLevel up for play (max tick rate 0) at 2022.02.28-17.41.01
[2022.02.28-08.41.01:892][666]LogWorld: Bringing up level for play took: 0.002498
[2022.02.28-08.41.01:895][666]LogLoad: Took 0.141877 seconds to LoadMap(/Game/Maps/SihoonCastleLevel)
[2022.02.28-08.41.03:770][768]LogScript: Error: Script Msg: Attempted to access index 0 from array of length 0!
[2022.02.28-08.41.03:770][768]LogScript: Error: Script call stack:
	KGGameMode_C.SpawnEnemy

[2022.02.28-08.41.03:770][768]LogScript: Warning: Script Msg: Attempted to remove an item from an invalid index from array [0/0]!
[2022.02.28-08.41.04:758][814]LogScript: Error: Script Msg: Attempted to access index 0 from array of length 0!
[2022.02.28-08.41.04:758][814]LogScript: Error: Script call stack:
	KGGameMode_C.SpawnEnemy

[2022.02.28-08.41.04:758][814]LogScript: Warning: Script Msg: Attempted to remove an item from an invalid index from array [0/0]!
[2022.02.28-08.41.05:759][865]LogScript: Error: Script Msg: Attempted to access index 0 from array of length 0!
[2022.02.28-08.41.05:759][865]LogScript: Error: Script call stack:
	KGGameMode_C.SpawnEnemy

[2022.02.28-08.41.05:759][865]LogScript: Warning: Script Msg: Attempted to remove an item from an invalid index from array [0/0]!
[2022.02.28-08.41.06:754][919]LogScript: Error: Script Msg: Attempted to access index 0 from array of length 0!
[2022.02.28-08.41.06:754][919]LogScript: Error: Script call stack:
	KGGameMode_C.SpawnEnemy

[2022.02.28-08.41.06:754][919]LogScript: Warning: Script Msg: Attempted to remove an item from an invalid index from array [0/0]!
[2022.02.28-08.41.07:772][980]LogScript: Error: Script Msg: Attempted to access index 0 from array of length 0!
[2022.02.28-08.41.07:772][980]LogScript: Error: Script call stack:
	KGGameMode_C.SpawnEnemy

[2022.02.28-08.41.07:772][980]LogScript: Warning: Script Msg: Attempted to remove an item from an invalid index from array [0/0]!
[2022.02.28-08.41.08:758][ 34]LogScript: Error: Script Msg: Attempted to access index 0 from array of length 0!
[2022.02.28-08.41.08:758][ 34]LogScript: Error: Script call stack:
	KGGameMode_C.SpawnEnemy

[2022.02.28-08.41.08:759][ 34]LogScript: Warning: Script Msg: Attempted to remove an item from an invalid index from array [0/0]!
[2022.02.28-08.41.09:360][ 67]LogScript: Error: Script Msg: Attempted to access index 0 from array of length 0!
[2022.02.28-08.41.09:360][ 67]LogScript: Error: Script call stack:
	KGCharacterBase_C.ReceiveAnyDamage
	KGProjectileBase_C.ReceiveActorBeginOverlap
	AB_KnightGirl_C.AnimNotify_FireMagicBall

[2022.02.28-08.41.09:761][ 89]LogScript: Error: Script Msg: Attempted to access index 0 from array of length 0!
[2022.02.28-08.41.09:762][ 89]LogScript: Error: Script call stack:
	KGGameMode_C.SpawnEnemy

[2022.02.28-08.41.09:762][ 89]LogScript: Warning: Script Msg: Attempted to remove an item from an invalid index from array [0/0]!
[2022.02.28-08.41.10:773][135]LogScript: Error: Script Msg: Attempted to access index 0 from array of length 0!
[2022.02.28-08.41.10:773][135]LogScript: Error: Script call stack:
	KGGameMode_C.SpawnEnemy

[2022.02.28-08.41.10:773][135]LogScript: Warning: Script Msg: Attempted to remove an item from an invalid index from array [0/0]!
[2022.02.28-08.41.11:771][171]LogScript: Error: Script Msg: Attempted to access index 0 from array of length 0!
[2022.02.28-08.41.11:771][171]LogScript: Error: Script call stack:
	KGGameMode_C.SpawnEnemy

[2022.02.28-08.41.11:771][171]LogScript: Warning: Script Msg: Attempted to remove an item from an invalid index from array [0/0]!
[2022.02.28-08.41.12:782][204]LogScript: Error: Script Msg: Attempted to access index 0 from array of length 0!
[2022.02.28-08.41.12:782][204]LogScript: Error: Script call stack:
	KGGameMode_C.SpawnEnemy

[2022.02.28-08.41.12:782][204]LogScript: Warning: Script Msg: Attempted to remove an item from an invalid index from array [0/0]!
[2022.02.28-08.41.13:753][238]LogScript: Error: Script Msg: Attempted to access index 0 from array of length 0!
[2022.02.28-08.41.13:753][238]LogScript: Error: Script call stack:
	KGGameMode_C.SpawnEnemy

[2022.02.28-08.41.13:753][238]LogScript: Warning: Script Msg: Attempted to remove an item from an invalid index from array [0/0]!
[2022.02.28-08.41.14:766][276]LogScript: Error: Script Msg: Attempted to access index 0 from array of length 0!
[2022.02.28-08.41.14:766][276]LogScript: Error: Script call stack:
	KGGameMode_C.SpawnEnemy

[2022.02.28-08.41.14:766][276]LogScript: Warning: Script Msg: Attempted to remove an item from an invalid index from array [0/0]!
[2022.02.28-08.41.15:380][299]LogNet: Browse: /Game/Maps/SihoonCastleLevel?Name=Player?restart
[2022.02.28-08.41.15:380][299]LogLoad: LoadMap: /Game/Maps/SihoonCastleLevel?Name=Player
[2022.02.28-08.41.15:380][299]LogWorld: BeginTearingDown for /Game/Maps/SihoonCastleLevel
[2022.02.28-08.41.15:381][299]LogWorld: UWorld::CleanupWorld for SihoonCastleLevel, bSessionEnded=true, bCleanupResources=true
[2022.02.28-08.41.15:381][299]LogSlate: InvalidateAllWidgets triggered.  All widgets were invalidated
[2022.02.28-08.41.15:419][299]LogAudio: Display: Waited 37.822701 ms for audio thread.
[2022.02.28-08.41.15:421][299]LogAudio: Display: Audio Device unregistered from world 'None'.
[2022.02.28-08.41.15:435][299]LogUObjectHash: Compacting FUObjectHashTables data took   0.52ms
[2022.02.28-08.41.15:456][299]LogStreaming: Display: FlushAsyncLoading: 1 QueuedPackages, 0 AsyncPackages
[2022.02.28-08.41.15:513][299]LogAudio: Display: Audio Device (ID: 1) registered with world 'SihoonCastleLevel'.
[2022.02.28-08.41.15:514][299]LogAIModule: Creating AISystem for world SihoonCastleLevel
[2022.02.28-08.41.15:514][299]LogLoad: Game class is 'KGGameMode_C'
[2022.02.28-08.41.15:517][299]LogWorld: Bringing World /Game/Maps/SihoonCastleLevel.SihoonCastleLevel up for play (max tick rate 0) at 2022.02.28-17.41.15
[2022.02.28-08.41.15:517][299]LogWorld: Bringing up level for play took: 0.001906
[2022.02.28-08.41.15:519][299]LogLoad: Took 0.139612 seconds to LoadMap(/Game/Maps/SihoonCastleLevel)
[2022.02.28-08.41.17:383][423]LogScript: Error: Script Msg: Attempted to access index 0 from array of length 0!
[2022.02.28-08.41.17:383][423]LogScript: Error: Script call stack:
	KGGameMode_C.SpawnEnemy

[2022.02.28-08.41.17:383][423]LogScript: Warning: Script Msg: Attempted to remove an item from an invalid index from array [0/0]!
[2022.02.28-08.41.18:390][486]LogScript: Error: Script Msg: Attempted to access index 0 from array of length 0!
[2022.02.28-08.41.18:390][486]LogScript: Error: Script call stack:
	KGGameMode_C.SpawnEnemy

[2022.02.28-08.41.18:390][486]LogScript: Warning: Script Msg: Attempted to remove an item from an invalid index from array [0/0]!
[2022.02.28-08.41.19:390][548]LogScript: Error: Script Msg: Attempted to access index 0 from array of length 0!
[2022.02.28-08.41.19:390][548]LogScript: Error: Script call stack:
	KGGameMode_C.SpawnEnemy

[2022.02.28-08.41.19:390][548]LogScript: Warning: Script Msg: Attempted to remove an item from an invalid index from array [0/0]!
[2022.02.28-08.41.20:388][610]LogScript: Error: Script Msg: Attempted to access index 0 from array of length 0!
[2022.02.28-08.41.20:389][610]LogScript: Error: Script call stack:
	KGGameMode_C.SpawnEnemy

[2022.02.28-08.41.20:389][610]LogScript: Warning: Script Msg: Attempted to remove an item from an invalid index from array [0/0]!
[2022.02.28-08.41.21:395][676]LogScript: Error: Script Msg: Attempted to access index 0 from array of length 0!
[2022.02.28-08.41.21:395][676]LogScript: Error: Script call stack:
	KGGameMode_C.SpawnEnemy

[2022.02.28-08.41.21:395][676]LogScript: Warning: Script Msg: Attempted to remove an item from an invalid index from array [0/0]!
[2022.02.28-08.41.22:386][733]LogScript: Error: Script Msg: Attempted to access index 0 from array of length 0!
[2022.02.28-08.41.22:386][733]LogScript: Error: Script call stack:
	KGGameMode_C.SpawnEnemy

[2022.02.28-08.41.22:386][733]LogScript: Warning: Script Msg: Attempted to remove an item from an invalid index from array [0/0]!
[2022.02.28-08.41.23:390][790]LogScript: Error: Script Msg: Attempted to access index 0 from array of length 0!
[2022.02.28-08.41.23:390][790]LogScript: Error: Script call stack:
	KGGameMode_C.SpawnEnemy

[2022.02.28-08.41.23:390][790]LogScript: Warning: Script Msg: Attempted to remove an item from an invalid index from array [0/0]!
[2022.02.28-08.41.24:392][855]LogScript: Error: Script Msg: Attempted to access index 0 from array of length 0!
[2022.02.28-08.41.24:392][855]LogScript: Error: Script call stack:
	KGGameMode_C.SpawnEnemy

[2022.02.28-08.41.24:392][855]LogScript: Warning: Script Msg: Attempted to remove an item from an invalid index from array [0/0]!
[2022.02.28-08.41.25:396][917]LogScript: Error: Script Msg: Attempted to access index 0 from array of length 0!
[2022.02.28-08.41.25:396][917]LogScript: Error: Script call stack:
	KGGameMode_C.SpawnEnemy

[2022.02.28-08.41.25:396][917]LogScript: Warning: Script Msg: Attempted to remove an item from an invalid index from array [0/0]!
[2022.02.28-08.41.26:389][976]LogScript: Error: Script Msg: Attempted to access index 0 from array of length 0!
[2022.02.28-08.41.26:389][976]LogScript: Error: Script call stack:
	KGGameMode_C.SpawnEnemy

[2022.02.28-08.41.26:389][976]LogScript: Warning: Script Msg: Attempted to remove an item from an invalid index from array [0/0]!
[2022.02.28-08.41.27:385][ 35]LogScript: Error: Script Msg: Attempted to access index 0 from array of length 0!
[2022.02.28-08.41.27:386][ 35]LogScript: Error: Script call stack:
	KGGameMode_C.SpawnEnemy

[2022.02.28-08.41.27:386][ 35]LogScript: Warning: Script Msg: Attempted to remove an item from an invalid index from array [0/0]!
[2022.02.28-08.41.28:404][ 80]LogScript: Error: Script Msg: Attempted to access index 0 from array of length 0!
[2022.02.28-08.41.28:404][ 80]LogScript: Error: Script call stack:
	KGGameMode_C.SpawnEnemy

[2022.02.28-08.41.28:404][ 80]LogScript: Warning: Script Msg: Attempted to remove an item from an invalid index from array [0/0]!
[2022.02.28-08.41.29:391][118]LogScript: Error: Script Msg: Attempted to access index 0 from array of length 0!
[2022.02.28-08.41.29:391][118]LogScript: Error: Script call stack:
	KGGameMode_C.SpawnEnemy

[2022.02.28-08.41.29:391][118]LogScript: Warning: Script Msg: Attempted to remove an item from an invalid index from array [0/0]!
[2022.02.28-08.41.30:381][158]LogScript: Error: Script Msg: Attempted to access index 0 from array of length 0!
[2022.02.28-08.41.30:381][158]LogScript: Error: Script call stack:
	KGGameMode_C.SpawnEnemy

[2022.02.28-08.41.30:381][158]LogScript: Warning: Script Msg: Attempted to remove an item from an invalid index from array [0/0]!
[2022.02.28-08.41.31:389][201]LogScript: Error: Script Msg: Attempted to access index 0 from array of length 0!
[2022.02.28-08.41.31:389][201]LogScript: Error: Script call stack:
	KGGameMode_C.SpawnEnemy

[2022.02.28-08.41.31:389][201]LogScript: Warning: Script Msg: Attempted to remove an item from an invalid index from array [0/0]!
[2022.02.28-08.41.32:386][247]LogScript: Error: Script Msg: Attempted to access index 0 from array of length 0!
[2022.02.28-08.41.32:386][247]LogScript: Error: Script call stack:
	KGGameMode_C.SpawnEnemy

[2022.02.28-08.41.32:386][247]LogScript: Warning: Script Msg: Attempted to remove an item from an invalid index from array [0/0]!
[2022.02.28-08.41.33:388][290]LogScript: Error: Script Msg: Attempted to access index 0 from array of length 0!
[2022.02.28-08.41.33:388][290]LogScript: Error: Script call stack:
	KGGameMode_C.SpawnEnemy

[2022.02.28-08.41.33:388][290]LogScript: Warning: Script Msg: Attempted to remove an item from an invalid index from array [0/0]!
[2022.02.28-08.41.34:391][332]LogScript: Error: Script Msg: Attempted to access index 0 from array of length 0!
[2022.02.28-08.41.34:391][332]LogScript: Error: Script call stack:
	KGGameMode_C.SpawnEnemy

[2022.02.28-08.41.34:391][332]LogScript: Warning: Script Msg: Attempted to remove an item from an invalid index from array [0/0]!
[2022.02.28-08.41.35:398][372]LogScript: Error: Script Msg: Attempted to access index 0 from array of length 0!
[2022.02.28-08.41.35:398][372]LogScript: Error: Script call stack:
	KGGameMode_C.SpawnEnemy

[2022.02.28-08.41.35:398][372]LogScript: Warning: Script Msg: Attempted to remove an item from an invalid index from array [0/0]!
[2022.02.28-08.41.36:389][417]LogScript: Error: Script Msg: Attempted to access index 0 from array of length 0!
[2022.02.28-08.41.36:389][417]LogScript: Error: Script call stack:
	KGGameMode_C.SpawnEnemy

[2022.02.28-08.41.36:389][417]LogScript: Warning: Script Msg: Attempted to remove an item from an invalid index from array [0/0]!
[2022.02.28-08.41.37:404][462]LogScript: Error: Script Msg: Attempted to access index 0 from array of length 0!
[2022.02.28-08.41.37:404][462]LogScript: Error: Script call stack:
	KGGameMode_C.SpawnEnemy

[2022.02.28-08.41.37:404][462]LogScript: Warning: Script Msg: Attempted to remove an item from an invalid index from array [0/0]!
[2022.02.28-08.41.37:579][468]LogScript: Error: Script Msg: Attempted to access index 0 from array of length 0!
[2022.02.28-08.41.37:579][468]LogScript: Error: Script call stack:
	KGGameMode_C.CheckWaveComplete
	KGCharacterBase_C.ExecuteUbergraph_KGCharacterBase_0

[2022.02.28-08.41.38:386][497]LogScript: Error: Script Msg: Attempted to access index 0 from array of length 0!
[2022.02.28-08.41.38:386][497]LogScript: Error: Script call stack:
	KGGameMode_C.SpawnEnemy

[2022.02.28-08.41.38:386][497]LogScript: Warning: Script Msg: Attempted to remove an item from an invalid index from array [0/0]!
[2022.02.28-08.41.39:385][536]LogScript: Error: Script Msg: Attempted to access index 0 from array of length 0!
[2022.02.28-08.41.39:385][536]LogScript: Error: Script call stack:
	KGGameMode_C.SpawnEnemy

[2022.02.28-08.41.39:385][536]LogScript: Warning: Script Msg: Attempted to remove an item from an invalid index from array [0/0]!
[2022.02.28-08.41.40:383][571]LogScript: Error: Script Msg: Attempted to access index 0 from array of length 0!
[2022.02.28-08.41.40:383][571]LogScript: Error: Script call stack:
	KGGameMode_C.SpawnEnemy

[2022.02.28-08.41.40:383][571]LogScript: Warning: Script Msg: Attempted to remove an item from an invalid index from array [0/0]!
[2022.02.28-08.41.40:559][577]LogWindowsDesktop: Alt-F4 pressed!
[2022.02.28-08.41.40:559][577]LogSlate: Request Window 'Survival (64-bit Development PCD3D_SM5) ' being destroyed
[2022.02.28-08.41.40:616][577]LogSlate: Window 'Survival (64-bit Development PCD3D_SM5) ' being destroyed
[2022.02.28-08.41.40:617][577]LogWindowsTextInputMethodSystem: Display: IME system deactivated.
[2022.02.28-08.41.40:651][577]LogSlate: Updating window title bar state: overlay mode, drag disabled, window buttons hidden, title bar hidden
[2022.02.28-08.41.40:651][577]LogEngine: All Windows Closed
[2022.02.28-08.41.40:651][577]LogWindows: FPlatformMisc::RequestExit(0)
[2022.02.28-08.41.40:651][577]LogWindows: FPlatformMisc::RequestExitWithStatus(0, 0)
[2022.02.28-08.41.40:651][577]LogCore: Engine exit requested (reason: Win RequestExit)
[2022.02.28-08.41.40:651][578]LogCore: Engine exit requested (reason: EngineExit() was called; note: exit was already requested)
[2022.02.28-08.41.40:651][578]LogInit: Display: PreExit Game.
[2022.02.28-08.41.40:656][578]LogWorld: BeginTearingDown for /Game/Maps/SihoonCastleLevel
[2022.02.28-08.41.40:656][578]LogWorld: UWorld::CleanupWorld for SihoonCastleLevel, bSessionEnded=true, bCleanupResources=true
[2022.02.28-08.41.40:657][578]LogSlate: InvalidateAllWidgets triggered.  All widgets were invalidated
[2022.02.28-08.41.40:701][578]LogAudio: Display: Beginning Audio Device Manager Shutdown (Module: AudioMixerXAudio2)...
[2022.02.28-08.41.40:702][578]LogAudio: Display: Destroying 1 Remaining Audio Device(s)...
[2022.02.28-08.41.40:702][578]LogAudio: Display: Audio Device unregistered from world 'SihoonCastleLevel'.
[2022.02.28-08.41.40:702][578]LogAudioMixer: FMixerPlatformXAudio2::StopAudioStream() called
[2022.02.28-08.41.40:702][578]LogAudioMixer: FMixerPlatformXAudio2::StopAudioStream() called
[2022.02.28-08.41.40:708][578]LogAudio: Display: Audio Device Manager Shutdown
[2022.02.28-08.41.40:711][578]LogExit: Preparing to exit.
[2022.02.28-08.41.40:711][578]LogMoviePlayer: Shutting down movie player
[2022.02.28-08.41.40:713][578]LogSlate: Updating window title bar state: overlay mode, drag disabled, window buttons hidden, title bar hidden
[2022.02.28-08.41.40:726][578]LogDemo: Cleaned up 0 splitscreen connections with owner deletion
[2022.02.28-08.41.40:727][578]LogExit: Game engine shut down
[2022.02.28-08.41.40:741][578]LogExit: Object subsystem successfully closed.
[2022.02.28-08.41.40:748][578]LogModuleManager: Shutting down and abandoning module AutomationController (360)
[2022.02.28-08.41.40:748][578]LogModuleManager: Shutting down and abandoning module AutomationWorker (358)
[2022.02.28-08.41.40:748][578]LogModuleManager: Shutting down and abandoning module Voice (356)
[2022.02.28-08.41.40:748][578]LogModuleManager: Shutting down and abandoning module AIModule (354)
[2022.02.28-08.41.40:748][578]LogModuleManager: Shutting down and abandoning module GameplayDebugger (353)
[2022.02.28-08.41.40:748][578]LogModuleManager: Shutting down and abandoning module NavigationSystem (351)
[2022.02.28-08.41.40:748][578]LogModuleManager: Shutting down and abandoning module WebMMediaFactory (348)
[2022.02.28-08.41.40:748][578]LogModuleManager: Shutting down and abandoning module WebMMedia (346)
[2022.02.28-08.41.40:748][578]LogModuleManager: Shutting down and abandoning module OpenXRInput (344)
[2022.02.28-08.41.40:748][578]LogModuleManager: Shutting down and abandoning module OculusMR (342)
[2022.02.28-08.41.40:748][578]LogModuleManager: Shutting down and abandoning module WmfMediaFactory (340)
[2022.02.28-08.41.40:748][578]LogModuleManager: Shutting down and abandoning module OpenExrWrapper (338)
[2022.02.28-08.41.40:748][578]LogModuleManager: Shutting down and abandoning module ImgMediaFactory (336)
[2022.02.28-08.41.40:748][578]LogModuleManager: Shutting down and abandoning module AvfMediaFactory (334)
[2022.02.28-08.41.40:748][578]LogModuleManager: Shutting down and abandoning module CharacterAI (332)
[2022.02.28-08.41.40:748][578]LogModuleManager: Shutting down and abandoning module PlanarCut (330)
[2022.02.28-08.41.40:748][578]LogModuleManager: Shutting down and abandoning module SessionServices (328)
[2022.02.28-08.41.40:748][578]LogModuleManager: Shutting down and abandoning module LiveCoding (326)
[2022.02.28-08.41.40:748][578]LogModuleManager: Shutting down and abandoning module LevelSequence (324)
[2022.02.28-08.41.40:748][578]LogModuleManager: Shutting down and abandoning module MovieSceneTracks (322)
[2022.02.28-08.41.40:748][578]LogModuleManager: Shutting down and abandoning module MovieScene (320)
[2022.02.28-08.41.40:748][578]LogModuleManager: Shutting down and abandoning module StreamingPauseRendering (318)
[2022.02.28-08.41.40:748][578]LogModuleManager: Shutting down and abandoning module AudioMixerXAudio2 (316)
[2022.02.28-08.41.40:748][578]LogModuleManager: Shutting down and abandoning module AudioMixerCore (315)
[2022.02.28-08.41.40:748][578]LogModuleManager: Shutting down and abandoning module ImageWriteQueue (312)
[2022.02.28-08.41.40:749][578]LogModuleManager: Shutting down and abandoning module ProfilerService (310)
[2022.02.28-08.41.40:820][578]LogModuleManager: Shutting down and abandoning module TaskGraph (308)
[2022.02.28-08.41.40:820][578]LogModuleManager: Shutting down and abandoning module Synthesis (306)
[2022.02.28-08.41.40:820][578]LogModuleManager: Shutting down and abandoning module TakeMovieScene (304)
[2022.02.28-08.41.40:820][578]LogModuleManager: Shutting down and abandoning module LiveLinkMovieScene (302)
[2022.02.28-08.41.40:820][578]LogModuleManager: Shutting down and abandoning module LiveLinkComponents (300)
[2022.02.28-08.41.40:820][578]LogModuleManager: Shutting down and abandoning module LiveLink (298)
[2022.02.28-08.41.41:689][578]LogModuleManager: Shutting down and abandoning module OculusInput (296)
[2022.02.28-08.41.41:689][578]LogModuleManager: Shutting down and abandoning module MobilePatchingUtils (294)
[2022.02.28-08.41.41:689][578]LogModuleManager: Shutting down and abandoning module GooglePAD (292)
[2022.02.28-08.41.41:689][578]LogModuleManager: Shutting down and abandoning module CustomMeshComponent (290)
[2022.02.28-08.41.41:689][578]LogModuleManager: Shutting down and abandoning module CableComponent (288)
[2022.02.28-08.41.41:689][578]LogModuleManager: Shutting down and abandoning module AudioCapture (286)
[2022.02.28-08.41.41:689][578]LogModuleManager: Shutting down and abandoning module AudioCaptureRtAudio (285)
[2022.02.28-08.41.41:689][578]LogModuleManager: Shutting down and abandoning module AssetTags (282)
[2022.02.28-08.41.41:689][578]LogModuleManager: Shutting down and abandoning module ArchVisCharacter (280)
[2022.02.28-08.41.41:689][578]LogModuleManager: Shutting down and abandoning module AppleImageUtils (278)
[2022.02.28-08.41.41:689][578]LogModuleManager: Shutting down and abandoning module AndroidPermission (276)
[2022.02.28-08.41.41:689][578]LogModuleManager: Shutting down and abandoning module ActorLayerUtilities (274)
[2022.02.28-08.41.41:689][578]LogModuleManager: Shutting down and abandoning module MediaCompositing (272)
[2022.02.28-08.41.41:689][578]LogModuleManager: Shutting down and abandoning module ImgMedia (270)
[2022.02.28-08.41.41:689][578]LogModuleManager: Shutting down and abandoning module MagicLeapLightEstimation (268)
[2022.02.28-08.41.41:689][578]LogModuleManager: Shutting down and abandoning module MagicLeapHelperVulkan (266)
[2022.02.28-08.41.41:689][578]LogModuleManager: Shutting down and abandoning module MagicLeapHelperOpenGL (264)
[2022.02.28-08.41.41:689][578]LogModuleManager: Shutting down and abandoning module MagicLeapAudio (262)
[2022.02.28-08.41.41:689][578]LogModuleManager: Shutting down and abandoning module OpenImageDenoise (260)
[2022.02.28-08.41.41:689][578]LogModuleManager: Shutting down and abandoning module MotoSynth (258)
[2022.02.28-08.41.41:689][578]LogModuleManager: Shutting down and abandoning module ChaosNiagara (256)
[2022.02.28-08.41.41:689][578]LogModuleManager: Shutting down and abandoning module ProceduralMeshComponent (254)
[2022.02.28-08.41.41:689][578]LogModuleManager: Shutting down and abandoning module GeometryCollectionTracks (252)
[2022.02.28-08.41.41:689][578]LogModuleManager: Shutting down and abandoning module EditableMesh (250)
[2022.02.28-08.41.41:689][578]LogModuleManager: Shutting down and abandoning module MeshConversion (248)
[2022.02.28-08.41.41:689][578]LogModuleManager: Shutting down and abandoning module DynamicMesh (246)
[2022.02.28-08.41.41:689][578]LogModuleManager: Shutting down and abandoning module GeometryAlgorithms (244)
[2022.02.28-08.41.41:689][578]LogModuleManager: Shutting down and abandoning module GeometricObjects (242)
[2022.02.28-08.41.41:689][578]LogModuleManager: Shutting down and abandoning module BackChannel (240)
[2022.02.28-08.41.41:689][578]LogModuleManager: Shutting down and abandoning module AutomationUtils (238)
[2022.02.28-08.41.41:689][578]LogModuleManager: Shutting down and abandoning module GeometryCacheTracks (236)
[2022.02.28-08.41.41:689][578]LogModuleManager: Shutting down and abandoning module GeometryCache (234)
[2022.02.28-08.41.41:689][578]LogModuleManager: Shutting down and abandoning module UObjectPlugin (232)
[2022.02.28-08.41.41:689][578]LogModuleManager: Shutting down and abandoning module OodleNetworkHandlerComponent (230)
[2022.02.28-08.41.41:689][578]LogModuleManager: Shutting down and abandoning module TemplateSequence (228)
[2022.02.28-08.41.41:689][578]LogModuleManager: Shutting down and abandoning module MagicLeapSharedWorld (226)
[2022.02.28-08.41.41:689][578]LogModuleManager: Shutting down and abandoning module NativizedAssets (224)
[2022.02.28-08.41.41:689][578]LogModuleManager: Shutting down and abandoning module AudioSynesthesia (222)
[2022.02.28-08.41.41:689][578]LogModuleManager: Shutting down and abandoning module AudioSynesthesiaCore (220)
[2022.02.28-08.41.41:689][578]LogModuleManager: Shutting down and abandoning module SoundFields (218)
[2022.02.28-08.41.41:689][578]LogModuleManager: Shutting down and abandoning module RuntimePhysXCooking (216)
[2022.02.28-08.41.41:689][578]LogModuleManager: Shutting down and abandoning module LocationServicesBPLibrary (212)
[2022.02.28-08.41.41:689][578]LogModuleManager: Shutting down and abandoning module ActorSequence (210)
[2022.02.28-08.41.41:689][578]LogModuleManager: Shutting down and abandoning module UdpMessaging (208)
[2022.02.28-08.41.41:689][578]LogModuleManager: Shutting down and abandoning module TcpMessaging (206)
[2022.02.28-08.41.41:689][578]LogModuleManager: Shutting down and abandoning module ImgMediaEngine (204)
[2022.02.28-08.41.41:689][578]LogModuleManager: Shutting down and abandoning module MagicLeapHandMeshing (202)
[2022.02.28-08.41.41:689][578]LogModuleManager: Shutting down and abandoning module MagicLeapSecureStorage (200)
[2022.02.28-08.41.41:689][578]LogModuleManager: Shutting down and abandoning module MagicLeapPrivileges (198)
[2022.02.28-08.41.41:689][578]LogModuleManager: Shutting down and abandoning module MagicLeapPlanes (196)
[2022.02.28-08.41.41:689][578]LogModuleManager: Shutting down and abandoning module MagicLeapImageTracker (194)
[2022.02.28-08.41.41:689][578]LogModuleManager: Shutting down and abandoning module MagicLeapIdentity (192)
[2022.02.28-08.41.41:689][578]LogModuleManager: Shutting down and abandoning module MagicLeapHandTracking (190)
[2022.02.28-08.41.41:689][578]LogModuleManager: Shutting down and abandoning module MagicLeapEyeTracker (188)
[2022.02.28-08.41.41:689][578]LogModuleManager: Shutting down and abandoning module MagicLeapController (186)
[2022.02.28-08.41.41:689][578]LogModuleManager: Shutting down and abandoning module MagicLeapARPinImpl (184)
[2022.02.28-08.41.41:689][578]LogModuleManager: Shutting down and abandoning module MagicLeapAR (182)
[2022.02.28-08.41.41:689][578]LogModuleManager: Shutting down and abandoning module NiagaraAnimNotifies (180)
[2022.02.28-08.41.41:689][578]LogModuleManager: Shutting down and abandoning module Niagara (178)
[2022.02.28-08.41.41:689][578]LogModuleManager: Shutting down and abandoning module SignalProcessing (177)
[2022.02.28-08.41.41:689][578]LogModuleManager: Shutting down and abandoning module NiagaraCore (174)
[2022.02.28-08.41.41:689][578]LogModuleManager: Shutting down and abandoning module FacialAnimation (172)
[2022.02.28-08.41.41:689][578]LogModuleManager: Shutting down and abandoning module SignificanceManager (170)
[2022.02.28-08.41.41:689][578]LogModuleManager: Shutting down and abandoning module AnimationSharing (168)
[2022.02.28-08.41.41:689][578]LogModuleManager: Shutting down and abandoning module GameplayCameras (166)
[2022.02.28-08.41.41:689][578]LogModuleManager: Shutting down and abandoning module LightPropagationVolumeRuntime (164)
[2022.02.28-08.41.41:689][578]LogModuleManager: Shutting down and abandoning module Paper2D (162)
[2022.02.28-08.41.41:689][578]LogModuleManager: Shutting down and abandoning module MagicLeapARPin (160)
[2022.02.28-08.41.41:689][578]LogModuleManager: Shutting down and abandoning module WindowsMoviePlayer (158)
[2022.02.28-08.41.41:690][578]LogModuleManager: Shutting down and abandoning module WebMMoviePlayer (156)
[2022.02.28-08.41.41:690][578]LogModuleManager: Shutting down and abandoning module NetworkReplayStreaming (154)
[2022.02.28-08.41.41:690][578]LogModuleManager: Shutting down and abandoning module PacketHandler (152)
[2022.02.28-08.41.41:690][578]LogModuleManager: Shutting down and abandoning module ClothingSystemRuntimeNv (150)
[2022.02.28-08.41.41:690][578]LogModuleManager: Shutting down and abandoning module MediaAssets (148)
[2022.02.28-08.41.41:690][578]LogModuleManager: Shutting down and abandoning module Overlay (146)
[2022.02.28-08.41.41:690][578]LogModuleManager: Shutting down and abandoning module FunctionalTesting (144)
[2022.02.28-08.41.41:690][578]LogModuleManager: Shutting down and abandoning module MessageLog (142)
[2022.02.28-08.41.41:690][578]LogModuleManager: Shutting down and abandoning module UMG (140)
[2022.02.28-08.41.41:690][578]LogModuleManager: Shutting down and abandoning module SlateReflector (138)
[2022.02.28-08.41.41:690][578]LogModuleManager: Shutting down and abandoning module Slate (136)
[2022.02.28-08.41.41:690][578]LogModuleManager: Shutting down and abandoning module SlateCore (134)
[2022.02.28-08.41.41:691][578]LogModuleManager: Shutting down and abandoning module MRMesh (132)
[2022.02.28-08.41.41:691][578]LogModuleManager: Shutting down and abandoning module Messaging (130)
[2022.02.28-08.41.41:691][578]LogModuleManager: Shutting down and abandoning module HeadMountedDisplay (128)
[2022.02.28-08.41.41:691][578]LogModuleManager: Shutting down and abandoning module XAudio2 (126)
[2022.02.28-08.41.41:691][578]LogModuleManager: Shutting down and abandoning module Networking (124)
[2022.02.28-08.41.41:691][578]LogModuleManager: Shutting down and abandoning module Core (122)
[2022.02.28-08.41.41:691][578]LogModuleManager: Shutting down and abandoning module FieldSystemEngine (120)
[2022.02.28-08.41.41:691][578]LogModuleManager: Shutting down and abandoning module ImageWrapper (116)
[2022.02.28-08.41.41:691][578]LogModuleManager: Shutting down and abandoning module D3D11RHI (114)
[2022.02.28-08.41.41:691][578]LogModuleManager: Shutting down and abandoning module InputCore (112)
[2022.02.28-08.41.41:691][578]LogModuleManager: Shutting down and abandoning module Settings (110)
[2022.02.28-08.41.41:691][578]LogModuleManager: Shutting down and abandoning module PhysXCooking (108)
[2022.02.28-08.41.41:691][578]LogModuleManager: Shutting down and abandoning module Chaos (106)
[2022.02.28-08.41.41:691][578]LogModuleManager: Shutting down and abandoning module WindowsPlatformFeatures (104)
[2022.02.28-08.41.41:691][578]LogModuleManager: Shutting down and abandoning module GameplayMediaEncoder (103)
[2022.02.28-08.41.41:691][578]LogModuleManager: Shutting down and abandoning module AVEncoder (102)
[2022.02.28-08.41.41:691][578]LogModuleManager: Shutting down and abandoning module SteamVRInputDevice (98)
[2022.02.28-08.41.41:691][578]LogModuleManager: Shutting down and abandoning module SteamVRInput (96)
[2022.02.28-08.41.41:691][578]LogModuleManager: Shutting down and abandoning module SteamVR (94)
[2022.02.28-08.41.41:691][578]LogHMD: Freeing OpenVRDLLHandle.
[2022.02.28-08.41.41:691][578]LogModuleManager: Shutting down and abandoning module OpenXRHandTracking (92)
[2022.02.28-08.41.41:691][578]LogSlate: Slate User Destroyed.  User Index 0, Is Virtual User: 0
[2022.02.28-08.41.41:691][578]LogModuleManager: Shutting down and abandoning module OpenXRAR (90)
[2022.02.28-08.41.41:691][578]LogModuleManager: Shutting down and abandoning module AugmentedReality (89)
[2022.02.28-08.41.41:691][578]LogModuleManager: Shutting down and abandoning module OpenXRHMD (86)
[2022.02.28-08.41.41:691][578]LogModuleManager: Shutting down and abandoning module OpenXREyeTracker (84)
[2022.02.28-08.41.41:691][578]LogModuleManager: Shutting down and abandoning module OculusHMD (82)
[2022.02.28-08.41.41:691][578]LogModuleManager: Shutting down and abandoning module ExampleDeviceProfileSelector (80)
[2022.02.28-08.41.41:691][578]LogModuleManager: Shutting down and abandoning module ChunkDownloader (78)
[2022.02.28-08.41.41:691][578]LogModuleManager: Shutting down and abandoning module LauncherChunkInstaller (76)
[2022.02.28-08.41.41:691][578]LogModuleManager: Shutting down and abandoning module OnlineSubsystem (72)
[2022.02.28-08.41.41:691][578]LogModuleManager: Shutting down and abandoning module HTTP (67)
[2022.02.28-08.41.41:691][578]LogHttp: Display: cleaning up 0 outstanding Http requests.
[2022.02.28-08.41.41:705][578]LogModuleManager: Shutting down and abandoning module SSL (66)
[2022.02.28-08.41.41:705][578]LogModuleManager: Shutting down and abandoning module WmfMedia (62)
[2022.02.28-08.41.41:706][578]LogModuleManager: Shutting down and abandoning module Media (61)
[2022.02.28-08.41.41:706][578]LogModuleManager: Shutting down and abandoning module MediaInfo (60)
[2022.02.28-08.41.41:706][578]LogModuleManager: Shutting down and abandoning module ExrReaderGpu (56)
[2022.02.28-08.41.41:706][578]LogModuleManager: Shutting down and abandoning module MLSDK (54)
[2022.02.28-08.41.41:706][578]LogModuleManager: Shutting down and abandoning module MagicLeap (52)
[2022.02.28-08.41.41:706][578]LogModuleManager: Shutting down and abandoning module NiagaraVertexFactories (50)
[2022.02.28-08.41.41:706][578]LogModuleManager: Shutting down and abandoning module NiagaraShader (48)
[2022.02.28-08.41.41:706][578]LogModuleManager: Shutting down and abandoning module ChaosCloth (46)
[2022.02.28-08.41.41:706][578]LogModuleManager: Shutting down and abandoning module VariantManagerContent (44)
[2022.02.28-08.41.41:706][578]LogModuleManager: Shutting down and abandoning module DatasmithContent (42)
[2022.02.28-08.41.41:706][578]LogModuleManager: Shutting down and abandoning module PixWinPlugin (40)
[2022.02.28-08.41.41:706][578]LogModuleManager: Shutting down and abandoning module AISupportModule (38)
[2022.02.28-08.41.41:706][578]LogModuleManager: Shutting down and abandoning module PlatformCryptoOpenSSL (36)
[2022.02.28-08.41.41:706][578]LogModuleManager: Shutting down and abandoning module PlatformCryptoTypes (34)
[2022.02.28-08.41.41:706][578]LogModuleManager: Shutting down and abandoning module PlatformCrypto (32)
[2022.02.28-08.41.41:706][578]LogModuleManager: Shutting down and abandoning module PythonScriptPluginPreload (30)
[2022.02.28-08.41.41:706][578]LogModuleManager: Shutting down and abandoning module OodleDataCompressionFormat (28)
[2022.02.28-08.41.41:706][578]LogModuleManager: Shutting down and abandoning module RenderCore (26)
[2022.02.28-08.41.41:706][578]LogModuleManager: Shutting down and abandoning module Landscape (24)
[2022.02.28-08.41.41:706][578]LogModuleManager: Shutting down and abandoning module SlateRHIRenderer (22)
[2022.02.28-08.41.41:706][578]LogModuleManager: Shutting down and abandoning module AnimGraphRuntime (20)
[2022.02.28-08.41.41:706][578]LogModuleManager: Shutting down and abandoning module Renderer (18)
[2022.02.28-08.41.41:706][578]LogModuleManager: Shutting down and abandoning module Engine (16)
[2022.02.28-08.41.41:706][578]LogModuleManager: Shutting down and abandoning module CoreUObject (14)
[2022.02.28-08.41.41:706][578]LogModuleManager: Shutting down and abandoning module NetworkFile (12)
[2022.02.28-08.41.41:707][578]LogModuleManager: Shutting down and abandoning module CookedIterativeFile (10)
[2022.02.28-08.41.41:707][578]LogModuleManager: Shutting down and abandoning module StreamingFile (8)
[2022.02.28-08.41.41:707][578]LogModuleManager: Shutting down and abandoning module SandboxFile (6)
[2022.02.28-08.41.41:707][578]LogModuleManager: Shutting down and abandoning module PakFile (4)
[2022.02.28-08.41.41:707][578]LogModuleManager: Shutting down and abandoning module RSA (3)
[2022.02.28-08.41.41:707][578]LogContentStreaming: Display: There are 1 unreleased StreamingManagers
[2022.02.28-08.41.41:708][578]LogD3D11RHI: Shutdown
[2022.02.28-08.41.41:708][578]LogD3D11RHI: CleanupD3DDevice
[2022.02.28-08.41.41:714][578]LogExit: Exiting.
[2022.02.28-08.41.41:730][578]Log file closed, 02/28/22 17:41:41
