"../../../Engine/Content/EngineMaterials/T_Default_Material_Grid_N.uasset" 0
"../../../Engine/Content/EngineMaterials/T_Default_Material_Grid_N.uexp" 1
"../../../Engine/Content/EngineMaterials/T_Default_Material_Grid_N.ubulk" 2
"../../../Engine/Content/EngineMaterials/T_Default_Material_Grid_M.uasset" 3
"../../../Engine/Content/EngineMaterials/T_Default_Material_Grid_M.uexp" 4
"../../../Engine/Content/EngineMaterials/T_Default_Material_Grid_M.ubulk" 5
"../../../Engine/Content/Functions/Engine_MaterialFunctions01/Opacity/CameraDepthFade.uasset" 6
"../../../Engine/Content/Functions/Engine_MaterialFunctions01/Opacity/CameraDepthFade.uexp" 7
"../../../Engine/Content/EngineMaterials/WorldGridMaterial.uasset" 8
"../../../Engine/Content/EngineMaterials/WorldGridMaterial.uexp" 9
"../../../Engine/Content/ArtTools/RenderToTexture/Meshes/S_1_Unit_Plane.uasset" 10
"../../../Engine/Content/ArtTools/RenderToTexture/Meshes/S_1_Unit_Plane.uexp" 11
"../../../Engine/Content/EngineMaterials/DefaultMaterial.uasset" 12
"../../../Engine/Content/EngineMaterials/DefaultMaterial.uexp" 13
"../../../Engine/Content/BasicShapes/Cone.uasset" 14
"../../../Engine/Content/BasicShapes/Cone.uexp" 15
"../../../Engine/Content/BasicShapes/Cube.uasset" 16
"../../../Engine/Content/BasicShapes/Cube.uexp" 17
"../../../Engine/Content/BasicShapes/Plane.uasset" 18
"../../../Engine/Content/BasicShapes/Plane.uexp" 19
"../../../Engine/Content/BasicShapes/Sphere.uasset" 20
"../../../Engine/Content/BasicShapes/Sphere.uexp" 21
"../../../Engine/Content/EditorLandscapeResources/DataLayer.uasset" 22
"../../../Engine/Content/EditorLandscapeResources/DataLayer.uexp" 23
"../../../Engine/Content/EditorLandscapeResources/DefaultAlphaTexture.uasset" 24
"../../../Engine/Content/EditorLandscapeResources/DefaultAlphaTexture.uexp" 25
"../../../Engine/Content/EditorMaterials/MAT_Groups_Toggle.uasset" 26
"../../../Engine/Content/EditorMaterials/MAT_Groups_Toggle.uexp" 27
"../../../Engine/Content/EditorMaterials/MAT_Groups_Visibility.uasset" 28
"../../../Engine/Content/EditorMaterials/MAT_Groups_Visibility.uexp" 29
"../../../Engine/Content/EditorMaterials/PreviewShadowIndicator.uasset" 30
"../../../Engine/Content/EditorMaterials/PreviewShadowIndicator.uexp" 31
"../../../Engine/Content/EditorMaterials/PreviewShadowIndicator.ubulk" 32
"../../../Engine/Content/EditorMaterials/PreviewShadowIndicatorMaterial.uasset" 33
"../../../Engine/Content/EditorMaterials/PreviewShadowIndicatorMaterial.uexp" 34
"../../../Engine/Content/EditorMaterials/MatineeGroups/MAT_ColorTrack.uasset" 35
"../../../Engine/Content/EditorMaterials/MatineeGroups/MAT_ColorTrack.uexp" 36
"../../../Engine/Content/EditorMaterials/MatineeGroups/MAT_Groups_Anim.uasset" 37
"../../../Engine/Content/EditorMaterials/MatineeGroups/MAT_Groups_Anim.uexp" 38
"../../../Engine/Content/EditorMaterials/MatineeGroups/MAT_Groups_AudioMaster.uasset" 39
"../../../Engine/Content/EditorMaterials/MatineeGroups/MAT_Groups_AudioMaster.uexp" 40
"../../../Engine/Content/EditorMaterials/MatineeGroups/MAT_Groups_Director.uasset" 41
"../../../Engine/Content/EditorMaterials/MatineeGroups/MAT_Groups_Director.uexp" 42
"../../../Engine/Content/EditorMaterials/MatineeGroups/MAT_Groups_Event.uasset" 43
"../../../Engine/Content/EditorMaterials/MatineeGroups/MAT_Groups_Event.uexp" 44
"../../../Engine/Content/EditorMaterials/MatineeGroups/MAT_Groups_Fade.uasset" 45
"../../../Engine/Content/EditorMaterials/MatineeGroups/MAT_Groups_Fade.uexp" 46
"../../../Engine/Content/EditorMaterials/MatineeGroups/MAT_Groups_Float.uasset" 47
"../../../Engine/Content/EditorMaterials/MatineeGroups/MAT_Groups_Float.uexp" 48
"../../../Engine/Content/EditorMaterials/MatineeGroups/MAT_Groups_Move.uasset" 49
"../../../Engine/Content/EditorMaterials/MatineeGroups/MAT_Groups_Move.uexp" 50
"../../../Engine/Content/EditorMaterials/MatineeGroups/MAT_Groups_Slomo.uasset" 51
"../../../Engine/Content/EditorMaterials/MatineeGroups/MAT_Groups_Slomo.uexp" 52
"../../../Engine/Content/EditorMaterials/MatineeGroups/MAT_Groups_Sound.uasset" 53
"../../../Engine/Content/EditorMaterials/MatineeGroups/MAT_Groups_Sound.uexp" 54
"../../../Engine/Content/EditorMaterials/MatineeGroups/MAT_Groups_Vector.uasset" 55
"../../../Engine/Content/EditorMaterials/MatineeGroups/MAT_Groups_Vector.uexp" 56
"../../../Engine/Content/EditorMaterials/ParticleSystems/PSysThumbnail_NoImage.uasset" 57
"../../../Engine/Content/EditorMaterials/ParticleSystems/PSysThumbnail_NoImage.uexp" 58
"../../../Engine/Content/EditorMaterials/ParticleSystems/PSysThumbnail_NoImage.ubulk" 59
"../../../Engine/Content/EditorMaterials/ParticleSystems/PSysThumbnail_OOD.uasset" 60
"../../../Engine/Content/EditorMaterials/ParticleSystems/PSysThumbnail_OOD.uexp" 61
"../../../Engine/Content/EditorMaterials/ParticleSystems/PSysThumbnail_OOD.ubulk" 62
"../../../Engine/Content/EditorMaterials/Camera/CineMat.uasset" 63
"../../../Engine/Content/EditorMaterials/Camera/CineMat.uexp" 64
"../../../Engine/Content/EditorMaterials/Camera/MI_CineMat_Rig.uasset" 65
"../../../Engine/Content/EditorMaterials/Camera/MI_CineMat_Rig.uexp" 66
"../../../Engine/Content/EditorMeshes/Camera/SM_CraneRig_Arm.uasset" 67
"../../../Engine/Content/EditorMeshes/Camera/SM_CraneRig_Arm.uexp" 68
"../../../Engine/Content/EditorMeshes/Camera/SM_CraneRig_Base.uasset" 69
"../../../Engine/Content/EditorMeshes/Camera/SM_CraneRig_Base.uexp" 70
"../../../Engine/Content/EditorMeshes/Camera/SM_CraneRig_Body.uasset" 71
"../../../Engine/Content/EditorMeshes/Camera/SM_CraneRig_Body.uexp" 72
"../../../Engine/Content/EditorMeshes/Camera/SM_CraneRig_Mount.uasset" 73
"../../../Engine/Content/EditorMeshes/Camera/SM_CraneRig_Mount.uexp" 74
"../../../Engine/Content/EditorMeshes/Camera/SM_RailRig_Mount.uasset" 75
"../../../Engine/Content/EditorMeshes/Camera/SM_RailRig_Mount.uexp" 76
"../../../Engine/Content/EditorMeshes/Camera/SM_RailRig_Track.uasset" 77
"../../../Engine/Content/EditorMeshes/Camera/SM_RailRig_Track.uexp" 78
"../../../Engine/Content/EditorResources/BSPVertex.uasset" 79
"../../../Engine/Content/EditorResources/BSPVertex.uexp" 80
"../../../Engine/Content/EditorResources/EmptyActor.uasset" 81
"../../../Engine/Content/EditorResources/EmptyActor.uexp" 82
"../../../Engine/Content/EditorResources/S_Actor.uasset" 83
"../../../Engine/Content/EditorResources/S_Actor.uexp" 84
"../../../Engine/Content/EditorResources/S_Actor.ubulk" 85
"../../../Engine/Content/EditorResources/S_Note.uasset" 86
"../../../Engine/Content/EditorResources/S_Note.uexp" 87
"../../../Engine/Content/EditorResources/S_Note.ubulk" 88
"../../../Engine/Content/EditorResources/S_Solver.uasset" 89
"../../../Engine/Content/EditorResources/S_Solver.uexp" 90
"../../../Engine/Content/EditorResources/S_Solver.ubulk" 91
"../../../Engine/Content/EditorResources/S_Terrain.uasset" 92
"../../../Engine/Content/EditorResources/S_Terrain.uexp" 93
"../../../Engine/Content/EditorResources/S_Terrain.ubulk" 94
"../../../Engine/Content/EditorResources/S_Trigger.uasset" 95
"../../../Engine/Content/EditorResources/S_Trigger.uexp" 96
"../../../Engine/Content/EditorResources/S_Trigger.ubulk" 97
"../../../Engine/Content/EditorResources/LightIcons/S_LightError.uasset" 98
"../../../Engine/Content/EditorResources/LightIcons/S_LightError.uexp" 99
"../../../Engine/Content/EditorResources/SequenceRecorder/Countdown.uasset" 100
"../../../Engine/Content/EditorResources/SequenceRecorder/Countdown.uexp" 101
"../../../Engine/Content/EditorResources/SequenceRecorder/RecordingIndicator.uasset" 102
"../../../Engine/Content/EditorResources/SequenceRecorder/RecordingIndicator.uexp" 103
"../../../Engine/Content/EngineDamageTypes/DmgTypeBP_Environmental.uasset" 104
"../../../Engine/Content/EngineDamageTypes/DmgTypeBP_Environmental.uexp" 105
"../../../Engine/Content/EngineDebugMaterials/DebugEditorMaterial.uasset" 106
"../../../Engine/Content/EngineDebugMaterials/DebugEditorMaterial.uexp" 107
"../../../Engine/Content/EngineDebugMaterials/DebugMeshMaterial.uasset" 108
"../../../Engine/Content/EngineDebugMaterials/DebugMeshMaterial.uexp" 109
"../../../Engine/Content/EngineDebugMaterials/M_SimpleUnlitTranslucent.uasset" 110
"../../../Engine/Content/EngineDebugMaterials/M_SimpleUnlitTranslucent.uexp" 111
"../../../Engine/Content/EngineDebugMaterials/VolumeToRender.uasset" 112
"../../../Engine/Content/EngineDebugMaterials/VolumeToRender.uexp" 113
"../../../Engine/Content/Functions/Engine_MaterialFunctions02/Utility/CameraDirectionVector.uasset" 114
"../../../Engine/Content/Functions/Engine_MaterialFunctions02/Utility/CameraDirectionVector.uexp" 115
"../../../Engine/Content/EngineDebugMaterials/M_VolumeRenderSphereTracePP.uasset" 116
"../../../Engine/Content/EngineDebugMaterials/M_VolumeRenderSphereTracePP.uexp" 117
"../../../Engine/Content/Functions/Engine_MaterialFunctions01/Shading/ConvertFromDiffSpec.uasset" 118
"../../../Engine/Content/Functions/Engine_MaterialFunctions01/Shading/ConvertFromDiffSpec.uexp" 119
"../../../Engine/Content/EngineDebugMaterials/VertexColorMaterial.uasset" 120
"../../../Engine/Content/EngineDebugMaterials/VertexColorMaterial.uexp" 121
"../../../Engine/Content/EngineDebugMaterials/WireframeMaterial.uasset" 122
"../../../Engine/Content/EngineDebugMaterials/WireframeMaterial.uexp" 123
"../../../Engine/Content/EngineFonts/Faces/RobotoRegular.uasset" 124
"../../../Engine/Content/EngineFonts/Faces/RobotoRegular.uexp" 125
"../../../Engine/Content/EngineFonts/Faces/RobotoRegular.ufont" 126
"../../../Engine/Content/EngineFonts/Faces/RobotoLight.uasset" 127
"../../../Engine/Content/EngineFonts/Faces/RobotoLight.uexp" 128
"../../../Engine/Content/EngineFonts/Faces/RobotoLight.ufont" 129
"../../../Engine/Content/EngineFonts/Faces/RobotoItalic.uasset" 130
"../../../Engine/Content/EngineFonts/Faces/RobotoItalic.uexp" 131
"../../../Engine/Content/EngineFonts/Faces/RobotoItalic.ufont" 132
"../../../Engine/Content/EngineFonts/Faces/RobotoBoldItalic.uasset" 133
"../../../Engine/Content/EngineFonts/Faces/RobotoBoldItalic.uexp" 134
"../../../Engine/Content/EngineFonts/Faces/RobotoBoldItalic.ufont" 135
"../../../Engine/Content/EngineFonts/Faces/RobotoBold.uasset" 136
"../../../Engine/Content/EngineFonts/Faces/RobotoBold.uexp" 137
"../../../Engine/Content/EngineFonts/Faces/RobotoBold.ufont" 138
"../../../Engine/Content/EngineFonts/Faces/DroidSansFallback.uasset" 139
"../../../Engine/Content/EngineFonts/Faces/DroidSansFallback.uexp" 140
"../../../Engine/Content/EngineFonts/Faces/DroidSansFallback.ufont" 141
"../../../Engine/Content/EngineFonts/Roboto.uasset" 142
"../../../Engine/Content/EngineFonts/Roboto.uexp" 143
"../../../Engine/Content/EngineMaterials/BaseFlattenNormalMap.uasset" 144
"../../../Engine/Content/EngineMaterials/BaseFlattenNormalMap.uexp" 145
"../../../Engine/Content/EngineMaterials/BaseFlattenGrayscaleMap.uasset" 146
"../../../Engine/Content/EngineMaterials/BaseFlattenGrayscaleMap.uexp" 147
"../../../Engine/Content/EngineMaterials/BaseFlattenEmissiveMap.uasset" 148
"../../../Engine/Content/EngineMaterials/BaseFlattenEmissiveMap.uexp" 149
"../../../Engine/Content/EngineMaterials/BaseFlattenDiffuseMap.uasset" 150
"../../../Engine/Content/EngineMaterials/BaseFlattenDiffuseMap.uexp" 151
"../../../Engine/Content/EngineMaterials/BaseFlattenMaterial.uasset" 152
"../../../Engine/Content/EngineMaterials/BaseFlattenMaterial.uexp" 153
"../../../Engine/Content/EngineMaterials/BlueNoise.uasset" 154
"../../../Engine/Content/EngineMaterials/BlueNoise.uexp" 155
"../../../Engine/Content/EngineMaterials/DefaultBloomKernel.uasset" 156
"../../../Engine/Content/EngineMaterials/DefaultBloomKernel.uexp" 157
"../../../Engine/Content/EngineMaterials/DefaultBokeh.uasset" 158
"../../../Engine/Content/EngineMaterials/DefaultBokeh.uexp" 159
"../../../Engine/Content/EngineMaterials/DefaultDiffuse.uasset" 160
"../../../Engine/Content/EngineMaterials/DefaultDiffuse.uexp" 161
"../../../Engine/Content/EngineMaterials/DefaultDiffuse.ubulk" 162
"../../../Engine/Content/EngineMaterials/DefaultDeferredDecalMaterial.uasset" 163
"../../../Engine/Content/EngineMaterials/DefaultDeferredDecalMaterial.uexp" 164
"../../../Engine/Content/EngineMaterials/DefaultLightFunctionMaterial.uasset" 165
"../../../Engine/Content/EngineMaterials/DefaultLightFunctionMaterial.uexp" 166
"../../../Engine/Content/Functions/Engine_MaterialFunctions02/Utility/BreakOutFloat2Components.uasset" 167
"../../../Engine/Content/Functions/Engine_MaterialFunctions02/Utility/BreakOutFloat2Components.uexp" 168
"../../../Engine/Content/EngineMaterials/DefaultPostProcessMaterial.uasset" 169
"../../../Engine/Content/EngineMaterials/DefaultPostProcessMaterial.uexp" 170
"../../../Engine/Content/EngineFonts/RobotoDistanceField.uasset" 171
"../../../Engine/Content/EngineFonts/RobotoDistanceField.uexp" 172
"../../../Engine/Content/EngineMaterials/DefaultTextMaterialOpaque.uasset" 173
"../../../Engine/Content/EngineMaterials/DefaultTextMaterialOpaque.uexp" 174
"../../../Engine/Content/EngineMaterials/DefaultWhiteGrid.uasset" 175
"../../../Engine/Content/EngineMaterials/DefaultWhiteGrid.uexp" 176
"../../../Engine/Content/EngineMaterials/DefaultWhiteGrid.ubulk" 177
"../../../Engine/Content/EngineMaterials/DefaultWhiteGrid_Low.uasset" 178
"../../../Engine/Content/EngineMaterials/DefaultWhiteGrid_Low.uexp" 179
"../../../Engine/Content/EngineMaterials/EmissiveMeshMaterial.uasset" 180
"../../../Engine/Content/EngineMaterials/EmissiveMeshMaterial.uexp" 181
"../../../Engine/Content/EngineMaterials/GizmoMaterial.uasset" 182
"../../../Engine/Content/EngineMaterials/GizmoMaterial.uexp" 183
"../../../Engine/Content/EngineMaterials/Good64x64TilingNoiseHighFreq.uasset" 184
"../../../Engine/Content/EngineMaterials/Good64x64TilingNoiseHighFreq.uexp" 185
"../../../Engine/Content/EngineMaterials/MiniFont.uasset" 186
"../../../Engine/Content/EngineMaterials/MiniFont.uexp" 187
"../../../Engine/Content/EngineMaterials/InvalidLightmapSettings.uasset" 188
"../../../Engine/Content/EngineMaterials/InvalidLightmapSettings.uexp" 189
"../../../Engine/Content/EngineMaterials/InvalidLightmapSettings.ubulk" 190
"../../../Engine/Content/EngineMaterials/M_InvalidLightmapSettings.uasset" 191
"../../../Engine/Content/EngineMaterials/M_InvalidLightmapSettings.uexp" 192
"../../../Engine/Content/Functions/Engine_MaterialFunctions02/WorldPositionOffset/CameraOffset.uasset" 193
"../../../Engine/Content/Functions/Engine_MaterialFunctions02/WorldPositionOffset/CameraOffset.uexp" 194
"../../../Engine/Content/EngineMaterials/PhAT_JointLimitMaterial.uasset" 195
"../../../Engine/Content/EngineMaterials/PhAT_JointLimitMaterial.uexp" 196
"../../../Engine/Content/EngineMaterials/DefaultCalibrationColor.uasset" 197
"../../../Engine/Content/EngineMaterials/DefaultCalibrationColor.uexp" 198
"../../../Engine/Content/EngineMaterials/PPM_DefaultCalibrationColor.uasset" 199
"../../../Engine/Content/EngineMaterials/PPM_DefaultCalibrationColor.uexp" 200
"../../../Engine/Content/EngineMaterials/DefaultCalibrationGrayscale.uasset" 201
"../../../Engine/Content/EngineMaterials/DefaultCalibrationGrayscale.uexp" 202
"../../../Engine/Content/EngineMaterials/PPM_DefaultCalibrationGrayscale.uasset" 203
"../../../Engine/Content/EngineMaterials/PPM_DefaultCalibrationGrayscale.uexp" 204
"../../../Engine/Content/EngineMaterials/PreintegratedSkinBRDF.uasset" 205
"../../../Engine/Content/EngineMaterials/PreintegratedSkinBRDF.uexp" 206
"../../../Engine/Content/EngineMaterials/RemoveSurfaceMaterial.uasset" 207
"../../../Engine/Content/EngineMaterials/RemoveSurfaceMaterial.uexp" 208
"../../../Engine/Content/EngineResources/WhiteSquareTexture.uasset" 209
"../../../Engine/Content/EngineResources/WhiteSquareTexture.uexp" 210
"../../../Engine/Content/EngineMaterials/Widget3DPassThrough.uasset" 211
"../../../Engine/Content/EngineMaterials/Widget3DPassThrough.uexp" 212
"../../../Engine/Content/EngineMaterials/Widget3DPassThrough_Masked.uasset" 213
"../../../Engine/Content/EngineMaterials/Widget3DPassThrough_Masked.uexp" 214
"../../../Engine/Content/EngineMaterials/Widget3DPassThrough_Opaque.uasset" 215
"../../../Engine/Content/EngineMaterials/Widget3DPassThrough_Opaque.uexp" 216
"../../../Engine/Content/EngineMaterials/Widget3DPassThrough_Masked_OneSided.uasset" 217
"../../../Engine/Content/EngineMaterials/Widget3DPassThrough_Masked_OneSided.uexp" 218
"../../../Engine/Content/EngineMaterials/Widget3DPassThrough_Opaque_OneSided.uasset" 219
"../../../Engine/Content/EngineMaterials/Widget3DPassThrough_Opaque_OneSided.uexp" 220
"../../../Engine/Content/EngineMaterials/Widget3DPassThrough_Translucent.uasset" 221
"../../../Engine/Content/EngineMaterials/Widget3DPassThrough_Translucent.uexp" 222
"../../../Engine/Content/EngineMaterials/Widget3DPassThrough_Translucent_OneSided.uasset" 223
"../../../Engine/Content/EngineMaterials/Widget3DPassThrough_Translucent_OneSided.uexp" 224
"../../../Engine/Content/EngineMeshes/Cylinder.uasset" 225
"../../../Engine/Content/EngineMeshes/Cylinder.uexp" 226
"../../../Engine/Content/EngineMeshes/Sphere.uasset" 227
"../../../Engine/Content/EngineMeshes/Sphere.uexp" 228
"../../../Engine/Content/EngineResources/DefaultTexture.uasset" 229
"../../../Engine/Content/EngineResources/DefaultTexture.uexp" 230
"../../../Engine/Content/EngineResources/DefaultTexture.ubulk" 231
"../../../Engine/Content/EngineResources/DefaultTextureCube.uasset" 232
"../../../Engine/Content/EngineResources/DefaultTextureCube.uexp" 233
"../../../Engine/Content/EngineResources/DefaultVolumeTexture2D.uasset" 234
"../../../Engine/Content/EngineResources/DefaultVolumeTexture2D.uexp" 235
"../../../Engine/Content/EngineResources/DefaultVolumeTexture.uasset" 236
"../../../Engine/Content/EngineResources/DefaultVolumeTexture.uexp" 237
"../../../Engine/Content/EngineResources/GradientTexture0.uasset" 238
"../../../Engine/Content/EngineResources/GradientTexture0.uexp" 239
"../../../Engine/Content/EngineSky/VolumetricClouds/T_NoiseShape64.uasset" 240
"../../../Engine/Content/EngineSky/VolumetricClouds/T_NoiseShape64.uexp" 241
"../../../Engine/Content/EngineSky/VolumetricClouds/T_NoiseShape64.ubulk" 242
"../../../Engine/Content/EngineSky/VolumetricClouds/T_VolumeNoiseShape64.uasset" 243
"../../../Engine/Content/EngineSky/VolumetricClouds/T_VolumeNoiseShape64.uexp" 244
"../../../Engine/Content/EngineSky/VolumetricClouds/T_NoiseErosion.uasset" 245
"../../../Engine/Content/EngineSky/VolumetricClouds/T_NoiseErosion.uexp" 246
"../../../Engine/Content/EngineSky/VolumetricClouds/T_NoiseErosion.ubulk" 247
"../../../Engine/Content/EngineSky/VolumetricClouds/T_VolumeNoiseErosion32.uasset" 248
"../../../Engine/Content/EngineSky/VolumetricClouds/T_VolumeNoiseErosion32.uexp" 249
"../../../Engine/Content/EngineSky/VolumetricClouds/CloudWeatherTexture.uasset" 250
"../../../Engine/Content/EngineSky/VolumetricClouds/CloudWeatherTexture.uexp" 251
"../../../Engine/Content/EngineSky/VolumetricClouds/CloudGradientTexture.uasset" 252
"../../../Engine/Content/EngineSky/VolumetricClouds/CloudGradientTexture.uexp" 253
"../../../Engine/Content/Functions/Engine_MaterialFunctions02/Utility/MakeFloat2.uasset" 254
"../../../Engine/Content/Functions/Engine_MaterialFunctions02/Utility/MakeFloat2.uexp" 255
"../../../Engine/Content/EngineSky/VolumetricClouds/m_SimpleVolumetricCloud.uasset" 256
"../../../Engine/Content/EngineSky/VolumetricClouds/m_SimpleVolumetricCloud.uexp" 257
"../../../Engine/Content/EngineSky/VolumetricClouds/m_SimpleVolumetricCloud_Inst.uasset" 258
"../../../Engine/Content/EngineSky/VolumetricClouds/m_SimpleVolumetricCloud_Inst.uexp" 259
"../../../Engine/Content/EngineSounds/Master.uasset" 260
"../../../Engine/Content/EngineSounds/Master.uexp" 261
"../../../Engine/Content/Functions/Engine_MaterialFunctions01/Shading/PowerToRoughness.uasset" 262
"../../../Engine/Content/Functions/Engine_MaterialFunctions01/Shading/PowerToRoughness.uexp" 263
"../../../Engine/Content/Maps/Templates/Thumbnails/Default.uasset" 264
"../../../Engine/Content/Maps/Templates/Thumbnails/Default.uexp" 265
"../../../Engine/Content/Maps/Templates/Thumbnails/TimeOfDay.uasset" 266
"../../../Engine/Content/Maps/Templates/Thumbnails/TimeOfDay.uexp" 267
"../../../Engine/Content/Maps/Templates/Thumbnails/VR-Basic.uasset" 268
"../../../Engine/Content/Maps/Templates/Thumbnails/VR-Basic.uexp" 269
"../../../Engine/Content/MobileResources/T_MobileControls_texture.uasset" 270
"../../../Engine/Content/MobileResources/T_MobileControls_texture.uexp" 271
"../../../Engine/Content/MobileResources/T_MobileMenu2.uasset" 272
"../../../Engine/Content/MobileResources/T_MobileMenu2.uexp" 273
"../../../Engine/Content/MobileResources/HUD/AnalogHat.uasset" 274
"../../../Engine/Content/MobileResources/HUD/AnalogHat.uexp" 275
"../../../Engine/Content/MobileResources/HUD/VirtualJoystick_Thumb.uasset" 276
"../../../Engine/Content/MobileResources/HUD/VirtualJoystick_Thumb.uexp" 277
"../../../Engine/Content/MobileResources/HUD/VirtualJoystick_Background.uasset" 278
"../../../Engine/Content/MobileResources/HUD/VirtualJoystick_Background.uexp" 279
"../../../Engine/Content/MobileResources/HUD/DefaultVirtualJoysticks.uasset" 280
"../../../Engine/Content/MobileResources/HUD/DefaultVirtualJoysticks.uexp" 281
"../../../Engine/Content/MobileResources/HUD/LeftVirtualJoystickOnly.uasset" 282
"../../../Engine/Content/MobileResources/HUD/LeftVirtualJoystickOnly.uexp" 283
"../../../Engine/Content/MobileResources/HUD/MobileHUDButton1_off.uasset" 284
"../../../Engine/Content/MobileResources/HUD/MobileHUDButton1_off.uexp" 285
"../../../Engine/Content/MobileResources/HUD/MobileHUDButton1_on.uasset" 286
"../../../Engine/Content/MobileResources/HUD/MobileHUDButton1_on.uexp" 287
"../../../Engine/Content/MobileResources/HUD/MobileHUDButton2_off.uasset" 288
"../../../Engine/Content/MobileResources/HUD/MobileHUDButton2_off.uexp" 289
"../../../Engine/Content/MobileResources/HUD/MobileHUDButton2_on.uasset" 290
"../../../Engine/Content/MobileResources/HUD/MobileHUDButton2_on.uexp" 291
"../../../Engine/Content/MobileResources/HUD/MobileHUDButton3.uasset" 292
"../../../Engine/Content/MobileResources/HUD/MobileHUDButton3.uexp" 293
"../../../Engine/Content/MobileResources/HUD/MobileHUDButtonFire.uasset" 294
"../../../Engine/Content/MobileResources/HUD/MobileHUDButtonFire.uexp" 295
"../../../Engine/Content/MobileResources/HUD/MobileHUDDirectionPad.uasset" 296
"../../../Engine/Content/MobileResources/HUD/MobileHUDDirectionPad.uexp" 297
"../../../Engine/Content/MobileResources/HUD/MobileHUDDirectionPad2.uasset" 298
"../../../Engine/Content/MobileResources/HUD/MobileHUDDirectionPad2.uexp" 299
"../../../Engine/Content/MobileResources/HUD/MobileHUDDirectionPad3.uasset" 300
"../../../Engine/Content/MobileResources/HUD/MobileHUDDirectionPad3.uexp" 301
"../../../Engine/Content/MobileResources/HUD/MobileHUDDirectionStick.uasset" 302
"../../../Engine/Content/MobileResources/HUD/MobileHUDDirectionStick.uexp" 303
"../../../Engine/Content/MobileResources/HUD/T_Castle_ThumbstickInner.uasset" 304
"../../../Engine/Content/MobileResources/HUD/T_Castle_ThumbstickInner.uexp" 305
"../../../Engine/Content/MobileResources/HUD/T_Castle_ThumbstickOutter.uasset" 306
"../../../Engine/Content/MobileResources/HUD/T_Castle_ThumbstickOutter.uexp" 307
"../../../Engine/Content/Tutorial/ContentIntroCurve.uasset" 308
"../../../Engine/Content/Tutorial/ContentIntroCurve.uexp" 309
"../../../Engine/Content/VREditor/TransformGizmo/TranslucentTransformGizmoMaterial.uasset" 310
"../../../Engine/Content/VREditor/TransformGizmo/TranslucentTransformGizmoMaterial.uexp" 311
"../../../Engine/Content/VREditor/LaserPointer/VR_LaserPower_01.uasset" 312
"../../../Engine/Content/VREditor/LaserPointer/VR_LaserPower_01.uexp" 313
"../../../Engine/Content/VREditor/LaserPointer/VR_LaserPower_01.ubulk" 314
"../../../Engine/Content/VREditor/TransformGizmo/TransformGizmoMaterial.uasset" 315
"../../../Engine/Content/VREditor/TransformGizmo/TransformGizmoMaterial.uexp" 316
"../../../Engine/Content/VREditor/TransformGizmo/BoundingBoxCorner.uasset" 317
"../../../Engine/Content/VREditor/TransformGizmo/BoundingBoxCorner.uexp" 318
"../../../Engine/Content/VREditor/TransformGizmo/BoundingBoxEdge.uasset" 319
"../../../Engine/Content/VREditor/TransformGizmo/BoundingBoxEdge.uexp" 320
"../../../Engine/Content/VREditor/TransformGizmo/PlaneTranslationHandle.uasset" 321
"../../../Engine/Content/VREditor/TransformGizmo/PlaneTranslationHandle.uexp" 322
"../../../Engine/Content/VREditor/TransformGizmo/Xray.uasset" 323
"../../../Engine/Content/VREditor/TransformGizmo/Xray.uexp" 324
"../../../Engine/Content/VREditor/TransformGizmo/Main.uasset" 325
"../../../Engine/Content/VREditor/TransformGizmo/Main.uexp" 326
"../../../Engine/Content/VREditor/TransformGizmo/SM_Sequencer_Key.uasset" 327
"../../../Engine/Content/VREditor/TransformGizmo/SM_Sequencer_Key.uexp" 328
"../../../Engine/Content/VREditor/TransformGizmo/SM_Sequencer_Node.uasset" 329
"../../../Engine/Content/VREditor/TransformGizmo/SM_Sequencer_Node.uexp" 330
"../../../Engine/Plugins/2D/Paper2D/Content/PlaceholderTextures/DummySpriteTexture.uasset" 331
"../../../Engine/Plugins/2D/Paper2D/Content/PlaceholderTextures/DummySpriteTexture.uexp" 332
"../../../Engine/Plugins/2D/Paper2D/Content/PlaceholderTextures/DummySpriteTexture.ubulk" 333
"../../../Engine/Plugins/2D/Paper2D/Content/DummySprite.uasset" 334
"../../../Engine/Plugins/2D/Paper2D/Content/DummySprite.uexp" 335
"../../../Engine/Plugins/2D/Paper2D/Content/DefaultPaperTerrainMaterial.uasset" 336
"../../../Engine/Plugins/2D/Paper2D/Content/DefaultPaperTerrainMaterial.uexp" 337
"../../../Engine/Plugins/2D/Paper2D/Content/DefaultSpriteMaterial.uasset" 338
"../../../Engine/Plugins/2D/Paper2D/Content/DefaultSpriteMaterial.uexp" 339
"../../../Engine/Plugins/2D/Paper2D/Content/MaskedUnlitSpriteMaterial.uasset" 340
"../../../Engine/Plugins/2D/Paper2D/Content/MaskedUnlitSpriteMaterial.uexp" 341
"../../../Engine/Plugins/2D/Paper2D/Content/OpaqueUnlitSpriteMaterial.uasset" 342
"../../../Engine/Plugins/2D/Paper2D/Content/OpaqueUnlitSpriteMaterial.uexp" 343
"../../../Engine/Content/Functions/Engine_MaterialFunctions02/Utility/BreakOutFloat3Components.uasset" 344
"../../../Engine/Content/Functions/Engine_MaterialFunctions02/Utility/BreakOutFloat3Components.uexp" 345
"../../../Engine/Plugins/Editor/SpeedTreeImporter/Content/SpeedTree9/UnpackInteger3.uasset" 346
"../../../Engine/Plugins/Editor/SpeedTreeImporter/Content/SpeedTree9/UnpackInteger3.uexp" 347
"../../../Engine/Plugins/Editor/SpeedTreeImporter/Content/SpeedTree9/UnpackDirection.uasset" 348
"../../../Engine/Plugins/Editor/SpeedTreeImporter/Content/SpeedTree9/UnpackDirection.uexp" 349
"../../../Engine/Plugins/Editor/SpeedTreeImporter/Content/SpeedTree9/game_wind_noise.uasset" 350
"../../../Engine/Plugins/Editor/SpeedTreeImporter/Content/SpeedTree9/game_wind_noise.uexp" 351
"../../../Engine/Plugins/Editor/SpeedTreeImporter/Content/SpeedTree9/game_wind_noise.ubulk" 352
"../../../Engine/Content/Functions/Engine_MaterialFunctions02/SafeNormalize.uasset" 353
"../../../Engine/Content/Functions/Engine_MaterialFunctions02/SafeNormalize.uexp" 354
"../../../Engine/Plugins/Editor/SpeedTreeImporter/Content/SpeedTree9/SpeedTreeWindMotion.uasset" 355
"../../../Engine/Plugins/Editor/SpeedTreeImporter/Content/SpeedTree9/SpeedTreeWindMotion.uexp" 356
"../../../Engine/Plugins/Editor/SpeedTreeImporter/Content/SpeedTree9/SpeedTreeBranchMotion.uasset" 357
"../../../Engine/Plugins/Editor/SpeedTreeImporter/Content/SpeedTree9/SpeedTreeBranchMotion.uexp" 358
"../../../Engine/Content/Functions/Engine_MaterialFunctions02/ObjectLocalBounds.uasset" 359
"../../../Engine/Content/Functions/Engine_MaterialFunctions02/ObjectLocalBounds.uexp" 360
"../../../Engine/Content/Functions/Engine_MaterialFunctions02/UVs/BoundingBoxBased_0-1_UVW.uasset" 361
"../../../Engine/Content/Functions/Engine_MaterialFunctions02/UVs/BoundingBoxBased_0-1_UVW.uexp" 362
"../../../Engine/Content/Functions/Engine_MaterialFunctions02/Utility/VectorLength.uasset" 363
"../../../Engine/Content/Functions/Engine_MaterialFunctions02/Utility/VectorLength.uexp" 364
"../../../Engine/Content/Functions/Engine_MaterialFunctions02/WorldPositionOffset/ObjectScale.uasset" 365
"../../../Engine/Content/Functions/Engine_MaterialFunctions02/WorldPositionOffset/ObjectScale.uexp" 366
"../../../Engine/Plugins/Editor/SpeedTreeImporter/Content/SpeedTree9/SpeedTreeWind.uasset" 367
"../../../Engine/Plugins/Editor/SpeedTreeImporter/Content/SpeedTree9/SpeedTreeWind.uexp" 368
"../../../Engine/Plugins/Editor/SpeedTreeImporter/Content/SpeedTree9/SpeedTreeBillboard.uasset" 369
"../../../Engine/Plugins/Editor/SpeedTreeImporter/Content/SpeedTree9/SpeedTreeBillboard.uexp" 370
"../../../Engine/Plugins/Editor/SpeedTreeImporter/Content/SpeedTree9/EmptyNormal.uasset" 371
"../../../Engine/Plugins/Editor/SpeedTreeImporter/Content/SpeedTree9/EmptyNormal.uexp" 372
"../../../Engine/Plugins/Editor/SpeedTreeImporter/Content/SpeedTree9/Empty.uasset" 373
"../../../Engine/Plugins/Editor/SpeedTreeImporter/Content/SpeedTree9/Empty.uexp" 374
"../../../Engine/Plugins/Editor/SpeedTreeImporter/Content/SpeedTree9/SpeedTreeBillboardMaster.uasset" 375
"../../../Engine/Plugins/Editor/SpeedTreeImporter/Content/SpeedTree9/SpeedTreeBillboardMaster.uexp" 376
"../../../Engine/Plugins/Editor/SpeedTreeImporter/Content/SpeedTree9/SpeedTreeCameraFacing.uasset" 377
"../../../Engine/Plugins/Editor/SpeedTreeImporter/Content/SpeedTree9/SpeedTreeCameraFacing.uexp" 378
"../../../Engine/Plugins/Editor/SpeedTreeImporter/Content/SpeedTree9/SpeedTreeMaster.uasset" 379
"../../../Engine/Plugins/Editor/SpeedTreeImporter/Content/SpeedTree9/SpeedTreeMaster.uexp" 380
"../../../Engine/Content/BasicShapes/Cylinder.uasset" 381
"../../../Engine/Content/BasicShapes/Cylinder.uexp" 382
"../../../Engine/Content/ArtTools/RenderToTexture/Materials/Debug/M_Emissive_Color.uasset" 383
"../../../Engine/Content/ArtTools/RenderToTexture/Materials/Debug/M_Emissive_Color.uexp" 384
"../../../Engine/Plugins/Runtime/OpenXR/Content/Devices/GoogleDaydream/MRTexture.uasset" 385
"../../../Engine/Plugins/Runtime/OpenXR/Content/Devices/GoogleDaydream/MRTexture.uexp" 386
"../../../Engine/Plugins/Runtime/OpenXR/Content/Devices/GoogleDaydream/MRTexture.ubulk" 387
"../../../Engine/Plugins/Runtime/OpenXR/Content/Devices/GoogleDaydream/BaseTexture.uasset" 388
"../../../Engine/Plugins/Runtime/OpenXR/Content/Devices/GoogleDaydream/BaseTexture.uexp" 389
"../../../Engine/Plugins/Runtime/OpenXR/Content/Devices/GoogleDaydream/BaseTexture.ubulk" 390
"../../../Engine/Content/EngineResources/Black.uasset" 391
"../../../Engine/Content/EngineResources/Black.uexp" 392
"../../../Engine/Plugins/Runtime/OpenXR/Content/Devices/M_XRController.uasset" 393
"../../../Engine/Plugins/Runtime/OpenXR/Content/Devices/M_XRController.uexp" 394
"../../../Engine/Plugins/Runtime/OpenXR/Content/Devices/GoogleDaydream/MI_GoogleDaydream.uasset" 395
"../../../Engine/Plugins/Runtime/OpenXR/Content/Devices/GoogleDaydream/MI_GoogleDaydream.uexp" 396
"../../../Engine/Plugins/Runtime/OpenXR/Content/Devices/GoogleDaydream/GoogleDaydreamController.uasset" 397
"../../../Engine/Plugins/Runtime/OpenXR/Content/Devices/GoogleDaydream/GoogleDaydreamController.uexp" 398
"../../../Engine/Plugins/Runtime/OpenXR/Content/Devices/HTCVive/BaseTexture.uasset" 399
"../../../Engine/Plugins/Runtime/OpenXR/Content/Devices/HTCVive/BaseTexture.uexp" 400
"../../../Engine/Plugins/Runtime/OpenXR/Content/Devices/HTCVive/BaseTexture.ubulk" 401
"../../../Engine/Plugins/Runtime/OpenXR/Content/Devices/HTCVive/MI_HTCVive.uasset" 402
"../../../Engine/Plugins/Runtime/OpenXR/Content/Devices/HTCVive/MI_HTCVive.uexp" 403
"../../../Engine/Plugins/Runtime/OpenXR/Content/Devices/HTCVive/HTCViveController.uasset" 404
"../../../Engine/Plugins/Runtime/OpenXR/Content/Devices/HTCVive/HTCViveController.uexp" 405
"../../../Engine/Plugins/Runtime/OpenXR/Content/Devices/MicrosoftMixedReality/NormalTexture.uasset" 406
"../../../Engine/Plugins/Runtime/OpenXR/Content/Devices/MicrosoftMixedReality/NormalTexture.uexp" 407
"../../../Engine/Plugins/Runtime/OpenXR/Content/Devices/MicrosoftMixedReality/NormalTexture.ubulk" 408
"../../../Engine/Plugins/Runtime/OpenXR/Content/Devices/MicrosoftMixedReality/MRTexture.uasset" 409
"../../../Engine/Plugins/Runtime/OpenXR/Content/Devices/MicrosoftMixedReality/MRTexture.uexp" 410
"../../../Engine/Plugins/Runtime/OpenXR/Content/Devices/MicrosoftMixedReality/MRTexture.ubulk" 411
"../../../Engine/Plugins/Runtime/OpenXR/Content/Devices/MicrosoftMixedReality/EmissiveTexture.uasset" 412
"../../../Engine/Plugins/Runtime/OpenXR/Content/Devices/MicrosoftMixedReality/EmissiveTexture.uexp" 413
"../../../Engine/Plugins/Runtime/OpenXR/Content/Devices/MicrosoftMixedReality/EmissiveTexture.ubulk" 414
"../../../Engine/Plugins/Runtime/OpenXR/Content/Devices/MicrosoftMixedReality/BaseTexture.uasset" 415
"../../../Engine/Plugins/Runtime/OpenXR/Content/Devices/MicrosoftMixedReality/BaseTexture.uexp" 416
"../../../Engine/Plugins/Runtime/OpenXR/Content/Devices/MicrosoftMixedReality/BaseTexture.ubulk" 417
"../../../Engine/Plugins/Runtime/OpenXR/Content/Devices/MicrosoftMixedReality/MI_MicrosoftMixedReality.uasset" 418
"../../../Engine/Plugins/Runtime/OpenXR/Content/Devices/MicrosoftMixedReality/MI_MicrosoftMixedReality.uexp" 419
"../../../Engine/Plugins/Runtime/OpenXR/Content/Devices/MicrosoftMixedReality/Left/left_MicrosoftMixedRealityController.uasset" 420
"../../../Engine/Plugins/Runtime/OpenXR/Content/Devices/MicrosoftMixedReality/Left/left_MicrosoftMixedRealityController.uexp" 421
"../../../Engine/Plugins/Runtime/OpenXR/Content/Devices/MicrosoftMixedReality/Right/right_MicrosoftMixedRealityController.uasset" 422
"../../../Engine/Plugins/Runtime/OpenXR/Content/Devices/MicrosoftMixedReality/Right/right_MicrosoftMixedRealityController.uexp" 423
"../../../Engine/Plugins/Runtime/OpenXR/Content/Devices/OculusGo/BaseTexture.uasset" 424
"../../../Engine/Plugins/Runtime/OpenXR/Content/Devices/OculusGo/BaseTexture.uexp" 425
"../../../Engine/Plugins/Runtime/OpenXR/Content/Devices/OculusGo/BaseTexture.ubulk" 426
"../../../Engine/Plugins/Runtime/OpenXR/Content/Devices/OculusGo/MI_OculusGo.uasset" 427
"../../../Engine/Plugins/Runtime/OpenXR/Content/Devices/OculusGo/MI_OculusGo.uexp" 428
"../../../Engine/Plugins/Runtime/OpenXR/Content/Devices/OculusGo/OculusGoController.uasset" 429
"../../../Engine/Plugins/Runtime/OpenXR/Content/Devices/OculusGo/OculusGoController.uexp" 430
"../../../Engine/Plugins/Runtime/OpenXR/Content/Devices/OculusTouch/MRTexture.uasset" 431
"../../../Engine/Plugins/Runtime/OpenXR/Content/Devices/OculusTouch/MRTexture.uexp" 432
"../../../Engine/Plugins/Runtime/OpenXR/Content/Devices/OculusTouch/MRTexture.ubulk" 433
"../../../Engine/Plugins/Runtime/OpenXR/Content/Devices/OculusTouch/BaseTexture.uasset" 434
"../../../Engine/Plugins/Runtime/OpenXR/Content/Devices/OculusTouch/BaseTexture.uexp" 435
"../../../Engine/Plugins/Runtime/OpenXR/Content/Devices/OculusTouch/BaseTexture.ubulk" 436
"../../../Engine/Plugins/Runtime/OpenXR/Content/Devices/OculusTouch/MI_OculusTouch.uasset" 437
"../../../Engine/Plugins/Runtime/OpenXR/Content/Devices/OculusTouch/MI_OculusTouch.uexp" 438
"../../../Engine/Plugins/Runtime/OpenXR/Content/Devices/OculusTouch/Left/left_OculusTouchController.uasset" 439
"../../../Engine/Plugins/Runtime/OpenXR/Content/Devices/OculusTouch/Left/left_OculusTouchController.uexp" 440
"../../../Engine/Plugins/Runtime/OpenXR/Content/Devices/OculusTouch/Right/right_OculusTouchController.uasset" 441
"../../../Engine/Plugins/Runtime/OpenXR/Content/Devices/OculusTouch/Right/right_OculusTouchController.uexp" 442
"../../../Engine/Plugins/Runtime/OpenXR/Content/Devices/OculusTouch_v2/MRTexture.uasset" 443
"../../../Engine/Plugins/Runtime/OpenXR/Content/Devices/OculusTouch_v2/MRTexture.uexp" 444
"../../../Engine/Plugins/Runtime/OpenXR/Content/Devices/OculusTouch_v2/MRTexture.ubulk" 445
"../../../Engine/Plugins/Runtime/OpenXR/Content/Devices/OculusTouch_v2/BaseTexture.uasset" 446
"../../../Engine/Plugins/Runtime/OpenXR/Content/Devices/OculusTouch_v2/BaseTexture.uexp" 447
"../../../Engine/Plugins/Runtime/OpenXR/Content/Devices/OculusTouch_v2/BaseTexture.ubulk" 448
"../../../Engine/Plugins/Runtime/OpenXR/Content/Devices/OculusTouch_v2/MI_OculusTouch_v2.uasset" 449
"../../../Engine/Plugins/Runtime/OpenXR/Content/Devices/OculusTouch_v2/MI_OculusTouch_v2.uexp" 450
"../../../Engine/Plugins/Runtime/OpenXR/Content/Devices/OculusTouch_v2/Left/left_OculusTouch_v2Controller.uasset" 451
"../../../Engine/Plugins/Runtime/OpenXR/Content/Devices/OculusTouch_v2/Left/left_OculusTouch_v2Controller.uexp" 452
"../../../Engine/Plugins/Runtime/OpenXR/Content/Devices/OculusTouch_v2/Right/right_OculusTouch_v2Controller.uasset" 453
"../../../Engine/Plugins/Runtime/OpenXR/Content/Devices/OculusTouch_v2/Right/right_OculusTouch_v2Controller.uexp" 454
"../../../Engine/Plugins/Runtime/OpenXR/Content/Devices/OculusTouch_v3/MRTexture.uasset" 455
"../../../Engine/Plugins/Runtime/OpenXR/Content/Devices/OculusTouch_v3/MRTexture.uexp" 456
"../../../Engine/Plugins/Runtime/OpenXR/Content/Devices/OculusTouch_v3/MRTexture.ubulk" 457
"../../../Engine/Plugins/Runtime/OpenXR/Content/Devices/OculusTouch_v3/BaseTexture.uasset" 458
"../../../Engine/Plugins/Runtime/OpenXR/Content/Devices/OculusTouch_v3/BaseTexture.uexp" 459
"../../../Engine/Plugins/Runtime/OpenXR/Content/Devices/OculusTouch_v3/BaseTexture.ubulk" 460
"../../../Engine/Plugins/Runtime/OpenXR/Content/Devices/OculusTouch_v3/MI_OculusTouch_v3.uasset" 461
"../../../Engine/Plugins/Runtime/OpenXR/Content/Devices/OculusTouch_v3/MI_OculusTouch_v3.uexp" 462
"../../../Engine/Plugins/Runtime/OpenXR/Content/Devices/OculusTouch_v3/Left/left_OculusTouch_v3Controller.uasset" 463
"../../../Engine/Plugins/Runtime/OpenXR/Content/Devices/OculusTouch_v3/Left/left_OculusTouch_v3Controller.uexp" 464
"../../../Engine/Plugins/Runtime/OpenXR/Content/Devices/OculusTouch_v3/Right/right_OculusTouch_v3Controller.uasset" 465
"../../../Engine/Plugins/Runtime/OpenXR/Content/Devices/OculusTouch_v3/Right/right_OculusTouch_v3Controller.uexp" 466
"../../../Engine/Plugins/Runtime/OpenXR/Content/Devices/ValveIndex/MRTexture.uasset" 467
"../../../Engine/Plugins/Runtime/OpenXR/Content/Devices/ValveIndex/MRTexture.uexp" 468
"../../../Engine/Plugins/Runtime/OpenXR/Content/Devices/ValveIndex/MRTexture.ubulk" 469
"../../../Engine/Plugins/Runtime/OpenXR/Content/Devices/ValveIndex/BaseTexture.uasset" 470
"../../../Engine/Plugins/Runtime/OpenXR/Content/Devices/ValveIndex/BaseTexture.uexp" 471
"../../../Engine/Plugins/Runtime/OpenXR/Content/Devices/ValveIndex/BaseTexture.ubulk" 472
"../../../Engine/Plugins/Runtime/OpenXR/Content/Devices/ValveIndex/Left/MI_left_ValveIndex.uasset" 473
"../../../Engine/Plugins/Runtime/OpenXR/Content/Devices/ValveIndex/Left/MI_left_ValveIndex.uexp" 474
"../../../Engine/Plugins/Runtime/OpenXR/Content/Devices/ValveIndex/Left/left_ValveIndexController.uasset" 475
"../../../Engine/Plugins/Runtime/OpenXR/Content/Devices/ValveIndex/Left/left_ValveIndexController.uexp" 476
"../../../Engine/Plugins/Runtime/OpenXR/Content/Devices/ValveIndex/Right/MI_right_ValveIndex.uasset" 477
"../../../Engine/Plugins/Runtime/OpenXR/Content/Devices/ValveIndex/Right/MI_right_ValveIndex.uexp" 478
"../../../Engine/Plugins/Runtime/OpenXR/Content/Devices/ValveIndex/Right/right_ValveIndexController.uasset" 479
"../../../Engine/Plugins/Runtime/OpenXR/Content/Devices/ValveIndex/Right/right_ValveIndexController.uexp" 480
"../../../Engine/Content/Functions/Engine_MaterialFunctions02/Utility/BreakOutFloat4Components.uasset" 481
"../../../Engine/Content/Functions/Engine_MaterialFunctions02/Utility/BreakOutFloat4Components.uexp" 482
"../../../Engine/Content/Functions/Engine_MaterialFunctions02/Utility/MakeFloat3.uasset" 483
"../../../Engine/Content/Functions/Engine_MaterialFunctions02/Utility/MakeFloat3.uexp" 484
"../../../Engine/Plugins/Runtime/Oculus/OculusVR/Content/Materials/OculusMR_ChromaKey.uasset" 485
"../../../Engine/Plugins/Runtime/Oculus/OculusVR/Content/Materials/OculusMR_ChromaKey.uexp" 486
"../../../Engine/Plugins/Runtime/Oculus/OculusVR/Content/Materials/OculusMR_OpaqueColoredMaterial.uasset" 487
"../../../Engine/Plugins/Runtime/Oculus/OculusVR/Content/Materials/OculusMR_OpaqueColoredMaterial.uexp" 488
"../../../Engine/Plugins/Runtime/Oculus/OculusVR/Content/Materials/PokeAHoleMaterial.uasset" 489
"../../../Engine/Plugins/Runtime/Oculus/OculusVR/Content/Materials/PokeAHoleMaterial.uexp" 490
"../../../Engine/Plugins/Runtime/Oculus/OculusVR/Content/Textures/touchController_controlmap.uasset" 491
"../../../Engine/Plugins/Runtime/Oculus/OculusVR/Content/Textures/touchController_controlmap.uexp" 492
"../../../Engine/Plugins/Runtime/Oculus/OculusVR/Content/Textures/touchController_controlmap.ubulk" 493
"../../../Engine/Plugins/Runtime/Oculus/OculusVR/Content/Textures/touchController_albedo.uasset" 494
"../../../Engine/Plugins/Runtime/Oculus/OculusVR/Content/Textures/touchController_albedo.uexp" 495
"../../../Engine/Plugins/Runtime/Oculus/OculusVR/Content/Textures/touchController_albedo.ubulk" 496
"../../../Engine/Plugins/Runtime/Oculus/OculusVR/Content/Materials/touchController_mat.uasset" 497
"../../../Engine/Plugins/Runtime/Oculus/OculusVR/Content/Materials/touchController_mat.uexp" 498
"../../../Engine/Plugins/Runtime/Oculus/OculusVR/Content/Meshes/LeftTouchController.uasset" 499
"../../../Engine/Plugins/Runtime/Oculus/OculusVR/Content/Meshes/LeftTouchController.uexp" 500
"../../../Engine/Plugins/Runtime/Oculus/OculusVR/Content/Textures/TouchForQuestRiftSController_albedo.uasset" 501
"../../../Engine/Plugins/Runtime/Oculus/OculusVR/Content/Textures/TouchForQuestRiftSController_albedo.uexp" 502
"../../../Engine/Plugins/Runtime/Oculus/OculusVR/Content/Textures/TouchForQuestRiftSController_albedo.ubulk" 503
"../../../Engine/Plugins/Runtime/Oculus/OculusVR/Content/Materials/TouchForQuestRiftSControllerMaterial.uasset" 504
"../../../Engine/Plugins/Runtime/Oculus/OculusVR/Content/Materials/TouchForQuestRiftSControllerMaterial.uexp" 505
"../../../Engine/Plugins/Runtime/Oculus/OculusVR/Content/Meshes/LeftTouchForQuestRiftSController.uasset" 506
"../../../Engine/Plugins/Runtime/Oculus/OculusVR/Content/Meshes/LeftTouchForQuestRiftSController.uexp" 507
"../../../Engine/Plugins/Runtime/Oculus/OculusVR/Content/Meshes/RiftHMD.uasset" 508
"../../../Engine/Plugins/Runtime/Oculus/OculusVR/Content/Meshes/RiftHMD.uexp" 509
"../../../Engine/Plugins/Runtime/Oculus/OculusVR/Content/Meshes/RightTouchController.uasset" 510
"../../../Engine/Plugins/Runtime/Oculus/OculusVR/Content/Meshes/RightTouchController.uexp" 511
"../../../Engine/Plugins/Runtime/Oculus/OculusVR/Content/Meshes/RightTouchForQuestRiftSController.uasset" 512
"../../../Engine/Plugins/Runtime/Oculus/OculusVR/Content/Meshes/RightTouchForQuestRiftSController.uexp" 513
"E:/Unreal Projects/Survival/Content/InfinityBladeGrassLands/Environments/Plains/Env_Plains_Terrain/Textures/T_Grass02_N.uasset" 514
"E:/Unreal Projects/Survival/Content/InfinityBladeGrassLands/Environments/Plains/Env_Plains_Terrain/Textures/T_Grass02_N.uexp" 515
"E:/Unreal Projects/Survival/Content/InfinityBladeGrassLands/Environments/Plains/Env_Plains_Terrain/Textures/T_Grass02_N.ubulk" 516
"E:/Unreal Projects/Survival/Content/InfinityBladeGrassLands/Environments/Plains/Env_Plains_Terrain/Textures/T_Grass02_D.uasset" 517
"E:/Unreal Projects/Survival/Content/InfinityBladeGrassLands/Environments/Plains/Env_Plains_Terrain/Textures/T_Grass02_D.uexp" 518
"E:/Unreal Projects/Survival/Content/InfinityBladeGrassLands/Environments/Plains/Env_Plains_Terrain/Textures/T_Grass02_D.ubulk" 519
"E:/Unreal Projects/Survival/Content/InfinityBladeGrassLands/Environments/Plains/Env_Plains_Terrain/Textures/T_Dirt_N.uasset" 520
"E:/Unreal Projects/Survival/Content/InfinityBladeGrassLands/Environments/Plains/Env_Plains_Terrain/Textures/T_Dirt_N.uexp" 521
"E:/Unreal Projects/Survival/Content/InfinityBladeGrassLands/Environments/Plains/Env_Plains_Terrain/Textures/T_Dirt_N.ubulk" 522
"E:/Unreal Projects/Survival/Content/InfinityBladeGrassLands/Environments/Plains/Env_Plains_Terrain/Textures/T_Dirt_D.uasset" 523
"E:/Unreal Projects/Survival/Content/InfinityBladeGrassLands/Environments/Plains/Env_Plains_Terrain/Textures/T_Dirt_D.uexp" 524
"E:/Unreal Projects/Survival/Content/InfinityBladeGrassLands/Environments/Plains/Env_Plains_Terrain/Textures/T_Dirt_D.ubulk" 525
"E:/Unreal Projects/Survival/Content/InfinityBladeGrassLands/Environments/Plains/Env_Plains_Statues/Textures/T_Plains_Man_Statue_N.uasset" 526
"E:/Unreal Projects/Survival/Content/InfinityBladeGrassLands/Environments/Plains/Env_Plains_Statues/Textures/T_Plains_Man_Statue_N.uexp" 527
"E:/Unreal Projects/Survival/Content/InfinityBladeGrassLands/Environments/Plains/Env_Plains_Statues/Textures/T_Plains_Man_Statue_N.ubulk" 528
"E:/Unreal Projects/Survival/Content/InfinityBladeGrassLands/Environments/Plains/Env_Plains_Statues/Textures/T_Plains_Man_Statue_D.uasset" 529
"E:/Unreal Projects/Survival/Content/InfinityBladeGrassLands/Environments/Plains/Env_Plains_Statues/Textures/T_Plains_Man_Statue_D.uexp" 530
"E:/Unreal Projects/Survival/Content/InfinityBladeGrassLands/Environments/Plains/Env_Plains_Statues/Textures/T_Plains_Man_Statue_D.ubulk" 531
"E:/Unreal Projects/Survival/Content/InfinityBladeGrassLands/Environments/Plains/Env_Plains_Statues/Materials/M_Plains_Man_Statue.uasset" 532
"E:/Unreal Projects/Survival/Content/InfinityBladeGrassLands/Environments/Plains/Env_Plains_Statues/Materials/M_Plains_Man_Statue.uexp" 533
"E:/Unreal Projects/Survival/Content/InfinityBladeGrassLands/Environments/Plains/Env_Plains_Statues/StaticMesh/SM_Plains_Man_Statue_01_torch.uasset" 534
"E:/Unreal Projects/Survival/Content/InfinityBladeGrassLands/Environments/Plains/Env_Plains_Statues/StaticMesh/SM_Plains_Man_Statue_01_torch.uexp" 535
"E:/Unreal Projects/Survival/Content/InfinityBladeGrassLands/Environments/Plains/Env_Plains_Ruins/Textures/T_Plains_Ruins_Cage_N.uasset" 536
"E:/Unreal Projects/Survival/Content/InfinityBladeGrassLands/Environments/Plains/Env_Plains_Ruins/Textures/T_Plains_Ruins_Cage_N.uexp" 537
"E:/Unreal Projects/Survival/Content/InfinityBladeGrassLands/Environments/Plains/Env_Plains_Ruins/Textures/T_Plains_Ruins_Cage_N.ubulk" 538
"E:/Unreal Projects/Survival/Content/InfinityBladeGrassLands/Environments/Plains/Env_Plains_Ruins/Textures/T_Plains_Ruins_Cage_D.uasset" 539
"E:/Unreal Projects/Survival/Content/InfinityBladeGrassLands/Environments/Plains/Env_Plains_Ruins/Textures/T_Plains_Ruins_Cage_D.uexp" 540
"E:/Unreal Projects/Survival/Content/InfinityBladeGrassLands/Environments/Plains/Env_Plains_Ruins/Textures/T_Plains_Ruins_Cage_D.ubulk" 541
"E:/Unreal Projects/Survival/Content/InfinityBladeGrassLands/Environments/Plains/Env_Plains_Ruins/Materials/M_Plains_Cage.uasset" 542
"E:/Unreal Projects/Survival/Content/InfinityBladeGrassLands/Environments/Plains/Env_Plains_Ruins/Materials/M_Plains_Cage.uexp" 543
"E:/Unreal Projects/Survival/Content/InfinityBladeGrassLands/Environments/Plains/Env_Plains_Ruins/StaticMesh/SM_Plains_Ruins_Cage_Broken_02.uasset" 544
"E:/Unreal Projects/Survival/Content/InfinityBladeGrassLands/Environments/Plains/Env_Plains_Ruins/StaticMesh/SM_Plains_Ruins_Cage_Broken_02.uexp" 545
"E:/Unreal Projects/Survival/Content/InfinityBladeGrassLands/Environments/Plains/Env_Plains_Ruins/StaticMesh/SM_Plains_Ruins_Cage_Broken_01.uasset" 546
"E:/Unreal Projects/Survival/Content/InfinityBladeGrassLands/Environments/Plains/Env_Plains_Ruins/StaticMesh/SM_Plains_Ruins_Cage_Broken_01.uexp" 547
"E:/Unreal Projects/Survival/Content/InfinityBladeGrassLands/Environments/Plains/Env_Plains_Ruins/StaticMesh/SM_Plains_Ruins_Brazier_01.uasset" 548
"E:/Unreal Projects/Survival/Content/InfinityBladeGrassLands/Environments/Plains/Env_Plains_Ruins/StaticMesh/SM_Plains_Ruins_Brazier_01.uexp" 549
"E:/Unreal Projects/Survival/Content/InfinityBladeGrassLands/Environments/Plains/Env_Plains_Ruins/Textures/T_Plains_Ruins_Pillars_02_N.uasset" 550
"E:/Unreal Projects/Survival/Content/InfinityBladeGrassLands/Environments/Plains/Env_Plains_Ruins/Textures/T_Plains_Ruins_Pillars_02_N.uexp" 551
"E:/Unreal Projects/Survival/Content/InfinityBladeGrassLands/Environments/Plains/Env_Plains_Ruins/Textures/T_Plains_Ruins_Pillars_02_N.ubulk" 552
"E:/Unreal Projects/Survival/Content/InfinityBladeGrassLands/Environments/Plains/Env_Plains_Ruins/Textures/T_Plains_Ruins_Pillars_02_D.uasset" 553
"E:/Unreal Projects/Survival/Content/InfinityBladeGrassLands/Environments/Plains/Env_Plains_Ruins/Textures/T_Plains_Ruins_Pillars_02_D.uexp" 554
"E:/Unreal Projects/Survival/Content/InfinityBladeGrassLands/Environments/Plains/Env_Plains_Ruins/Textures/T_Plains_Ruins_Pillars_02_D.ubulk" 555
"E:/Unreal Projects/Survival/Content/InfinityBladeGrassLands/Environments/Plains/Env_Plains_Ruins/Materials/M_Plains_Pillars02.uasset" 556
"E:/Unreal Projects/Survival/Content/InfinityBladeGrassLands/Environments/Plains/Env_Plains_Ruins/Materials/M_Plains_Pillars02.uexp" 557
"E:/Unreal Projects/Survival/Content/InfinityBladeGrassLands/Environments/Plains/Env_Plains_Ruins/StaticMesh/SM_Plains_Column_Small_01.uasset" 558
"E:/Unreal Projects/Survival/Content/InfinityBladeGrassLands/Environments/Plains/Env_Plains_Ruins/StaticMesh/SM_Plains_Column_Small_01.uexp" 559
"E:/Unreal Projects/Survival/Content/InfinityBladeGrassLands/Environments/Plains/Env_Plains_Ruins/Textures/T_Plains_Ruins_Pillars_N.uasset" 560
"E:/Unreal Projects/Survival/Content/InfinityBladeGrassLands/Environments/Plains/Env_Plains_Ruins/Textures/T_Plains_Ruins_Pillars_N.uexp" 561
"E:/Unreal Projects/Survival/Content/InfinityBladeGrassLands/Environments/Plains/Env_Plains_Ruins/Textures/T_Plains_Ruins_Pillars_N.ubulk" 562
"E:/Unreal Projects/Survival/Content/InfinityBladeGrassLands/Environments/Plains/Env_Plains_Ruins/Textures/T_Plains_Ruins_Pillars_M.uasset" 563
"E:/Unreal Projects/Survival/Content/InfinityBladeGrassLands/Environments/Plains/Env_Plains_Ruins/Textures/T_Plains_Ruins_Pillars_M.uexp" 564
"E:/Unreal Projects/Survival/Content/InfinityBladeGrassLands/Environments/Plains/Env_Plains_Ruins/Textures/T_Plains_Ruins_Pillars_M.ubulk" 565
"E:/Unreal Projects/Survival/Content/InfinityBladeGrassLands/Environments/Plains/Env_Plains_Ruins/Textures/T_Plains_Ruins_Pillars_D.uasset" 566
"E:/Unreal Projects/Survival/Content/InfinityBladeGrassLands/Environments/Plains/Env_Plains_Ruins/Textures/T_Plains_Ruins_Pillars_D.uexp" 567
"E:/Unreal Projects/Survival/Content/InfinityBladeGrassLands/Environments/Plains/Env_Plains_Ruins/Textures/T_Plains_Ruins_Pillars_D.ubulk" 568
"E:/Unreal Projects/Survival/Content/InfinityBladeGrassLands/Environments/Plains/Env_Plains_Ruins/Materials/M_Plains_Pillars.uasset" 569
"E:/Unreal Projects/Survival/Content/InfinityBladeGrassLands/Environments/Plains/Env_Plains_Ruins/Materials/M_Plains_Pillars.uexp" 570
"E:/Unreal Projects/Survival/Content/InfinityBladeGrassLands/Environments/Plains/Env_Plains_Ruins/StaticMesh/SM_Plains_Column_Large_Broken_02.uasset" 571
"E:/Unreal Projects/Survival/Content/InfinityBladeGrassLands/Environments/Plains/Env_Plains_Ruins/StaticMesh/SM_Plains_Column_Large_Broken_02.uexp" 572
"E:/Unreal Projects/Survival/Content/InfinityBladeGrassLands/Environments/Plains/Env_Plains_Ruins/StaticMesh/SM_Plains_Column_Large_01.uasset" 573
"E:/Unreal Projects/Survival/Content/InfinityBladeGrassLands/Environments/Plains/Env_Plains_Ruins/StaticMesh/SM_Plains_Column_Large_01.uexp" 574
"E:/Unreal Projects/Survival/Content/InfinityBladeGrassLands/Environments/Plains/Env_Plains_Ruins/StaticMesh/SM_Plains_CastleWall_Support_01.uasset" 575
"E:/Unreal Projects/Survival/Content/InfinityBladeGrassLands/Environments/Plains/Env_Plains_Ruins/StaticMesh/SM_Plains_CastleWall_Support_01.uexp" 576
"E:/Unreal Projects/Survival/Content/InfinityBladeGrassLands/Environments/Plains/Env_Plains_Ruins/Textures/T_Plains_ExtCastle_StoneWall_01_N.uasset" 577
"E:/Unreal Projects/Survival/Content/InfinityBladeGrassLands/Environments/Plains/Env_Plains_Ruins/Textures/T_Plains_ExtCastle_StoneWall_01_N.uexp" 578
"E:/Unreal Projects/Survival/Content/InfinityBladeGrassLands/Environments/Plains/Env_Plains_Ruins/Textures/T_Plains_ExtCastle_StoneWall_01_N.ubulk" 579
"E:/Unreal Projects/Survival/Content/InfinityBladeGrassLands/Environments/Plains/Env_Plains_Ruins/Textures/T_Plains_ExtCastle_StoneWall_01_D.uasset" 580
"E:/Unreal Projects/Survival/Content/InfinityBladeGrassLands/Environments/Plains/Env_Plains_Ruins/Textures/T_Plains_ExtCastle_StoneWall_01_D.uexp" 581
"E:/Unreal Projects/Survival/Content/InfinityBladeGrassLands/Environments/Plains/Env_Plains_Ruins/Textures/T_Plains_ExtCastle_StoneWall_01_D.ubulk" 582
"E:/Unreal Projects/Survival/Content/InfinityBladeGrassLands/Environments/Plains/Env_Plains_Ruins/Materials/M_Plains_StoneWall.uasset" 583
"E:/Unreal Projects/Survival/Content/InfinityBladeGrassLands/Environments/Plains/Env_Plains_Ruins/Materials/M_Plains_StoneWall.uexp" 584
"E:/Unreal Projects/Survival/Content/InfinityBladeGrassLands/Environments/Plains/Env_Plains_Ruins/StaticMesh/SM_Plains_CastleWall_Ruin_04.uasset" 585
"E:/Unreal Projects/Survival/Content/InfinityBladeGrassLands/Environments/Plains/Env_Plains_Ruins/StaticMesh/SM_Plains_CastleWall_Ruin_04.uexp" 586
"E:/Unreal Projects/Survival/Content/InfinityBladeGrassLands/Environments/Plains/Env_Plains_Ruins/StaticMesh/SM_Plains_CastleWall_Ruin_03.uasset" 587
"E:/Unreal Projects/Survival/Content/InfinityBladeGrassLands/Environments/Plains/Env_Plains_Ruins/StaticMesh/SM_Plains_CastleWall_Ruin_03.uexp" 588
"E:/Unreal Projects/Survival/Content/InfinityBladeGrassLands/Environments/Plains/Env_Plains_Ruins/StaticMesh/SM_Plains_CastleWall_Ruin_01.uasset" 589
"E:/Unreal Projects/Survival/Content/InfinityBladeGrassLands/Environments/Plains/Env_Plains_Ruins/StaticMesh/SM_Plains_CastleWall_Ruin_01.uexp" 590
"E:/Unreal Projects/Survival/Content/InfinityBladeGrassLands/Environments/Plains/Env_Plains_Ruins/StaticMesh/SM_Plains_CastleTower_Ruin_01.uasset" 591
"E:/Unreal Projects/Survival/Content/InfinityBladeGrassLands/Environments/Plains/Env_Plains_Ruins/StaticMesh/SM_Plains_CastleTower_Ruin_01.uexp" 592
"E:/Unreal Projects/Survival/Content/InfinityBladeGrassLands/Environments/Plains/Env_Plains_Ruins/Textures/T_Plains_Ruins_Pillars_03_N.uasset" 593
"E:/Unreal Projects/Survival/Content/InfinityBladeGrassLands/Environments/Plains/Env_Plains_Ruins/Textures/T_Plains_Ruins_Pillars_03_N.uexp" 594
"E:/Unreal Projects/Survival/Content/InfinityBladeGrassLands/Environments/Plains/Env_Plains_Ruins/Textures/T_Plains_Ruins_Pillars_03_N.ubulk" 595
"E:/Unreal Projects/Survival/Content/InfinityBladeGrassLands/Environments/Plains/Env_Plains_Ruins/Textures/T_Plains_Ruins_Pillars_03_D.uasset" 596
"E:/Unreal Projects/Survival/Content/InfinityBladeGrassLands/Environments/Plains/Env_Plains_Ruins/Textures/T_Plains_Ruins_Pillars_03_D.uexp" 597
"E:/Unreal Projects/Survival/Content/InfinityBladeGrassLands/Environments/Plains/Env_Plains_Ruins/Textures/T_Plains_Ruins_Pillars_03_D.ubulk" 598
"E:/Unreal Projects/Survival/Content/InfinityBladeGrassLands/Environments/Plains/Env_Plains_Ruins/Materials/M_Plains_Pillars03.uasset" 599
"E:/Unreal Projects/Survival/Content/InfinityBladeGrassLands/Environments/Plains/Env_Plains_Ruins/Materials/M_Plains_Pillars03.uexp" 600
"E:/Unreal Projects/Survival/Content/InfinityBladeGrassLands/Environments/Plains/Env_Plains_Ruins/StaticMesh/SM_Plains_CastleArch_Ruin_01.uasset" 601
"E:/Unreal Projects/Survival/Content/InfinityBladeGrassLands/Environments/Plains/Env_Plains_Ruins/StaticMesh/SM_Plains_CastleArch_Ruin_01.uexp" 602
"E:/Unreal Projects/Survival/Content/InfinityBladeGrassLands/Environments/Plains/Env_Plains_Ruins/StaticMesh/SM_Plains_CastleArch_03.uasset" 603
"E:/Unreal Projects/Survival/Content/InfinityBladeGrassLands/Environments/Plains/Env_Plains_Ruins/StaticMesh/SM_Plains_CastleArch_03.uexp" 604
"E:/Unreal Projects/Survival/Content/InfinityBladeGrassLands/Environments/Plains/Env_Plains_Ruins/StaticMesh/SM_Plains_CastleArch_02.uasset" 605
"E:/Unreal Projects/Survival/Content/InfinityBladeGrassLands/Environments/Plains/Env_Plains_Ruins/StaticMesh/SM_Plains_CastleArch_02.uexp" 606
"E:/Unreal Projects/Survival/Content/InfinityBladeGrassLands/Environments/Plains/Env_Plains_Ruins/StaticMesh/SM_Plains_Castle_Railing_Curved_45.uasset" 607
"E:/Unreal Projects/Survival/Content/InfinityBladeGrassLands/Environments/Plains/Env_Plains_Ruins/StaticMesh/SM_Plains_Castle_Railing_Curved_45.uexp" 608
"E:/Unreal Projects/Survival/Content/InfinityBladeGrassLands/Environments/Plains/Env_Plains_Ruins/StaticMesh/SM_Plains_Castle_Fountain_01.uasset" 609
"E:/Unreal Projects/Survival/Content/InfinityBladeGrassLands/Environments/Plains/Env_Plains_Ruins/StaticMesh/SM_Plains_Castle_Fountain_01.uexp" 610
"E:/Unreal Projects/Survival/Content/InfinityBladeGrassLands/Environments/Plains/Env_Plains_Ruins/StaticMesh/SM_Plains_Buttress_02.uasset" 611
"E:/Unreal Projects/Survival/Content/InfinityBladeGrassLands/Environments/Plains/Env_Plains_Ruins/StaticMesh/SM_Plains_Buttress_02.uexp" 612
"E:/Unreal Projects/Survival/Content/InfinityBladeGrassLands/Environments/Plains/Env_Plains_Ruins/StaticMesh/SM_Plains_Buttress_01.uasset" 613
"E:/Unreal Projects/Survival/Content/InfinityBladeGrassLands/Environments/Plains/Env_Plains_Ruins/StaticMesh/SM_Plains_Buttress_01.uexp" 614
"E:/Unreal Projects/Survival/Content/InfinityBladeGrassLands/Environments/Plains/Env_Plains_Organic/Textures/T_Plains_Rock01_N.uasset" 615
"E:/Unreal Projects/Survival/Content/InfinityBladeGrassLands/Environments/Plains/Env_Plains_Organic/Textures/T_Plains_Rock01_N.uexp" 616
"E:/Unreal Projects/Survival/Content/InfinityBladeGrassLands/Environments/Plains/Env_Plains_Organic/Textures/T_Plains_Rock01_N.ubulk" 617
"E:/Unreal Projects/Survival/Content/InfinityBladeGrassLands/Environments/Plains/Env_Plains_Organic/Textures/T_Plains_Rock01_D.uasset" 618
"E:/Unreal Projects/Survival/Content/InfinityBladeGrassLands/Environments/Plains/Env_Plains_Organic/Textures/T_Plains_Rock01_D.uexp" 619
"E:/Unreal Projects/Survival/Content/InfinityBladeGrassLands/Environments/Plains/Env_Plains_Organic/Textures/T_Plains_Rock01_D.ubulk" 620
"E:/Unreal Projects/Survival/Content/InfinityBladeGrassLands/Environments/Plains/Env_Plains_Organic/Materials/M_Plains_LargeRock.uasset" 621
"E:/Unreal Projects/Survival/Content/InfinityBladeGrassLands/Environments/Plains/Env_Plains_Organic/Materials/M_Plains_LargeRock.uexp" 622
"E:/Unreal Projects/Survival/Content/InfinityBladeGrassLands/Environments/Plains/Env_Plains_Organic/StaticMesh/SM_Plains_LargeRock02.uasset" 623
"E:/Unreal Projects/Survival/Content/InfinityBladeGrassLands/Environments/Plains/Env_Plains_Organic/StaticMesh/SM_Plains_LargeRock02.uexp" 624
"E:/Unreal Projects/Survival/Content/InfinityBladeGrassLands/Environments/Plains/Env_Plains_Floors/Textures/T_Plains_FloorsBeams_N.uasset" 625
"E:/Unreal Projects/Survival/Content/InfinityBladeGrassLands/Environments/Plains/Env_Plains_Floors/Textures/T_Plains_FloorsBeams_N.uexp" 626
"E:/Unreal Projects/Survival/Content/InfinityBladeGrassLands/Environments/Plains/Env_Plains_Floors/Textures/T_Plains_FloorsBeams_N.ubulk" 627
"E:/Unreal Projects/Survival/Content/InfinityBladeGrassLands/Environments/Plains/Env_Plains_Floors/Textures/T_Plains_FloorsBeams_D.uasset" 628
"E:/Unreal Projects/Survival/Content/InfinityBladeGrassLands/Environments/Plains/Env_Plains_Floors/Textures/T_Plains_FloorsBeams_D.uexp" 629
"E:/Unreal Projects/Survival/Content/InfinityBladeGrassLands/Environments/Plains/Env_Plains_Floors/Textures/T_Plains_FloorsBeams_D.ubulk" 630
"E:/Unreal Projects/Survival/Content/InfinityBladeGrassLands/Environments/Plains/Env_Plains_Floors/Materials/M_PLains_Scrap_Bridge.uasset" 631
"E:/Unreal Projects/Survival/Content/InfinityBladeGrassLands/Environments/Plains/Env_Plains_Floors/Materials/M_PLains_Scrap_Bridge.uexp" 632
"E:/Unreal Projects/Survival/Content/InfinityBladeGrassLands/Environments/Plains/Env_Plains_Floors/StaticMesh/SM_Plains_Scrap_Bridge01.uasset" 633
"E:/Unreal Projects/Survival/Content/InfinityBladeGrassLands/Environments/Plains/Env_Plains_Floors/StaticMesh/SM_Plains_Scrap_Bridge01.uexp" 634
"E:/Unreal Projects/Survival/Content/InfinityBladeGrassLands/Environments/SurfaceTypes/PhysicalMaterial_Stone.uasset" 635
"E:/Unreal Projects/Survival/Content/InfinityBladeGrassLands/Environments/SurfaceTypes/PhysicalMaterial_Stone.uexp" 636
"E:/Unreal Projects/Survival/Content/InfinityBladeGrassLands/Environments/Plains/Env_Plains_Floors/Textures/T_Plains_Terrain_Floors01_N.uasset" 637
"E:/Unreal Projects/Survival/Content/InfinityBladeGrassLands/Environments/Plains/Env_Plains_Floors/Textures/T_Plains_Terrain_Floors01_N.uexp" 638
"E:/Unreal Projects/Survival/Content/InfinityBladeGrassLands/Environments/Plains/Env_Plains_Floors/Textures/T_Plains_Terrain_Floors01_N.ubulk" 639
"E:/Unreal Projects/Survival/Content/InfinityBladeGrassLands/Environments/Plains/Env_Plains_Floors/Textures/T_Plains_Terrain_Floors01_D.uasset" 640
"E:/Unreal Projects/Survival/Content/InfinityBladeGrassLands/Environments/Plains/Env_Plains_Floors/Textures/T_Plains_Terrain_Floors01_D.uexp" 641
"E:/Unreal Projects/Survival/Content/InfinityBladeGrassLands/Environments/Plains/Env_Plains_Floors/Textures/T_Plains_Terrain_Floors01_D.ubulk" 642
"E:/Unreal Projects/Survival/Content/InfinityBladeGrassLands/Environments/Plains/Env_Plains_Floors/Materials/M_Plains_Floors_Block.uasset" 643
"E:/Unreal Projects/Survival/Content/InfinityBladeGrassLands/Environments/Plains/Env_Plains_Floors/Materials/M_Plains_Floors_Block.uexp" 644
"E:/Unreal Projects/Survival/Content/InfinityBladeGrassLands/Environments/Plains/Env_Plains_Floors/StaticMesh/SM_Plains_Floors_Block03.uasset" 645
"E:/Unreal Projects/Survival/Content/InfinityBladeGrassLands/Environments/Plains/Env_Plains_Floors/StaticMesh/SM_Plains_Floors_Block03.uexp" 646
"E:/Unreal Projects/Survival/Content/InfinityBladeGrassLands/Environments/Plains/Env_Plains_Floors/Textures/T_Plains_FloorsTrim_N.uasset" 647
"E:/Unreal Projects/Survival/Content/InfinityBladeGrassLands/Environments/Plains/Env_Plains_Floors/Textures/T_Plains_FloorsTrim_N.uexp" 648
"E:/Unreal Projects/Survival/Content/InfinityBladeGrassLands/Environments/Plains/Env_Plains_Floors/Textures/T_Plains_FloorsTrim_N.ubulk" 649
"E:/Unreal Projects/Survival/Content/InfinityBladeGrassLands/Environments/Plains/Env_Plains_Floors/Textures/T_Plains_FloorsTrim_D.uasset" 650
"E:/Unreal Projects/Survival/Content/InfinityBladeGrassLands/Environments/Plains/Env_Plains_Floors/Textures/T_Plains_FloorsTrim_D.uexp" 651
"E:/Unreal Projects/Survival/Content/InfinityBladeGrassLands/Environments/Plains/Env_Plains_Floors/Textures/T_Plains_FloorsTrim_D.ubulk" 652
"E:/Unreal Projects/Survival/Content/InfinityBladeGrassLands/Environments/Plains/Env_Plains_Floors/Materials/M_Plains_FloorTrims.uasset" 653
"E:/Unreal Projects/Survival/Content/InfinityBladeGrassLands/Environments/Plains/Env_Plains_Floors/Materials/M_Plains_FloorTrims.uexp" 654
"E:/Unreal Projects/Survival/Content/InfinityBladeGrassLands/Environments/Plains/Env_Plains_Floors/StaticMesh/SM_Plains_Floors_Block02.uasset" 655
"E:/Unreal Projects/Survival/Content/InfinityBladeGrassLands/Environments/Plains/Env_Plains_Floors/StaticMesh/SM_Plains_Floors_Block02.uexp" 656
"E:/Unreal Projects/Survival/Content/InfinityBladeGrassLands/Environments/Plains/Env_Plains_Floors/StaticMesh/SM_Plains_Floors_Block01.uasset" 657
"E:/Unreal Projects/Survival/Content/InfinityBladeGrassLands/Environments/Plains/Env_Plains_Floors/StaticMesh/SM_Plains_Floors_Block01.uexp" 658
"E:/Unreal Projects/Survival/Content/InfinityBladeGrassLands/Environments/Misc/Exo_Deco02/Textures/T_Decos_Door_N.uasset" 659
"E:/Unreal Projects/Survival/Content/InfinityBladeGrassLands/Environments/Misc/Exo_Deco02/Textures/T_Decos_Door_N.uexp" 660
"E:/Unreal Projects/Survival/Content/InfinityBladeGrassLands/Environments/Misc/Exo_Deco02/Textures/T_Decos_Door_N.ubulk" 661
"E:/Unreal Projects/Survival/Content/InfinityBladeGrassLands/Environments/Misc/Exo_Deco02/Textures/T_Decos_Door_M.uasset" 662
"E:/Unreal Projects/Survival/Content/InfinityBladeGrassLands/Environments/Misc/Exo_Deco02/Textures/T_Decos_Door_M.uexp" 663
"E:/Unreal Projects/Survival/Content/InfinityBladeGrassLands/Environments/Misc/Exo_Deco02/Textures/T_Decos_Door_M.ubulk" 664
"E:/Unreal Projects/Survival/Content/InfinityBladeGrassLands/Environments/Misc/Exo_Deco02/Textures/T_Decos_Door_D.uasset" 665
"E:/Unreal Projects/Survival/Content/InfinityBladeGrassLands/Environments/Misc/Exo_Deco02/Textures/T_Decos_Door_D.uexp" 666
"E:/Unreal Projects/Survival/Content/InfinityBladeGrassLands/Environments/Misc/Exo_Deco02/Textures/T_Decos_Door_D.ubulk" 667
"E:/Unreal Projects/Survival/Content/InfinityBladeGrassLands/Environments/Misc/Exo_Deco02/Materials/M_Decos_Door.uasset" 668
"E:/Unreal Projects/Survival/Content/InfinityBladeGrassLands/Environments/Misc/Exo_Deco02/Materials/M_Decos_Door.uexp" 669
"E:/Unreal Projects/Survival/Content/InfinityBladeGrassLands/Environments/Misc/Exo_Deco02/StaticMesh/SM_Exo_Decos_Door02.uasset" 670
"E:/Unreal Projects/Survival/Content/InfinityBladeGrassLands/Environments/Misc/Exo_Deco02/StaticMesh/SM_Exo_Decos_Door02.uexp" 671
"E:/Unreal Projects/Survival/Content/InfinityBladeGrassLands/Environments/Earth/EX_EnvAssets/Meshes/SK_Env_Ice_Deco2_BlowingFlag_Skeleton.uasset" 672
"E:/Unreal Projects/Survival/Content/InfinityBladeGrassLands/Environments/Earth/EX_EnvAssets/Meshes/SK_Env_Ice_Deco2_BlowingFlag_Skeleton.uexp" 673
"E:/Unreal Projects/Survival/Content/InfinityBladeGrassLands/Environments/Earth/EX_EnvAssets/Textures/T_Env_Ice_Deco2_Flag_D.uasset" 674
"E:/Unreal Projects/Survival/Content/InfinityBladeGrassLands/Environments/Earth/EX_EnvAssets/Textures/T_Env_Ice_Deco2_Flag_D.uexp" 675
"E:/Unreal Projects/Survival/Content/InfinityBladeGrassLands/Environments/Earth/EX_EnvAssets/Textures/T_Env_Ice_Deco2_Flag_D.ubulk" 676
"../../../Engine/Content/Functions/Engine_MaterialFunctions01/WorldPositionOffset/SimpleGrassWind.uasset" 677
"../../../Engine/Content/Functions/Engine_MaterialFunctions01/WorldPositionOffset/SimpleGrassWind.uexp" 678
"E:/Unreal Projects/Survival/Content/InfinityBladeGrassLands/Environments/Earth/EX_EnvAssets/Materials/M_Env_Ice_Deco2_Flags.uasset" 679
"E:/Unreal Projects/Survival/Content/InfinityBladeGrassLands/Environments/Earth/EX_EnvAssets/Materials/M_Env_Ice_Deco2_Flags.uexp" 680
"E:/Unreal Projects/Survival/Content/InfinityBladeGrassLands/Environments/Earth/EX_EnvAssets/Meshes/SK_Env_Ice_Deco2_BlowingFlag.uasset" 681
"E:/Unreal Projects/Survival/Content/InfinityBladeGrassLands/Environments/Earth/EX_EnvAssets/Meshes/SK_Env_Ice_Deco2_BlowingFlag.uexp" 682
"../../../Engine/Content/EngineMaterials/WeightMapPlaceholderTexture.uasset" 683
"../../../Engine/Content/EngineMaterials/WeightMapPlaceholderTexture.uexp" 684
"../../../Engine/Content/EngineMaterials/DefaultPhysicalMaterial.uasset" 685
"../../../Engine/Content/EngineMaterials/DefaultPhysicalMaterial.uexp" 686
"../../../Engine/Content/Functions/Engine_MaterialFunctions01/Shading/FuzzyShadingGrass.uasset" 687
"../../../Engine/Content/Functions/Engine_MaterialFunctions01/Shading/FuzzyShadingGrass.uexp" 688
"E:/Unreal Projects/Survival/Content/LandScapeAssets/ML_Grass.uasset" 689
"E:/Unreal Projects/Survival/Content/LandScapeAssets/ML_Grass.uexp" 690
"E:/Unreal Projects/Survival/Content/LandScapeAssets/ML_Dirt.uasset" 691
"E:/Unreal Projects/Survival/Content/LandScapeAssets/ML_Dirt.uexp" 692
"E:/Unreal Projects/Survival/Content/InfinityBladeGrassLands/Environments/Plains/Env_Plains_Flora/Textures/T_Plains_Fern01_N.uasset" 693
"E:/Unreal Projects/Survival/Content/InfinityBladeGrassLands/Environments/Plains/Env_Plains_Flora/Textures/T_Plains_Fern01_N.uexp" 694
"E:/Unreal Projects/Survival/Content/InfinityBladeGrassLands/Environments/Plains/Env_Plains_Flora/Textures/T_Plains_Fern01_N.ubulk" 695
"E:/Unreal Projects/Survival/Content/InfinityBladeGrassLands/Environments/Plains/Env_Plains_Flora/Textures/T_Plains_Fern01_D.uasset" 696
"E:/Unreal Projects/Survival/Content/InfinityBladeGrassLands/Environments/Plains/Env_Plains_Flora/Textures/T_Plains_Fern01_D.uexp" 697
"E:/Unreal Projects/Survival/Content/InfinityBladeGrassLands/Environments/Plains/Env_Plains_Flora/Textures/T_Plains_Fern01_D.ubulk" 698
"E:/Unreal Projects/Survival/Content/InfinityBladeGrassLands/Environments/Plains/Env_Plains_Flora/Materials/M_PLains_Fern01.uasset" 699
"E:/Unreal Projects/Survival/Content/InfinityBladeGrassLands/Environments/Plains/Env_Plains_Flora/Materials/M_PLains_Fern01.uexp" 700
"E:/Unreal Projects/Survival/Content/InfinityBladeGrassLands/Environments/Plains/Env_Plains_Flora/StaticMesh/SM_Plains_Grass01.uasset" 701
"E:/Unreal Projects/Survival/Content/InfinityBladeGrassLands/Environments/Plains/Env_Plains_Flora/StaticMesh/SM_Plains_Grass01.uexp" 702
"E:/Unreal Projects/Survival/Content/InfinityBladeGrassLands/Environments/Plains/Env_Plains_Flora/StaticMesh/SM_Plains_Fern04.uasset" 703
"E:/Unreal Projects/Survival/Content/InfinityBladeGrassLands/Environments/Plains/Env_Plains_Flora/StaticMesh/SM_Plains_Fern04.uexp" 704
"E:/Unreal Projects/Survival/Content/InfinityBladeGrassLands/Environments/Plains/Env_Plains_Flora/StaticMesh/SM_Plains_Fern03.uasset" 705
"E:/Unreal Projects/Survival/Content/InfinityBladeGrassLands/Environments/Plains/Env_Plains_Flora/StaticMesh/SM_Plains_Fern03.uexp" 706
"E:/Unreal Projects/Survival/Content/InfinityBladeGrassLands/Environments/Plains/Env_Plains_Flora/StaticMesh/SM_Plains_Fern02.uasset" 707
"E:/Unreal Projects/Survival/Content/InfinityBladeGrassLands/Environments/Plains/Env_Plains_Flora/StaticMesh/SM_Plains_Fern02.uexp" 708
"E:/Unreal Projects/Survival/Content/InfinityBladeGrassLands/Environments/Plains/Env_Plains_Flora/StaticMesh/SM_Plains_Fern01.uasset" 709
"E:/Unreal Projects/Survival/Content/InfinityBladeGrassLands/Environments/Plains/Env_Plains_Flora/StaticMesh/SM_Plains_Fern01.uexp" 710
"E:/Unreal Projects/Survival/Content/LandScapeAssets/LandscapePlainsGrass.uasset" 711
"E:/Unreal Projects/Survival/Content/LandScapeAssets/LandscapePlainsGrass.uexp" 712
"E:/Unreal Projects/Survival/Content/LandScapeAssets/M_LandScape_01.uasset" 713
"E:/Unreal Projects/Survival/Content/LandScapeAssets/M_LandScape_01.uexp" 714
"E:/Unreal Projects/Survival/Content/Maps/SihoonCastleLevel_BuiltData.uasset" 715
"E:/Unreal Projects/Survival/Content/Maps/SihoonCastleLevel_BuiltData.uexp" 716
"E:/Unreal Projects/Survival/Content/Maps/SihoonCastleLevel_BuiltData.ubulk" 717
"E:/Unreal Projects/Survival/Content/LandScapeAssets/Grass_LayerInfo.uasset" 718
"E:/Unreal Projects/Survival/Content/LandScapeAssets/Grass_LayerInfo.uexp" 719
"E:/Unreal Projects/Survival/Content/LandScapeAssets/Dirt_LayerInfo.uasset" 720
"E:/Unreal Projects/Survival/Content/LandScapeAssets/Dirt_LayerInfo.uexp" 721
"E:/Unreal Projects/Survival/Content/InfinityBladeGrassLands/Environments/Plains/Env_Plains_Ruins/StaticMesh/SM_Plains_Castle_Bridge_Wall_01.uasset" 722
"E:/Unreal Projects/Survival/Content/InfinityBladeGrassLands/Environments/Plains/Env_Plains_Ruins/StaticMesh/SM_Plains_Castle_Bridge_Wall_01.uexp" 723
"../../../Engine/Content/EditorBlueprintResources/StandardMacros.uasset" 724
"../../../Engine/Content/EditorBlueprintResources/StandardMacros.uexp" 725
"E:/Unreal Projects/Survival/Content/Assets/Weapons/M_Weapons_Metal.uasset" 726
"E:/Unreal Projects/Survival/Content/Assets/Weapons/M_Weapons_Metal.uexp" 727
"E:/Unreal Projects/Survival/Content/Assets/Weapons/S_Sword_Basic.uasset" 728
"E:/Unreal Projects/Survival/Content/Assets/Weapons/S_Sword_Basic.uexp" 729
"E:/Unreal Projects/Survival/Content/Assets/Knight/Skeleton_KnightGirl.uasset" 730
"E:/Unreal Projects/Survival/Content/Assets/Knight/Skeleton_KnightGirl.uexp" 731
"../../../Engine/Content/Animation/DefaultAnimBoneCompressionSettings.uasset" 732
"../../../Engine/Content/Animation/DefaultAnimBoneCompressionSettings.uexp" 733
"../../../Engine/Content/Animation/DefaultAnimCurveCompressionSettings.uasset" 734
"../../../Engine/Content/Animation/DefaultAnimCurveCompressionSettings.uexp" 735
"E:/Unreal Projects/Survival/Content/Assets/Knight/Player_Idle_Relaxed.uasset" 736
"E:/Unreal Projects/Survival/Content/Assets/Knight/Player_Idle_Relaxed.uexp" 737
"E:/Unreal Projects/Survival/Content/Assets/Knight/Player_Run_Backward.uasset" 738
"E:/Unreal Projects/Survival/Content/Assets/Knight/Player_Run_Backward.uexp" 739
"E:/Unreal Projects/Survival/Content/Assets/Knight/Player_Run_Forward.uasset" 740
"E:/Unreal Projects/Survival/Content/Assets/Knight/Player_Run_Forward.uexp" 741
"E:/Unreal Projects/Survival/Content/Assets/Knight/Player_Run_Left.uasset" 742
"E:/Unreal Projects/Survival/Content/Assets/Knight/Player_Run_Left.uexp" 743
"E:/Unreal Projects/Survival/Content/Assets/Knight/Player_Run_Right.uasset" 744
"E:/Unreal Projects/Survival/Content/Assets/Knight/Player_Run_Right.uexp" 745
"E:/Unreal Projects/Survival/Content/Assets/Knight/Player_Sprint.uasset" 746
"E:/Unreal Projects/Survival/Content/Assets/Knight/Player_Sprint.uexp" 747
"E:/Unreal Projects/Survival/Content/Assets/Knight/MovementBlendSpace.uasset" 748
"E:/Unreal Projects/Survival/Content/Assets/Knight/MovementBlendSpace.uexp" 749
"E:/Unreal Projects/Survival/Content/Assets/Knight/Player_Land.uasset" 750
"E:/Unreal Projects/Survival/Content/Assets/Knight/Player_Land.uexp" 751
"E:/Unreal Projects/Survival/Content/Assets/Knight/Player_Jump_Forward.uasset" 752
"E:/Unreal Projects/Survival/Content/Assets/Knight/Player_Jump_Forward.uexp" 753
"E:/Unreal Projects/Survival/Content/Assets/Knight/Player_Falling.uasset" 754
"E:/Unreal Projects/Survival/Content/Assets/Knight/Player_Falling.uexp" 755
"../../../Engine/Content/Functions/Engine_MaterialFunctions01/Density/ExponentialDensity.uasset" 756
"../../../Engine/Content/Functions/Engine_MaterialFunctions01/Density/ExponentialDensity.uexp" 757
"../../../Engine/Content/Functions/Engine_MaterialFunctions01/Gradient/RadialGradientExponential.uasset" 758
"../../../Engine/Content/Functions/Engine_MaterialFunctions01/Gradient/RadialGradientExponential.uexp" 759
"E:/Unreal Projects/Survival/Content/Assets/Effects/M_SimpleSpot.uasset" 760
"E:/Unreal Projects/Survival/Content/Assets/Effects/M_SimpleSpot.uexp" 761
"E:/Unreal Projects/Survival/Content/Assets/Effects/P_Fire.uasset" 762
"E:/Unreal Projects/Survival/Content/Assets/Effects/P_Fire.uexp" 763
"E:/Unreal Projects/Survival/Content/Assets/Effects/P_Charge.uasset" 764
"E:/Unreal Projects/Survival/Content/Assets/Effects/P_Charge.uexp" 765
"E:/Unreal Projects/Survival/Content/Assets/Knight/Player_Shoot.uasset" 766
"E:/Unreal Projects/Survival/Content/Assets/Knight/Player_Shoot.uexp" 767
"E:/Unreal Projects/Survival/Content/Assets/Knight/Player_Magic_Switch.uasset" 768
"E:/Unreal Projects/Survival/Content/Assets/Knight/Player_Magic_Switch.uexp" 769
"E:/Unreal Projects/Survival/Content/Assets/Knight/MagicShootMontage.uasset" 770
"E:/Unreal Projects/Survival/Content/Assets/Knight/MagicShootMontage.uexp" 771
"E:/Unreal Projects/Survival/Content/Assets/Knight/Swing2_End.uasset" 772
"E:/Unreal Projects/Survival/Content/Assets/Knight/Swing2_End.uexp" 773
"E:/Unreal Projects/Survival/Content/Assets/Knight/Player_Attack_2.uasset" 774
"E:/Unreal Projects/Survival/Content/Assets/Knight/Player_Attack_2.uexp" 775
"E:/Unreal Projects/Survival/Content/Assets/Knight/Player_Attack_1.uasset" 776
"E:/Unreal Projects/Survival/Content/Assets/Knight/Player_Attack_1.uexp" 777
"E:/Unreal Projects/Survival/Content/Assets/Knight/Swing1_End.uasset" 778
"E:/Unreal Projects/Survival/Content/Assets/Knight/Swing1_End.uexp" 779
"E:/Unreal Projects/Survival/Content/Assets/Knight/KnightAttackMontage.uasset" 780
"E:/Unreal Projects/Survival/Content/Assets/Knight/KnightAttackMontage.uexp" 781
"../../../Engine/Content/EngineMaterials/BlendFunc_DefBase.uasset" 782
"../../../Engine/Content/EngineMaterials/BlendFunc_DefBase.uexp" 783
"../../../Engine/Content/EngineMaterials/BlendFunc_DefBlend.uasset" 784
"../../../Engine/Content/EngineMaterials/BlendFunc_DefBlend.uexp" 785
"../../../Engine/Content/Functions/Engine_MaterialFunctions03/Blends/Blend_Overlay.uasset" 786
"../../../Engine/Content/Functions/Engine_MaterialFunctions03/Blends/Blend_Overlay.uexp" 787
"E:/Unreal Projects/Survival/Content/Assets/Knight/T_Player_D.uasset" 788
"E:/Unreal Projects/Survival/Content/Assets/Knight/T_Player_D.uexp" 789
"E:/Unreal Projects/Survival/Content/Assets/Knight/T_Player_D.ubulk" 790
"E:/Unreal Projects/Survival/Content/Assets/Knight/T_Player_M.uasset" 791
"E:/Unreal Projects/Survival/Content/Assets/Knight/T_Player_M.uexp" 792
"E:/Unreal Projects/Survival/Content/Assets/Knight/T_Player_M.ubulk" 793
"E:/Unreal Projects/Survival/Content/Assets/Knight/T_Player_Med_N.uasset" 794
"E:/Unreal Projects/Survival/Content/Assets/Knight/T_Player_Med_N.uexp" 795
"E:/Unreal Projects/Survival/Content/Assets/Knight/T_Player_Med_N.ubulk" 796
"E:/Unreal Projects/Survival/Content/Assets/Knight/M_KnightMaster.uasset" 797
"E:/Unreal Projects/Survival/Content/Assets/Knight/M_KnightMaster.uexp" 798
"E:/Unreal Projects/Survival/Content/Assets/Knight/Phys_KnightGirl.uasset" 799
"E:/Unreal Projects/Survival/Content/Assets/Knight/Phys_KnightGirl.uexp" 800
"E:/Unreal Projects/Survival/Content/Assets/Knight/SK_KnightGirl.uasset" 801
"E:/Unreal Projects/Survival/Content/Assets/Knight/SK_KnightGirl.uexp" 802
"E:/Unreal Projects/Survival/Content/Assets/Knight/Player_Death.uasset" 803
"E:/Unreal Projects/Survival/Content/Assets/Knight/Player_Death.uexp" 804
"E:/Unreal Projects/Survival/Content/Assets/Knight/PlayerDeath.uasset" 805
"E:/Unreal Projects/Survival/Content/Assets/Knight/PlayerDeath.uexp" 806
"E:/Unreal Projects/Survival/Content/Assets/Knight/Player_Flinch_Big.uasset" 807
"E:/Unreal Projects/Survival/Content/Assets/Knight/Player_Flinch_Big.uexp" 808
"E:/Unreal Projects/Survival/Content/Assets/Knight/Player_Flinch_Small.uasset" 809
"E:/Unreal Projects/Survival/Content/Assets/Knight/Player_Flinch_Small.uexp" 810
"E:/Unreal Projects/Survival/Content/Assets/Knight/PlayerFlinch.uasset" 811
"E:/Unreal Projects/Survival/Content/Assets/Knight/PlayerFlinch.uexp" 812
"E:/Unreal Projects/Survival/Content/Assets/Knight/Victory.uasset" 813
"E:/Unreal Projects/Survival/Content/Assets/Knight/Victory.uexp" 814
"E:/Unreal Projects/Survival/Content/Assets/Knight/Victory_Montage.uasset" 815
"E:/Unreal Projects/Survival/Content/Assets/Knight/Victory_Montage.uexp" 816
"E:/Unreal Projects/Survival/Content/Assets/Effects/P_Impulse.uasset" 817
"E:/Unreal Projects/Survival/Content/Assets/Effects/P_Impulse.uexp" 818
"E:/Unreal Projects/Survival/Content/Assets/Effects/P_Flight.uasset" 819
"E:/Unreal Projects/Survival/Content/Assets/Effects/P_Flight.uexp" 820
"E:/Unreal Projects/Survival/Content/Assets/Effects/P_Health.uasset" 821
"E:/Unreal Projects/Survival/Content/Assets/Effects/P_Health.uexp" 822
"E:/Unreal Projects/Survival/Content/Maps/SihoonCastleLevel.uexp" 823
"E:/Unreal Projects/Survival/Content/Maps/SihoonCastleLevel.ubulk" 824
"E:/Unreal Projects/Survival/Content/Maps/SihoonCastleLevel.umap" 825
"../../../Engine/Content/Maps/Entry_BuiltData.uasset" 826
"../../../Engine/Content/Maps/Entry_BuiltData.uexp" 827
"../../../Engine/Content/Maps/Entry.uexp" 828
"../../../Engine/Content/Maps/Entry.umap" 829
